MPASM  5.51                           ADC.ASM   3-10-2022  14:12:36         PAGE  1


LOC  OBJECT CODE     LINE SOURCE TEXT
  VALUE

                      00001 ;PROCESSOR      P16F887
                      00002 ;       INCLUDE         <P16F887.INC>
                      00003 ;
                      00004 ;__CONFIG _CONFIG1, (_INTRC_OSC_NOCLKOUT & _WDT_OFF & _PWRTE_OFF & _MCLRE_OFF & _CP_OFF & _CPD_OFF & _BO
                            R_OFF & _IESO_OFF & _FCMEN_OFF & _LVP_OFF & _DEBUG_OFF)
                      00005 ;__CONFIG _CONFIG2, (_WRT_OFF & _BOR40V)
                      00006 ;
                      00007 ;NX             EQU             0x20
                      00008 ;XU             EQU             0x21
                      00009 ;XD             EQU             0x22
                      00010 ;XC             EQU             0X23
                      00011 ;XM             EQU             0x24
                      00012 ;
                      00013 ;               ORG             0x00    ;VECTOR RESTAURACION
                      00014 ;       
                      00015 ;               BANKSEL ANSEL
                      00016 ;               MOVLW   0x60    ;CAMBIO BANCO 3
                      00017 ;               MOVWF   ANSEL   ;LE CAMBIE AQUI XD
                      00018 ;               CLRF    ANSELH
                      00019 ;       
                      00020 ;               BANKSEL TRISA   ;CAMBIO BANCO 1
                      00021 ;               MOVLW   0xFF
                      00022 ;               MOVWF   TRISB
                      00023 ;               CLRF    TRISA
                      00024 ;               MOVLW   0x01
                      00025 ;               MOVWF   TRISC
                      00026 ;               CLRF    TRISD
                      00027 ;               MOVLW   0x03
                      00028 ;               MOVWF   TRISE
                      00029 ;               CLRF    ADCON0
                      00030 ;               MOVLW   0xD6
                      00031 ;               MOVWF   OPTION_REG              
                      00032 ;       
                      00033 ;               BANKSEL PORTA   ;CAMBIO BANCO 0
                      00034 ;
                      00035 ;RXM            CLRF    XM
                      00036 ;RXC            CLRF    XC
                      00037 ;RXD            CLRF    XD
                      00038 ;RXU            CLRF    XU
                      00039 ;
                      00040 ;RNX            MOVLW   0x28
                      00041 ;               CLRF    NX      ;40
                      00042 ;C_P            MOVF    XU,W
                      00043 ;               CALL    T7S
                      00044 ;               MOVWF   PORTA
                      00045 ;               MOVLW   0x01
                      00046 ;               MOVWF   PORTC
                      00047 ;               CALL    RET
                      00048 ;               
                      00049 ;               MOVF    XD,W
                      00050 ;               CALL    T7S
                      00051 ;               MOVWF   PORTA
                      00052 ;               MOVLW   0x02
MPASM  5.51                           ADC.ASM   3-10-2022  14:12:36         PAGE  2


LOC  OBJECT CODE     LINE SOURCE TEXT
  VALUE

                      00053 ;               MOVWF   PORTC
                      00054 ;               CALL    RET             
                      00055 ;
                      00056 ;               MOVF    XC,W
                      00057 ;               CALL    T7S
                      00058 ;               MOVWF   PORTA
                      00059 ;               MOVLW   0x04
                      00060 ;               MOVWF   PORTC
                      00061 ;               CALL    RET
                      00062 ;
                      00063 ;               MOVF    XM,W
                      00064 ;               CALL    T7S
                      00065 ;               MOVWF   PORTA
                      00066 ;               MOVLW   0x08
                      00067 ;               MOVWF   PORTC
                      00068 ;               CALL    RET
                      00069 ;
                      00070 ;               DECFSZ  NX,F
                      00071 ;               GOTO    C_P
                      00072 ;
                      00073 ;               INCF    XU,F
                      00074 ;               MOVLW   0x0A
                      00075 ;               SUBWF   XU,W
                      00076 ;               BTFSS   STATUS,Z
                      00077 ;               GOTO    RXC
                      00078 ;               
                      00079 ;               INCF    XC,F
                      00080 ;               MOVLW   0x0A
                      00081 ;               SUBWF   XC,W
                      00082 ;               BTFSS   STATUS,Z
                      00083 ;               GOTO    RXD
                      00084 ;
                      00085 ;               INCF    XD,F
                      00086 ;               MOVLW   0x0A
                      00087 ;               SUBWF   XD,W
                      00088 ;               BTFSS   STATUS,Z
                      00089 ;               GOTO    RXM
                      00090 ;
                      00091 ;               INCF    XM,F
                      00092 ;               MOVLW   0x0A
                      00093 ;               SUBWF   XM,W
                      00094 ;               BTFSS   STATUS,Z
                      00095 ;               GOTO    RXC
                      00096 ;               GOTO    RXM
                      00097 ;
                      00098 ;T7S            ADDWF   PCL,F
                      00099 ;               RETLW   0x3F
                      00100 ;               RETLW   0x06
                      00101 ;               RETLW   0x5B
                      00102 ;               RETLW   0x4F
                      00103 ;               RETLW   0x66
                      00104 ;               RETLW   0x6D
                      00105 ;               RETLW   0x7D    
MPASM  5.51                           ADC.ASM   3-10-2022  14:12:36         PAGE  3


LOC  OBJECT CODE     LINE SOURCE TEXT
  VALUE

                      00106 ;               RETLW   0x07
                      00107 ;               RETLW   0x7F
                      00108 ;               RETLW   0x67
                      00109 ;
                      00110 ;RET            MOVLW   0xD7
                      00111 ;               MOVWF   TMR0
                      00112 ;ET0IFX BTFSS   INTCON, T0IF
                      00113 ;               GOTO    ET0IFX
                      00114 ;               BCF             INTCON, T0IF
                      00115 ;               RETURN
                      00116 ;
                      00117 ;               END
                      00118 
                      00119 ;PROCESSOR      P16F887
                      00120 ;               INCLUDE         <P16F887.INC>
                      00121 ;
                      00122 ;__CONFIG _CONFIG1, (_INTRC_OSC_NOCLKOUT & _WDT_OFF & _PWRTE_OFF & _MCLRE_OFF & _CP_OFF & _CPD_OFF & _BO
                            R_OFF & _IESO_OFF & _FCMEN_OFF & _LVP_OFF & _DEBUG_OFF)
                      00123 ;__CONFIG _CONFIG2, (_WRT_OFF & _BOR40V)
                      00124 ;
                      00125 ;CT             EQU             0x20
                      00126 ;               ORG     0x00    
                      00127 ;
                      00128 ;NX             EQU     0x20    
                      00129 ;XM             EQU     0x24
                      00130 ;XC             EQU     0x23
                      00131 ;XD             EQU     0x22
                      00132 ;XU             EQU     0x21
                      00133 ;
                      00134 ;        BANKSEL ANSEL  ;CAMBIO BANCO 3
                      00135 ;               CLRF    ANSEL
                      00136 ;               CLRF    ANSELH
                      00137 ;       
                      00138 ;               BANKSEL TRISA   ;CAMBIO BANCO 1
                      00139 ;               CLRF    TRISA   
                      00140 ;               MOVLW   0xFF
                      00141 ;               MOVWF   TRISB
                      00142 ;               CLRF    TRISC
                      00143 ;               CLRF    TRISD
                      00144 ;               CLRF    TRISE
                      00145 ;
                      00146 ;               MOVLW   0xD6
                      00147 ;               MOVWF   OPTION_REG
                      00148 ;       
                      00149 ;               BANKSEL PORTA   ;CAMBIO BANCO 0
                      00150 ;
                      00151 ;RXM    CLRF    XM
                      00152 ;RXC    CLRF    XC
                      00153 ;RXD    CLRF    XD
                      00154 ;RXU    CLRF    XU
                      00155 ;       
                      00156 ;RNX    MOVLW   0x05
                      00157 ;       MOVWF   NX
MPASM  5.51                           ADC.ASM   3-10-2022  14:12:36         PAGE  4


LOC  OBJECT CODE     LINE SOURCE TEXT
  VALUE

                      00158 ;C_P    MOVF    XU,W
                      00159 ;       CALL    T7S
                      00160 ;       MOVWF   PORTA
                      00161 ;       MOVLW   0x01
                      00162 ;       MOVWF   PORTC
                      00163 ;       CALL    RET             ;6.25ms
                      00164 ;       
                      00165 ;       MOVF    XD,W
                      00166 ;       CALL    T7S
                      00167 ;       MOVWF   PORTA
                      00168 ;       MOVLW   0x02
                      00169 ;       MOVWF   PORTC
                      00170 ;       CALL    RET             ;6.25ms 
                      00171 ;
                      00172 ;       MOVF    XC,W
                      00173 ;       CALL    T7S
                      00174 ;       MOVWF   PORTA
                      00175 ;       MOVLW   0x04
                      00176 ;       MOVWF   PORTC
                      00177 ;       CALL    RET             ;6.25ms
                      00178 ;
                      00179 ;       MOVF    XM,W
                      00180 ;       CALL    T7S
                      00181 ;       MOVWF   PORTA
                      00182 ;       MOVLW   0x08
                      00183 ;       MOVWF   PORTC
                      00184 ;       CALL    RET             ;6.25ms
                      00185 ;       DECFSZ  NX,F
                      00186 ;       GOTO    C_P
                      00187 ;
                      00188 ;       INCF    XU,F
                      00189 ;       MOVLW   0x0A
                      00190 ;       SUBWF   XU,W
                      00191 ;       BTFSS   STATUS,Z
                      00192 ;       GOTO    RNX
                      00193 ;       GOTO    RXC
                      00194 ;       
                      00195 ;       INCF    XD,F
                      00196 ;       MOVLW   0x0A
                      00197 ;       SUBWF   XD,W
                      00198 ;       BTFSS   STATUS,Z
                      00199 ;       GOTO    RXU
                      00200 ;       
                      00201 ;       INCF    XC,F
                      00202 ;       MOVLW   0x0A
                      00203 ;       SUBWF   XC,W
                      00204 ;       BTFSS   STATUS,Z
                      00205 ;       GOTO    RXD
                      00206 ;
                      00207 ;       INCF    XM,F
                      00208 ;       MOVLW   0x0A
                      00209 ;       SUBWF   XM,W
                      00210 ;       BTFSS   STATUS,Z
MPASM  5.51                           ADC.ASM   3-10-2022  14:12:36         PAGE  5


LOC  OBJECT CODE     LINE SOURCE TEXT
  VALUE

                      00211 ;       GOTO    RXC
                      00212 ;
                      00213 ;
                      00214 ;T7S    ADDWF   PCL,F
                      00215 ;       RETLW   0x3F
                      00216 ;       RETLW   0x06
                      00217 ;       RETLW   0x5B
                      00218 ;       RETLW   0x4F
                      00219 ;               RETLW   0x66
                      00220 ;               RETLW   0x6D
                      00221 ;               RETLW   0x7D
                      00222 ;               RETLW   0x07
                      00223 ;               RETLW   0x7F
                      00224 ;               RETLW   0x67
                      00225 ;
                      00226 ;RET            MOVLW   0xD8
                      00227 ;               MOVWF   TMR0
                      00228 ;ET0IFX BTFSS   INTCON,T0IF
                      00229 ;               GOTO    ET0IFX
                      00230 ;               BCF             INTCON,T0IF
                      00231 ;               RETURN
                      00232 ;
                      00233 ;               END
                      00234 
                      00235 
Warning[205]: Found directive in column 1. (PROCESSOR)
Warning[215]: Processor superseded by command line.  Verify processor symbol.
                      00236 PROCESSOR       P16F887
                      00237                 INCLUDE         <P16F887.INC>
                      00001         LIST
                      00002 
                      00003 ;==========================================================================
                      00004 ;  MPASM PIC16F887 processor include
                      00005 ; 
                      00006 ;  (c) Copyright 1999-2013 Microchip Technology, All rights reserved
                      00007 ;==========================================================================
                      00008 
                      00809         LIST
                      00238 
2007   20D4           00239                 __CONFIG _CONFIG1, (_INTRC_OSC_NOCLKOUT & _WDT_OFF & _PWRTE_OFF & _MCLRE_OFF & _CP_OFF &
                             _CPD_OFF & _BOR_OFF & _IESO_OFF & _FCMEN_OFF & _LVP_OFF & _DEBUG_OFF)
2008   3FFF           00240                 __CONFIG _CONFIG2, (_WRT_OFF & _BOR40V)
                      00241 
  00000020            00242 CT              EQU             0x20
                      00243 
0000                  00244                 ORG     0x00    
                      00245 
  00000020            00246 NX              EQU     0x20    
  00000024            00247 XM              EQU     0x24
  00000023            00248 XC              EQU     0x23
  00000022            00249 XD              EQU     0x22
  00000021            00250 XU              EQU     0x21
                      00251 
MPASM  5.51                           ADC.ASM   3-10-2022  14:12:36         PAGE  6


LOC  OBJECT CODE     LINE SOURCE TEXT
  VALUE

0000   1683 1703      00252         BANKSEL ANSEL   ;CAMBIO BANCO 3
Message[302]: Register in operand not in bank 0.  Ensure that bank bits are correct.
0002   0188           00253                 CLRF    ANSEL
Message[302]: Register in operand not in bank 0.  Ensure that bank bits are correct.
0003   0189           00254                 CLRF    ANSELH
                      00255         
0004   1683 1303      00256                 BANKSEL TRISA   ;CAMBIO BANCO 1
Message[302]: Register in operand not in bank 0.  Ensure that bank bits are correct.
0006   0185           00257                 CLRF    TRISA   
0007   30FF           00258                 MOVLW   0xFF
Message[302]: Register in operand not in bank 0.  Ensure that bank bits are correct.
0008   0086           00259                 MOVWF   TRISB
Message[302]: Register in operand not in bank 0.  Ensure that bank bits are correct.
0009   0187           00260                 CLRF    TRISC
Message[302]: Register in operand not in bank 0.  Ensure that bank bits are correct.
000A   0188           00261                 CLRF    TRISD
Message[302]: Register in operand not in bank 0.  Ensure that bank bits are correct.
000B   0189           00262                 CLRF    TRISE
                      00263 
000C   3000           00264                 MOVLW   0x00
Message[302]: Register in operand not in bank 0.  Ensure that bank bits are correct.
000D   0081           00265                 MOVWF   OPTION_REG
                      00266         
000E   1283 1303      00267                 BANKSEL PORTA   ;CAMBIO BANCO 0 
                      00268 
0010   01A4           00269 RXM             CLRF    XM
0011   01A3           00270 RXC             CLRF    XC
0012   01A2           00271 RXD             CLRF    XD
0013   01A1           00272 RXU             CLRF    XU
                      00273         
0014   303C           00274 RNX             MOVLW   0x3C
0015   00A0           00275                 MOVWF   NX
0016   0821           00276 C_P             MOVF    XU,W
0017   2045           00277                 CALL    T7S
0018   0085           00278                 MOVWF   PORTA
0019   3001           00279                 MOVLW   0x01
001A   0087           00280                 MOVWF   PORTC
001B   2050           00281                 CALL    RET             ;6.25ms
                      00282         
001C   0822           00283                 MOVF    XD,W
001D   2045           00284                 CALL    T7S
001E   0085           00285                 MOVWF   PORTA
001F   3002           00286                 MOVLW   0x02
0020   0087           00287                 MOVWF   PORTC
0021   2050           00288                 CALL    RET             ;6.25ms 
                      00289 
0022   0823           00290                 MOVF    XC,W
0023   2045           00291                 CALL    T7S
0024   0085           00292                 MOVWF   PORTA
0025   3004           00293                 MOVLW   0x04
0026   0087           00294                 MOVWF   PORTC
0027   2050           00295                 CALL    RET             ;6.25ms
                      00296 
MPASM  5.51                           ADC.ASM   3-10-2022  14:12:36         PAGE  7


LOC  OBJECT CODE     LINE SOURCE TEXT
  VALUE

0028   0824           00297                 MOVF    XM,W
0029   2045           00298                 CALL    T7S
002A   0085           00299                 MOVWF   PORTA
002B   3008           00300                 MOVLW   0x08
002C   0087           00301                 MOVWF   PORTC
002D   2050           00302                 CALL    RET             ;6.25ms
                      00303 
002E   0BA0           00304                 DECFSZ  NX,F
002F   2816           00305                 GOTO    C_P
                      00306 
0030   0AA1           00307                 INCF    XU,F
0031   300A           00308                 MOVLW   0x0A
0032   0221           00309                 SUBWF   XU,W
0033   1D03           00310                 BTFSS   STATUS,Z
0034   2814           00311                 GOTO    RNX
                      00312         
0035   0AA2           00313                 INCF    XD,F
0036   300A           00314                 MOVLW   0x0A
0037   0222           00315                 SUBWF   XD,W
0038   1D03           00316                 BTFSS   STATUS,Z
0039   2813           00317                 GOTO    RXU
                      00318         
003A   0AA3           00319                 INCF    XC,F
003B   300A           00320                 MOVLW   0x0A
003C   0223           00321                 SUBWF   XC,W
003D   1D03           00322                 BTFSS   STATUS,Z
003E   2812           00323                 GOTO    RXD
                      00324 
003F   0AA4           00325                 INCF    XM,F
0040   300A           00326                 MOVLW   0x0A
0041   0224           00327                 SUBWF   XM,W
0042   1D03           00328                 BTFSS   STATUS,Z
0043   2811           00329                 GOTO    RXC
0044   2810           00330                 GOTO    RXM
                      00331 
0045   0782           00332 T7S             ADDWF   PCL,F
                      00333 
0046   3467           00334                 RETLW   0x67
0047   347F           00335                 RETLW   0x7F
0048   3407           00336                 RETLW   0x07
0049   347D           00337                 RETLW   0x7D
004A   346D           00338                 RETLW   0x6D
004B   3466           00339                 RETLW   0x66
004C   344F           00340                 RETLW   0x4F
004D   345B           00341                 RETLW   0x5B
004E   3406           00342                 RETLW   0x06
004F   343F           00343                 RETLW   0x3F
                      00344 
                      00345 ;               RETLW   0x3F
                      00346 ;               RETLW   0x06
                      00347 ;               RETLW   0x5B
                      00348 ;               RETLW   0x4F
                      00349 ;               RETLW   0x66
MPASM  5.51                           ADC.ASM   3-10-2022  14:12:36         PAGE  8


LOC  OBJECT CODE     LINE SOURCE TEXT
  VALUE

                      00350 ;               RETLW   0x6D
                      00351 ;               RETLW   0x7D
                      00352 ;               RETLW   0x07
                      00353 ;               RETLW   0x7F
                      00354 ;               RETLW   0x67
                      00355 
0050   3030           00356 RET             MOVLW   0x30
0051   0081           00357                 MOVWF   TMR0
0052   1D0B           00358 ET0IFX  BTFSS   INTCON,T0IF
0053   2852           00359                 GOTO    ET0IFX
0054   110B           00360                 BCF             INTCON,T0IF
0055   0008           00361                 RETURN
                      00362 
                      00363                 END
MPASM  5.51                           ADC.ASM   3-10-2022  14:12:36         PAGE  9


SYMBOL TABLE
  LABEL                             VALUE 

ABDEN                             00000000
ABDOVF                            00000007
ACKDT                             00000005
ACKEN                             00000004
ACKSTAT                           00000006
ADCON0                            0000001F
ADCON1                            0000009F
ADCS0                             00000006
ADCS1                             00000007
ADDEN                             00000003
ADFM                              00000007
ADIE                              00000006
ADIF                              00000006
ADON                              00000000
ADRESH                            0000001E
ADRESL                            0000009E
ANS0                              00000000
ANS1                              00000001
ANS10                             00000002
ANS11                             00000003
ANS12                             00000004
ANS13                             00000005
ANS2                              00000002
ANS3                              00000003
ANS4                              00000004
ANS5                              00000005
ANS6                              00000006
ANS7                              00000007
ANS8                              00000000
ANS9                              00000001
ANSEL                             00000188
ANSELH                            00000189
BAUDCTL                           00000187
BCLIE                             00000003
BCLIF                             00000003
BF                                00000000
BRG0                              00000000
BRG1                              00000001
BRG10                             00000002
BRG11                             00000003
BRG12                             00000004
BRG13                             00000005
BRG14                             00000006
BRG15                             00000007
BRG16                             00000003
BRG2                              00000002
BRG3                              00000003
BRG4                              00000004
BRG5                              00000005
BRG6                              00000006
BRG7                              00000007
BRG8                              00000000
BRG9                              00000001
MPASM  5.51                           ADC.ASM   3-10-2022  14:12:36         PAGE 10


SYMBOL TABLE
  LABEL                             VALUE 

BRGH                              00000002
C                                 00000000
C1CH0                             00000000
C1CH1                             00000001
C1IE                              00000005
C1IF                              00000005
C1OE                              00000005
C1ON                              00000007
C1OUT                             00000006
C1POL                             00000004
C1R                               00000002
C1RSEL                            00000005
C1SEN                             00000005
C2CH0                             00000000
C2CH1                             00000001
C2IE                              00000006
C2IF                              00000006
C2OE                              00000005
C2ON                              00000007
C2OUT                             00000006
C2POL                             00000004
C2R                               00000002
C2REN                             00000004
C2RSEL                            00000004
C2SYNC                            00000000
CCP1CON                           00000017
CCP1IE                            00000002
CCP1IF                            00000002
CCP1M0                            00000000
CCP1M1                            00000001
CCP1M2                            00000002
CCP1M3                            00000003
CCP1X                             00000005
CCP1Y                             00000004
CCP2CON                           0000001D
CCP2IE                            00000000
CCP2IF                            00000000
CCP2M0                            00000000
CCP2M1                            00000001
CCP2M2                            00000002
CCP2M3                            00000003
CCP2X                             00000005
CCP2Y                             00000004
CCPR1                             00000015
CCPR1H                            00000016
CCPR1L                            00000015
CCPR2                             0000001B
CCPR2H                            0000001C
CCPR2L                            0000001B
CHS0                              00000002
CHS1                              00000003
CHS2                              00000004
CHS3                              00000005
MPASM  5.51                           ADC.ASM   3-10-2022  14:12:36         PAGE 11


SYMBOL TABLE
  LABEL                             VALUE 

CKE                               00000006
CKP                               00000004
CM1CON0                           00000107
CM2CON0                           00000108
CM2CON1                           00000109
CREN                              00000004
CSRC                              00000007
CT                                00000020
C_P                               00000016
D                                 00000005
DATA_ADDRESS                      00000005
DC                                00000001
DC1B0                             00000004
DC1B1                             00000005
DC2B0                             00000004
DC2B1                             00000005
D_A                               00000005
D_NOT_A                           00000005
ECCPAS                            0000009C
ECCPAS0                           00000004
ECCPAS1                           00000005
ECCPAS2                           00000006
ECCPASE                           00000007
EEADR                             0000010D
EEADRH                            0000010F
EECON1                            0000018C
EECON2                            0000018D
EEDAT                             0000010C
EEDATA                            0000010C
EEDATH                            0000010E
EEIE                              00000004
EEIF                              00000004
EEPGD                             00000007
ET0IFX                            00000052
F                                 00000001
FERR                              00000002
FSR                               00000004
FVREN                             00000000
GCEN                              00000007
GIE                               00000007
GO                                00000001
GO_DONE                           00000001
GO_NOT_DONE                       00000001
HTS                               00000002
I2C_DATA                          00000005
I2C_READ                          00000002
I2C_START                         00000003
I2C_STOP                          00000004
INDF                              00000000
INTCON                            0000000B
INTE                              00000004
INTEDG                            00000006
INTF                              00000001
MPASM  5.51                           ADC.ASM   3-10-2022  14:12:36         PAGE 12


SYMBOL TABLE
  LABEL                             VALUE 

IOCB                              00000096
IOCB0                             00000000
IOCB1                             00000001
IOCB2                             00000002
IOCB3                             00000003
IOCB4                             00000004
IOCB5                             00000005
IOCB6                             00000006
IOCB7                             00000007
IRCF0                             00000004
IRCF1                             00000005
IRCF2                             00000006
IRP                               00000007
LTS                               00000001
MC1OUT                            00000007
MC2OUT                            00000006
MSK                               00000093
MSK0                              00000000
MSK1                              00000001
MSK2                              00000002
MSK3                              00000003
MSK4                              00000004
MSK5                              00000005
MSK6                              00000006
MSK7                              00000007
NOT_A                             00000005
NOT_ADDRESS                       00000005
NOT_BO                            00000000
NOT_BOR                           00000000
NOT_DONE                          00000001
NOT_PD                            00000003
NOT_POR                           00000001
NOT_RBPU                          00000007
NOT_RC8                           00000006
NOT_T1SYNC                        00000002
NOT_TO                            00000004
NOT_TX8                           00000006
NOT_W                             00000002
NOT_WRITE                         00000002
NX                                00000020
OERR                              00000001
OPTION_REG                        00000081
OSCCON                            0000008F
OSCTUNE                           00000090
OSFIE                             00000007
OSFIF                             00000007
OSTS                              00000003
P                                 00000004
P1M0                              00000006
P1M1                              00000007
PCL                               00000002
PCLATH                            0000000A
PCON                              0000008E
MPASM  5.51                           ADC.ASM   3-10-2022  14:12:36         PAGE 13


SYMBOL TABLE
  LABEL                             VALUE 

PDC0                              00000000
PDC1                              00000001
PDC2                              00000002
PDC3                              00000003
PDC4                              00000004
PDC5                              00000005
PDC6                              00000006
PEIE                              00000006
PEN                               00000002
PIE1                              0000008C
PIE2                              0000008D
PIR1                              0000000C
PIR2                              0000000D
PORTA                             00000005
PORTB                             00000006
PORTC                             00000007
PORTD                             00000008
PORTE                             00000009
PR2                               00000092
PRSEN                             00000007
PS0                               00000000
PS1                               00000001
PS2                               00000002
PSA                               00000003
PSSAC0                            00000002
PSSAC1                            00000003
PSSBD0                            00000000
PSSBD1                            00000001
PSTRCON                           0000009D
PULSR                             00000002
PULSS                             00000003
PWM1CON                           0000009B
R                                 00000002
RA0                               00000000
RA1                               00000001
RA2                               00000002
RA3                               00000003
RA4                               00000004
RA5                               00000005
RA6                               00000006
RA7                               00000007
RB0                               00000000
RB1                               00000001
RB2                               00000002
RB3                               00000003
RB4                               00000004
RB5                               00000005
RB6                               00000006
RB7                               00000007
RBIE                              00000003
RBIF                              00000000
RC0                               00000000
RC1                               00000001
MPASM  5.51                           ADC.ASM   3-10-2022  14:12:36         PAGE 14


SYMBOL TABLE
  LABEL                             VALUE 

RC2                               00000002
RC3                               00000003
RC4                               00000004
RC5                               00000005
RC6                               00000006
RC7                               00000007
RC8_9                             00000006
RC9                               00000006
RCD8                              00000000
RCEN                              00000003
RCIDL                             00000006
RCIE                              00000005
RCIF                              00000005
RCREG                             0000001A
RCSTA                             00000018
RD                                00000000
RD0                               00000000
RD1                               00000001
RD2                               00000002
RD3                               00000003
RD4                               00000004
RD5                               00000005
RD6                               00000006
RD7                               00000007
RE0                               00000000
RE1                               00000001
RE2                               00000002
RE3                               00000003
READ_WRITE                        00000002
RET                               00000050
RNX                               00000014
RP0                               00000005
RP1                               00000006
RSEN                              00000001
RX9                               00000006
RX9D                              00000000
RXC                               00000011
RXD                               00000012
RXM                               00000010
RXU                               00000013
R_NOT_W                           00000002
R_W                               00000002
S                                 00000003
SBOREN                            00000004
SCKP                              00000004
SCS                               00000000
SEN                               00000000
SENDB                             00000003
SMP                               00000007
SPBRG                             00000099
SPBRGH                            0000009A
SPEN                              00000007
SR0                               00000006
MPASM  5.51                           ADC.ASM   3-10-2022  14:12:36         PAGE 15


SYMBOL TABLE
  LABEL                             VALUE 

SR1                               00000007
SRCON                             00000185
SREN                              00000005
SSPADD                            00000093
SSPBUF                            00000013
SSPCON                            00000014
SSPCON2                           00000091
SSPEN                             00000005
SSPIE                             00000003
SSPIF                             00000003
SSPM0                             00000000
SSPM1                             00000001
SSPM2                             00000002
SSPM3                             00000003
SSPMSK                            00000093
SSPOV                             00000006
SSPSTAT                           00000094
STATUS                            00000003
STRA                              00000000
STRB                              00000001
STRC                              00000002
STRD                              00000003
STRSYNC                           00000004
SWDTEN                            00000000
SYNC                              00000004
T0CS                              00000005
T0IE                              00000005
T0IF                              00000002
T0SE                              00000004
T1CKPS0                           00000004
T1CKPS1                           00000005
T1CON                             00000010
T1GINV                            00000007
T1GIV                             00000007
T1GSS                             00000001
T1INSYNC                          00000002
T1OSCEN                           00000003
T1SYNC                            00000002
T2CKPS0                           00000000
T2CKPS1                           00000001
T2CON                             00000012
T7S                               00000045
TMR0                              00000001
TMR0IE                            00000005
TMR0IF                            00000002
TMR1                              0000000E
TMR1CS                            00000001
TMR1GE                            00000006
TMR1H                             0000000F
TMR1IE                            00000000
TMR1IF                            00000000
TMR1L                             0000000E
TMR1ON                            00000000
MPASM  5.51                           ADC.ASM   3-10-2022  14:12:36         PAGE 16


SYMBOL TABLE
  LABEL                             VALUE 

TMR2                              00000011
TMR2IE                            00000001
TMR2IF                            00000001
TMR2ON                            00000002
TOUTPS0                           00000003
TOUTPS1                           00000004
TOUTPS2                           00000005
TOUTPS3                           00000006
TRISA                             00000085
TRISA0                            00000000
TRISA1                            00000001
TRISA2                            00000002
TRISA3                            00000003
TRISA4                            00000004
TRISA5                            00000005
TRISA6                            00000006
TRISA7                            00000007
TRISB                             00000086
TRISB0                            00000000
TRISB1                            00000001
TRISB2                            00000002
TRISB3                            00000003
TRISB4                            00000004
TRISB5                            00000005
TRISB6                            00000006
TRISB7                            00000007
TRISC                             00000087
TRISC0                            00000000
TRISC1                            00000001
TRISC2                            00000002
TRISC3                            00000003
TRISC4                            00000004
TRISC5                            00000005
TRISC6                            00000006
TRISC7                            00000007
TRISD                             00000088
TRISD0                            00000000
TRISD1                            00000001
TRISD2                            00000002
TRISD3                            00000003
TRISD4                            00000004
TRISD5                            00000005
TRISD6                            00000006
TRISD7                            00000007
TRISE                             00000089
TRISE0                            00000000
TRISE1                            00000001
TRISE2                            00000002
TRISE3                            00000003
TRMT                              00000001
TUN0                              00000000
TUN1                              00000001
TUN2                              00000002
MPASM  5.51                           ADC.ASM   3-10-2022  14:12:36         PAGE 17


SYMBOL TABLE
  LABEL                             VALUE 

TUN3                              00000003
TUN4                              00000004
TX8_9                             00000006
TX9                               00000006
TX9D                              00000000
TXD8                              00000000
TXEN                              00000005
TXIE                              00000004
TXIF                              00000004
TXREG                             00000019
TXSTA                             00000098
UA                                00000001
ULPWUE                            00000005
ULPWUIE                           00000002
ULPWUIF                           00000002
VCFG0                             00000004
VCFG1                             00000005
VR0                               00000000
VR1                               00000001
VR2                               00000002
VR3                               00000003
VRCON                             00000097
VREN                              00000007
VROE                              00000006
VRR                               00000005
VRSS                              00000004
W                                 00000000
WCOL                              00000007
WDTCON                            00000105
WDTPS0                            00000001
WDTPS1                            00000002
WDTPS2                            00000003
WDTPS3                            00000004
WPUB                              00000095
WPUB0                             00000000
WPUB1                             00000001
WPUB2                             00000002
WPUB3                             00000003
WPUB4                             00000004
WPUB5                             00000005
WPUB6                             00000006
WPUB7                             00000007
WR                                00000001
WREN                              00000002
WRERR                             00000003
WUE                               00000001
XC                                00000023
XD                                00000022
XM                                00000024
XU                                00000021
Z                                 00000002
_BOR21V                           00003EFF
_BOR40V                           00003FFF
MPASM  5.51                           ADC.ASM   3-10-2022  14:12:36         PAGE 18


SYMBOL TABLE
  LABEL                             VALUE 

_BOR4V_BOR21V                     00003EFF
_BOR4V_BOR40V                     00003FFF
_BOREN_NSLEEP                     00003EFF
_BOREN_OFF                        00003CFF
_BOREN_ON                         00003FFF
_BOREN_SBODEN                     00003DFF
_BOR_NSLEEP                       00003EFF
_BOR_OFF                          00003CFF
_BOR_ON                           00003FFF
_BOR_SBODEN                       00003DFF
_CONFIG1                          00002007
_CONFIG2                          00002008
_CPD_OFF                          00003FFF
_CPD_ON                           00003F7F
_CP_OFF                           00003FFF
_CP_ON                            00003FBF
_DEBUG_OFF                        00003FFF
_DEBUG_ON                         00001FFF
_DEVID1                           00002006
_EC_OSC                           00003FFB
_EXTRC                            00003FFF
_EXTRCIO                          00003FFE
_EXTRC_OSC_CLKOUT                 00003FFF
_EXTRC_OSC_NOCLKOUT               00003FFE
_FCMEN_OFF                        000037FF
_FCMEN_ON                         00003FFF
_FOSC_EC                          00003FFB
_FOSC_EXTRC_CLKOUT                00003FFF
_FOSC_EXTRC_NOCLKOUT              00003FFE
_FOSC_HS                          00003FFA
_FOSC_INTRC_CLKOUT                00003FFD
_FOSC_INTRC_NOCLKOUT              00003FFC
_FOSC_LP                          00003FF8
_FOSC_XT                          00003FF9
_HS_OSC                           00003FFA
_IDLOC0                           00002000
_IDLOC1                           00002001
_IDLOC2                           00002002
_IDLOC3                           00002003
_IESO_OFF                         00003BFF
_IESO_ON                          00003FFF
_INTOSC                           00003FFD
_INTOSCIO                         00003FFC
_INTRC_OSC_CLKOUT                 00003FFD
_INTRC_OSC_NOCLKOUT               00003FFC
_LP_OSC                           00003FF8
_LVP_OFF                          00002FFF
_LVP_ON                           00003FFF
_MCLRE_OFF                        00003FDF
_MCLRE_ON                         00003FFF
_PWRTE_OFF                        00003FFF
_PWRTE_ON                         00003FEF
_WDTE_OFF                         00003FF7
MPASM  5.51                           ADC.ASM   3-10-2022  14:12:36         PAGE 19


SYMBOL TABLE
  LABEL                             VALUE 

_WDTE_ON                          00003FFF
_WDT_OFF                          00003FF7
_WDT_ON                           00003FFF
_WRT_1FOURTH                      00003BFF
_WRT_256                          00003DFF
_WRT_HALF                         000039FF
_WRT_OFF                          00003FFF
_XT_OSC                           00003FF9
__16F887                          00000001


MEMORY USAGE MAP ('X' = Used,  '-' = Unused)

0000 : XXXXXXXXXXXXXXXX XXXXXXXXXXXXXXXX XXXXXXXXXXXXXXXX XXXXXXXXXXXXXXXX
0040 : XXXXXXXXXXXXXXXX XXXXXX---------- ---------------- ----------------
2000 : -------XX------- ---------------- ---------------- ----------------

All other memory blocks unused.

Program Memory Words Used:    86
Program Memory Words Free:  8106


Errors   :     0
Warnings :     2 reported,     0 suppressed
Messages :     8 reported,     0 suppressed

