MPASM  5.51                          ADC3.ASM   3-17-2022  13:28:03         PAGE  1


LOC  OBJECT CODE     LINE SOURCE TEXT
  VALUE

                      00001 
Warning[205]: Found directive in column 1. (PROCESSOR)
Warning[215]: Processor superseded by command line.  Verify processor symbol.
                      00002 PROCESSOR       P16F887
Warning[205]: Found directive in column 1. (INCLUDE)
                      00003 INCLUDE     <P16F887.INC>
                      00001         LIST
                      00002 
                      00003 ;==========================================================================
                      00004 ;  MPASM PIC16F887 processor include
                      00005 ; 
                      00006 ;  (c) Copyright 1999-2013 Microchip Technology, All rights reserved
                      00007 ;==========================================================================
                      00008 
                      00809         LIST
                      00004 
2007   20F4           00005         __CONFIG _CONFIG1, (_INTRC_OSC_NOCLKOUT & _WDT_OFF & _PWRTE_OFF & _MCLRE_ON & _CP_OFF & _CPD_OFF
                             & _BOR_OFF & _IESO_OFF & _FCMEN_OFF & _LVP_OFF & _DEBUG_OFF)
2008   3FFF           00006         __CONFIG _CONFIG2, (_WRT_OFF & _BOR40V)
                      00007         
  00000020            00008 N           EQU     0x20
  00000021            00009 M           EQU     0x21
  00000022            00010 O           EQU     0x22
  00000023            00011 CONTA       EQU  0x23
  00000024            00012 VA          EQU  0x24
  00000025            00013 VB          EQU  0x25    
  00000026            00014 VC          EQU  0x26
  00000027            00015 CT          EQU  0x27
  0000002A            00016 UNID        EQU  0x2A
  00000029            00017 DECE        EQU  0x29
  00000028            00018 CENT        EQU  0x28
  0000002B            00019 MILL        EQU  0x2B
  0000002C            00020 MUESTRAS    EQU  0x2C
  0000002D            00021 REF         EQU  0x2D
  0000002E            00022 RX          EQU  0x2E
  0000002F            00023 XA          EQU  0x2F
  00000030            00024 XB          EQU  0x30
                      00025             
0000                  00026            ORG      0x00
0000   1683 1303      00027     BANKSEL TRISE
0002   3003           00028     MOVLW   0x03
Message[302]: Register in operand not in bank 0.  Ensure that bank bits are correct.
0003   0089           00029     MOVWF   TRISE
0004   1683 1703      00030     BANKSEL ANSELH
0006   3000           00031     MOVLW   B'00000000'
Message[302]: Register in operand not in bank 0.  Ensure that bank bits are correct.
0007   0089           00032     MOVWF   ANSELH
0008   1683 1703      00033     BANKSEL ANSEL
000A   3020           00034     MOVLW   B'00100000'
Message[302]: Register in operand not in bank 0.  Ensure that bank bits are correct.
000B   0088           00035     MOVWF   ANSEL
000C   1683 1303      00036     BANKSEL TRISA
Message[302]: Register in operand not in bank 0.  Ensure that bank bits are correct.
MPASM  5.51                          ADC3.ASM   3-17-2022  13:28:03         PAGE  2


LOC  OBJECT CODE     LINE SOURCE TEXT
  VALUE

000E   0185           00037     CLRF    TRISA
Message[302]: Register in operand not in bank 0.  Ensure that bank bits are correct.
000F   0186           00038     CLRF    TRISB
Message[302]: Register in operand not in bank 0.  Ensure that bank bits are correct.
0010   0187           00039     CLRF    TRISC   
Message[302]: Register in operand not in bank 0.  Ensure that bank bits are correct.
0011   0188           00040     CLRF    TRISD
0012   30D3           00041     MOVLW   0XD3
Message[302]: Register in operand not in bank 0.  Ensure that bank bits are correct.
0013   0081           00042     MOVWF   OPTION_REG
0014   1283 1303      00043     BANKSEL PORTA 
0016   019E           00044     CLRF    ADRESH
Message[302]: Register in operand not in bank 0.  Ensure that bank bits are correct.
0017   019E           00045     CLRF    ADRESL
0018   30D5           00046     MOVLW 0XD5
0019   009F           00047     MOVWF ADCON0
                      00048     
001A   1683 1303      00049     BANKSEL ADCON1
Message[302]: Register in operand not in bank 0.  Ensure that bank bits are correct.
001C   019F           00050     CLRF    ADCON1
                      00051     
001D   1283 1303      00052     BANKSEL PORTA
                      00053 
                      00054     
001F                  00055 C_P
                      00056     
001F   3064           00057     MOVLW   0X64
0020   00AC           00058     MOVWF   MUESTRAS
0021   01AA           00059     CLRF   UNID
0022   01A9           00060     CLRF   DECE
0023   01A8           00061     CLRF   CENT
0024   01AB           00062     CLRF   MILL
                      00063   
0025   149F           00064     BSF     ADCON0,GO_DONE
                      00065     
0026   189F           00066 EAD BTFSC   ADCON0,GO_DONE
0027   2826           00067     GOTO    EAD
0028   081E           00068     MOVF    ADRESH, W ; LA INFO ALMACENADA EN EL REGISTRO ADRESH LO PASAMOS A W
0029   00A3           00069     MOVWF   CONTA
                      00070     
                      00071 ;    MOVLW   .124
                      00072 ;    MOVWF   CONTA
002A   282B           00073     GOTO    OPE
                      00074     
002B                  00075 OPE
                      00076     
002B   3033           00077     MOVLW   0x33 ;51
002C   02A3           00078     SUBWF   CONTA,F
002D   1C03           00079     BTFSS   STATUS,0
002E   2833           00080     GOTO    XM
002F   0AA8           00081     INCF    CENT,1
0030   0823           00082     MOVF    CONTA,W
0031   00A5           00083     MOVWF   VB ;residuo
MPASM  5.51                          ADC3.ASM   3-17-2022  13:28:03         PAGE  3


LOC  OBJECT CODE     LINE SOURCE TEXT
  VALUE

0032   282B           00084     GOTO    OPE
0033                  00085 XM
0033   3001           00086     MOVLW   0x01
0034   0228           00087     SUBWF   CENT,W
0035   1C03           00088     BTFSS   STATUS,0
0036   2838           00089     GOTO    CERO
0037   283B           00090     GOTO    XMM
                      00091     
0038                  00092 CERO
0038   081E           00093     MOVF    ADRESH,W
0039   00A5           00094     MOVWF   VB ;residuo
003A   283B           00095     GOTO    XMM
                      00096     
003B                  00097 XMM
003B   3005           00098     MOVLW   0x05
003C   02A5           00099     SUBWF   VB,F
003D   1C03           00100     BTFSS   STATUS,0
003E   2843           00101     GOTO    DM
003F   0AA9           00102     INCF    DECE,1
0040   0825           00103     MOVF    VB,W
0041   00A6           00104     MOVWF   VC 
0042   283B           00105     GOTO    XMM
                      00106 
0043                  00107 DM
0043   3001           00108     MOVLW   0x01
0044   0229           00109     SUBWF   DECE,W
0045   1C03           00110     BTFSS   STATUS,0
0046   2848           00111     GOTO    CERO2
0047   284B           00112     GOTO    DMM
                      00113 
0048                  00114 CERO2
0048   0825           00115     MOVF    VB,W
0049   00AA           00116     MOVWF   UNID
004A   284E           00117     GOTO    UM
                      00118     
004B                  00119 DMM
004B   0826           00120     MOVF    VC,W
004C   00AA           00121     MOVWF   UNID
004D   284E           00122     GOTO    UM
                      00123     
004E                  00124 UM
004E   2050           00125     CALL    MUESTRA_DISPLAY
004F   281F           00126     GOTO    C_P
                      00127     
0050                  00128 MUESTRA_DISPLAY
                      00129     
                      00130         
0050   082A           00131     MOVF        UNID,W
0051   206B           00132     CALL        T7S
0052   0085           00133     MOVWF       PORTA
0053   3008           00134     MOVLW       0x08
0054   0087           00135     MOVWF       PORTC   
0055   2076           00136     CALL        RET             
MPASM  5.51                          ADC3.ASM   3-17-2022  13:28:03         PAGE  4


LOC  OBJECT CODE     LINE SOURCE TEXT
  VALUE

                      00137 
0056   0829           00138     MOVF        DECE,W
0057   206B           00139     CALL        T7S
0058   0085           00140     MOVWF       PORTA
0059   3004           00141     MOVLW       0x04
005A   0087           00142     MOVWF       PORTC   
005B   2076           00143     CALL        RET             
                      00144 
005C   0828           00145     MOVF        CENT,W
005D   206B           00146     CALL        T7S
005E   0085           00147     MOVWF       PORTA
005F   3002           00148     MOVLW       0x02
0060   0087           00149     MOVWF       PORTC   
0061   2076           00150     CALL        RET             
                      00151 
0062   082B           00152     MOVF        MILL,W
0063   206B           00153     CALL        T7S
0064   0085           00154     MOVWF       PORTA
0065   3001           00155     MOVLW       0x01
0066   0087           00156     MOVWF       PORTC   
0067   2076           00157     CALL        RET             
0068   0BAC           00158     DECFSZ      MUESTRAS,F
0069   281F           00159     GOTO        C_P
006A   0008           00160     RETURN
                      00161     
                      00162 
006B                  00163 T7S
006B   0782           00164     ADDWF   PCL,F
006C   343F           00165     RETLW   0x3F ;0
006D   3406           00166     RETLW   0x06 ;1
006E   345B           00167     RETLW   0x5B ;2
006F   344F           00168     RETLW   0x4F ;3
0070   3466           00169     RETLW   0x66 ;4
0071   346D           00170     RETLW   0x6D ;5
0072   347D           00171     RETLW   0x7D ;6
0073   3407           00172     RETLW   0x07 ;7
0074   347F           00173     RETLW   0x7F ;8
0075   3467           00174     RETLW   0x67 ;9
                      00175  
0076   3065           00176 RET     MOVLW 0x65
0077   0081           00177         MOVWF TMR0
0078   1D0B           00178 ET0IF   BTFSS INTCON, T0IF
0079   2878           00179         GOTO ET0IF
007A   110B           00180         BCF INTCON, T0IF
                      00181         
007B   0008           00182         RETURN
                      00183 
                      00184 
                      00185 
                      00186     END
MPASM  5.51                          ADC3.ASM   3-17-2022  13:28:03         PAGE  5


SYMBOL TABLE
  LABEL                             VALUE 

ABDEN                             00000000
ABDOVF                            00000007
ACKDT                             00000005
ACKEN                             00000004
ACKSTAT                           00000006
ADCON0                            0000001F
ADCON1                            0000009F
ADCS0                             00000006
ADCS1                             00000007
ADDEN                             00000003
ADFM                              00000007
ADIE                              00000006
ADIF                              00000006
ADON                              00000000
ADRESH                            0000001E
ADRESL                            0000009E
ANS0                              00000000
ANS1                              00000001
ANS10                             00000002
ANS11                             00000003
ANS12                             00000004
ANS13                             00000005
ANS2                              00000002
ANS3                              00000003
ANS4                              00000004
ANS5                              00000005
ANS6                              00000006
ANS7                              00000007
ANS8                              00000000
ANS9                              00000001
ANSEL                             00000188
ANSELH                            00000189
BAUDCTL                           00000187
BCLIE                             00000003
BCLIF                             00000003
BF                                00000000
BRG0                              00000000
BRG1                              00000001
BRG10                             00000002
BRG11                             00000003
BRG12                             00000004
BRG13                             00000005
BRG14                             00000006
BRG15                             00000007
BRG16                             00000003
BRG2                              00000002
BRG3                              00000003
BRG4                              00000004
BRG5                              00000005
BRG6                              00000006
BRG7                              00000007
BRG8                              00000000
BRG9                              00000001
MPASM  5.51                          ADC3.ASM   3-17-2022  13:28:03         PAGE  6


SYMBOL TABLE
  LABEL                             VALUE 

BRGH                              00000002
C                                 00000000
C1CH0                             00000000
C1CH1                             00000001
C1IE                              00000005
C1IF                              00000005
C1OE                              00000005
C1ON                              00000007
C1OUT                             00000006
C1POL                             00000004
C1R                               00000002
C1RSEL                            00000005
C1SEN                             00000005
C2CH0                             00000000
C2CH1                             00000001
C2IE                              00000006
C2IF                              00000006
C2OE                              00000005
C2ON                              00000007
C2OUT                             00000006
C2POL                             00000004
C2R                               00000002
C2REN                             00000004
C2RSEL                            00000004
C2SYNC                            00000000
CCP1CON                           00000017
CCP1IE                            00000002
CCP1IF                            00000002
CCP1M0                            00000000
CCP1M1                            00000001
CCP1M2                            00000002
CCP1M3                            00000003
CCP1X                             00000005
CCP1Y                             00000004
CCP2CON                           0000001D
CCP2IE                            00000000
CCP2IF                            00000000
CCP2M0                            00000000
CCP2M1                            00000001
CCP2M2                            00000002
CCP2M3                            00000003
CCP2X                             00000005
CCP2Y                             00000004
CCPR1                             00000015
CCPR1H                            00000016
CCPR1L                            00000015
CCPR2                             0000001B
CCPR2H                            0000001C
CCPR2L                            0000001B
CENT                              00000028
CERO                              00000038
CERO2                             00000048
CHS0                              00000002
MPASM  5.51                          ADC3.ASM   3-17-2022  13:28:03         PAGE  7


SYMBOL TABLE
  LABEL                             VALUE 

CHS1                              00000003
CHS2                              00000004
CHS3                              00000005
CKE                               00000006
CKP                               00000004
CM1CON0                           00000107
CM2CON0                           00000108
CM2CON1                           00000109
CONTA                             00000023
CREN                              00000004
CSRC                              00000007
CT                                00000027
C_P                               0000001F
D                                 00000005
DATA_ADDRESS                      00000005
DC                                00000001
DC1B0                             00000004
DC1B1                             00000005
DC2B0                             00000004
DC2B1                             00000005
DECE                              00000029
DM                                00000043
DMM                               0000004B
D_A                               00000005
D_NOT_A                           00000005
EAD                               00000026
ECCPAS                            0000009C
ECCPAS0                           00000004
ECCPAS1                           00000005
ECCPAS2                           00000006
ECCPASE                           00000007
EEADR                             0000010D
EEADRH                            0000010F
EECON1                            0000018C
EECON2                            0000018D
EEDAT                             0000010C
EEDATA                            0000010C
EEDATH                            0000010E
EEIE                              00000004
EEIF                              00000004
EEPGD                             00000007
ET0IF                             00000078
F                                 00000001
FERR                              00000002
FSR                               00000004
FVREN                             00000000
GCEN                              00000007
GIE                               00000007
GO                                00000001
GO_DONE                           00000001
GO_NOT_DONE                       00000001
HTS                               00000002
I2C_DATA                          00000005
MPASM  5.51                          ADC3.ASM   3-17-2022  13:28:03         PAGE  8


SYMBOL TABLE
  LABEL                             VALUE 

I2C_READ                          00000002
I2C_START                         00000003
I2C_STOP                          00000004
INDF                              00000000
INTCON                            0000000B
INTE                              00000004
INTEDG                            00000006
INTF                              00000001
IOCB                              00000096
IOCB0                             00000000
IOCB1                             00000001
IOCB2                             00000002
IOCB3                             00000003
IOCB4                             00000004
IOCB5                             00000005
IOCB6                             00000006
IOCB7                             00000007
IRCF0                             00000004
IRCF1                             00000005
IRCF2                             00000006
IRP                               00000007
LTS                               00000001
M                                 00000021
MC1OUT                            00000007
MC2OUT                            00000006
MILL                              0000002B
MSK                               00000093
MSK0                              00000000
MSK1                              00000001
MSK2                              00000002
MSK3                              00000003
MSK4                              00000004
MSK5                              00000005
MSK6                              00000006
MSK7                              00000007
MUESTRAS                          0000002C
MUESTRA_DISPLAY                   00000050
N                                 00000020
NOT_A                             00000005
NOT_ADDRESS                       00000005
NOT_BO                            00000000
NOT_BOR                           00000000
NOT_DONE                          00000001
NOT_PD                            00000003
NOT_POR                           00000001
NOT_RBPU                          00000007
NOT_RC8                           00000006
NOT_T1SYNC                        00000002
NOT_TO                            00000004
NOT_TX8                           00000006
NOT_W                             00000002
NOT_WRITE                         00000002
O                                 00000022
MPASM  5.51                          ADC3.ASM   3-17-2022  13:28:03         PAGE  9


SYMBOL TABLE
  LABEL                             VALUE 

OERR                              00000001
OPE                               0000002B
OPTION_REG                        00000081
OSCCON                            0000008F
OSCTUNE                           00000090
OSFIE                             00000007
OSFIF                             00000007
OSTS                              00000003
P                                 00000004
P1M0                              00000006
P1M1                              00000007
PCL                               00000002
PCLATH                            0000000A
PCON                              0000008E
PDC0                              00000000
PDC1                              00000001
PDC2                              00000002
PDC3                              00000003
PDC4                              00000004
PDC5                              00000005
PDC6                              00000006
PEIE                              00000006
PEN                               00000002
PIE1                              0000008C
PIE2                              0000008D
PIR1                              0000000C
PIR2                              0000000D
PORTA                             00000005
PORTB                             00000006
PORTC                             00000007
PORTD                             00000008
PORTE                             00000009
PR2                               00000092
PRSEN                             00000007
PS0                               00000000
PS1                               00000001
PS2                               00000002
PSA                               00000003
PSSAC0                            00000002
PSSAC1                            00000003
PSSBD0                            00000000
PSSBD1                            00000001
PSTRCON                           0000009D
PULSR                             00000002
PULSS                             00000003
PWM1CON                           0000009B
R                                 00000002
RA0                               00000000
RA1                               00000001
RA2                               00000002
RA3                               00000003
RA4                               00000004
RA5                               00000005
MPASM  5.51                          ADC3.ASM   3-17-2022  13:28:03         PAGE 10


SYMBOL TABLE
  LABEL                             VALUE 

RA6                               00000006
RA7                               00000007
RB0                               00000000
RB1                               00000001
RB2                               00000002
RB3                               00000003
RB4                               00000004
RB5                               00000005
RB6                               00000006
RB7                               00000007
RBIE                              00000003
RBIF                              00000000
RC0                               00000000
RC1                               00000001
RC2                               00000002
RC3                               00000003
RC4                               00000004
RC5                               00000005
RC6                               00000006
RC7                               00000007
RC8_9                             00000006
RC9                               00000006
RCD8                              00000000
RCEN                              00000003
RCIDL                             00000006
RCIE                              00000005
RCIF                              00000005
RCREG                             0000001A
RCSTA                             00000018
RD                                00000000
RD0                               00000000
RD1                               00000001
RD2                               00000002
RD3                               00000003
RD4                               00000004
RD5                               00000005
RD6                               00000006
RD7                               00000007
RE0                               00000000
RE1                               00000001
RE2                               00000002
RE3                               00000003
READ_WRITE                        00000002
REF                               0000002D
RET                               00000076
RP0                               00000005
RP1                               00000006
RSEN                              00000001
RX                                0000002E
RX9                               00000006
RX9D                              00000000
R_NOT_W                           00000002
R_W                               00000002
MPASM  5.51                          ADC3.ASM   3-17-2022  13:28:03         PAGE 11


SYMBOL TABLE
  LABEL                             VALUE 

S                                 00000003
SBOREN                            00000004
SCKP                              00000004
SCS                               00000000
SEN                               00000000
SENDB                             00000003
SMP                               00000007
SPBRG                             00000099
SPBRGH                            0000009A
SPEN                              00000007
SR0                               00000006
SR1                               00000007
SRCON                             00000185
SREN                              00000005
SSPADD                            00000093
SSPBUF                            00000013
SSPCON                            00000014
SSPCON2                           00000091
SSPEN                             00000005
SSPIE                             00000003
SSPIF                             00000003
SSPM0                             00000000
SSPM1                             00000001
SSPM2                             00000002
SSPM3                             00000003
SSPMSK                            00000093
SSPOV                             00000006
SSPSTAT                           00000094
STATUS                            00000003
STRA                              00000000
STRB                              00000001
STRC                              00000002
STRD                              00000003
STRSYNC                           00000004
SWDTEN                            00000000
SYNC                              00000004
T0CS                              00000005
T0IE                              00000005
T0IF                              00000002
T0SE                              00000004
T1CKPS0                           00000004
T1CKPS1                           00000005
T1CON                             00000010
T1GINV                            00000007
T1GIV                             00000007
T1GSS                             00000001
T1INSYNC                          00000002
T1OSCEN                           00000003
T1SYNC                            00000002
T2CKPS0                           00000000
T2CKPS1                           00000001
T2CON                             00000012
T7S                               0000006B
MPASM  5.51                          ADC3.ASM   3-17-2022  13:28:03         PAGE 12


SYMBOL TABLE
  LABEL                             VALUE 

TMR0                              00000001
TMR0IE                            00000005
TMR0IF                            00000002
TMR1                              0000000E
TMR1CS                            00000001
TMR1GE                            00000006
TMR1H                             0000000F
TMR1IE                            00000000
TMR1IF                            00000000
TMR1L                             0000000E
TMR1ON                            00000000
TMR2                              00000011
TMR2IE                            00000001
TMR2IF                            00000001
TMR2ON                            00000002
TOUTPS0                           00000003
TOUTPS1                           00000004
TOUTPS2                           00000005
TOUTPS3                           00000006
TRISA                             00000085
TRISA0                            00000000
TRISA1                            00000001
TRISA2                            00000002
TRISA3                            00000003
TRISA4                            00000004
TRISA5                            00000005
TRISA6                            00000006
TRISA7                            00000007
TRISB                             00000086
TRISB0                            00000000
TRISB1                            00000001
TRISB2                            00000002
TRISB3                            00000003
TRISB4                            00000004
TRISB5                            00000005
TRISB6                            00000006
TRISB7                            00000007
TRISC                             00000087
TRISC0                            00000000
TRISC1                            00000001
TRISC2                            00000002
TRISC3                            00000003
TRISC4                            00000004
TRISC5                            00000005
TRISC6                            00000006
TRISC7                            00000007
TRISD                             00000088
TRISD0                            00000000
TRISD1                            00000001
TRISD2                            00000002
TRISD3                            00000003
TRISD4                            00000004
TRISD5                            00000005
MPASM  5.51                          ADC3.ASM   3-17-2022  13:28:03         PAGE 13


SYMBOL TABLE
  LABEL                             VALUE 

TRISD6                            00000006
TRISD7                            00000007
TRISE                             00000089
TRISE0                            00000000
TRISE1                            00000001
TRISE2                            00000002
TRISE3                            00000003
TRMT                              00000001
TUN0                              00000000
TUN1                              00000001
TUN2                              00000002
TUN3                              00000003
TUN4                              00000004
TX8_9                             00000006
TX9                               00000006
TX9D                              00000000
TXD8                              00000000
TXEN                              00000005
TXIE                              00000004
TXIF                              00000004
TXREG                             00000019
TXSTA                             00000098
UA                                00000001
ULPWUE                            00000005
ULPWUIE                           00000002
ULPWUIF                           00000002
UM                                0000004E
UNID                              0000002A
VA                                00000024
VB                                00000025
VC                                00000026
VCFG0                             00000004
VCFG1                             00000005
VR0                               00000000
VR1                               00000001
VR2                               00000002
VR3                               00000003
VRCON                             00000097
VREN                              00000007
VROE                              00000006
VRR                               00000005
VRSS                              00000004
W                                 00000000
WCOL                              00000007
WDTCON                            00000105
WDTPS0                            00000001
WDTPS1                            00000002
WDTPS2                            00000003
WDTPS3                            00000004
WPUB                              00000095
WPUB0                             00000000
WPUB1                             00000001
WPUB2                             00000002
MPASM  5.51                          ADC3.ASM   3-17-2022  13:28:03         PAGE 14


SYMBOL TABLE
  LABEL                             VALUE 

WPUB3                             00000003
WPUB4                             00000004
WPUB5                             00000005
WPUB6                             00000006
WPUB7                             00000007
WR                                00000001
WREN                              00000002
WRERR                             00000003
WUE                               00000001
XA                                0000002F
XB                                00000030
XM                                00000033
XMM                               0000003B
Z                                 00000002
_BOR21V                           00003EFF
_BOR40V                           00003FFF
_BOR4V_BOR21V                     00003EFF
_BOR4V_BOR40V                     00003FFF
_BOREN_NSLEEP                     00003EFF
_BOREN_OFF                        00003CFF
_BOREN_ON                         00003FFF
_BOREN_SBODEN                     00003DFF
_BOR_NSLEEP                       00003EFF
_BOR_OFF                          00003CFF
_BOR_ON                           00003FFF
_BOR_SBODEN                       00003DFF
_CONFIG1                          00002007
_CONFIG2                          00002008
_CPD_OFF                          00003FFF
_CPD_ON                           00003F7F
_CP_OFF                           00003FFF
_CP_ON                            00003FBF
_DEBUG_OFF                        00003FFF
_DEBUG_ON                         00001FFF
_DEVID1                           00002006
_EC_OSC                           00003FFB
_EXTRC                            00003FFF
_EXTRCIO                          00003FFE
_EXTRC_OSC_CLKOUT                 00003FFF
_EXTRC_OSC_NOCLKOUT               00003FFE
_FCMEN_OFF                        000037FF
_FCMEN_ON                         00003FFF
_FOSC_EC                          00003FFB
_FOSC_EXTRC_CLKOUT                00003FFF
_FOSC_EXTRC_NOCLKOUT              00003FFE
_FOSC_HS                          00003FFA
_FOSC_INTRC_CLKOUT                00003FFD
_FOSC_INTRC_NOCLKOUT              00003FFC
_FOSC_LP                          00003FF8
_FOSC_XT                          00003FF9
_HS_OSC                           00003FFA
_IDLOC0                           00002000
_IDLOC1                           00002001
MPASM  5.51                          ADC3.ASM   3-17-2022  13:28:03         PAGE 15


SYMBOL TABLE
  LABEL                             VALUE 

_IDLOC2                           00002002
_IDLOC3                           00002003
_IESO_OFF                         00003BFF
_IESO_ON                          00003FFF
_INTOSC                           00003FFD
_INTOSCIO                         00003FFC
_INTRC_OSC_CLKOUT                 00003FFD
_INTRC_OSC_NOCLKOUT               00003FFC
_LP_OSC                           00003FF8
_LVP_OFF                          00002FFF
_LVP_ON                           00003FFF
_MCLRE_OFF                        00003FDF
_MCLRE_ON                         00003FFF
_PWRTE_OFF                        00003FFF
_PWRTE_ON                         00003FEF
_WDTE_OFF                         00003FF7
_WDTE_ON                          00003FFF
_WDT_OFF                          00003FF7
_WDT_ON                           00003FFF
_WRT_1FOURTH                      00003BFF
_WRT_256                          00003DFF
_WRT_HALF                         000039FF
_WRT_OFF                          00003FFF
_XT_OSC                           00003FF9
__16F887                          00000001


MEMORY USAGE MAP ('X' = Used,  '-' = Unused)

0000 : XXXXXXXXXXXXXXXX XXXXXXXXXXXXXXXX XXXXXXXXXXXXXXXX XXXXXXXXXXXXXXXX
0040 : XXXXXXXXXXXXXXXX XXXXXXXXXXXXXXXX XXXXXXXXXXXXXXXX XXXXXXXXXXXX----
2000 : -------XX------- ---------------- ---------------- ----------------

All other memory blocks unused.

Program Memory Words Used:   124
Program Memory Words Free:  8068


Errors   :     0
Warnings :     3 reported,     0 suppressed
Messages :    10 reported,     0 suppressed

