MPASM  5.51                        CARITA.ASM   10-17-2022  18:16:57         PAGE  1


LOC  OBJECT CODE     LINE SOURCE TEXT
  VALUE

Warning[205]: Found directive in column 1. (INCLUDE)
                      00001 INCLUDE     <P16F887.INC>
                      00001         LIST
                      00002 
                      00003 ;==========================================================================
                      00004 ;  MPASM PIC16F887 processor include
                      00005 ; 
                      00006 ;  (c) Copyright 1999-2013 Microchip Technology, All rights reserved
                      00007 ;==========================================================================
                      00008 
                      00809         LIST
                      00002 
2007   20D4           00003         __CONFIG _CONFIG1, (_INTRC_OSC_NOCLKOUT & _WDT_OFF & _PWRTE_OFF & _MCLRE_OFF & _CP_OFF & _CPD_OF
                            F & _BOR_OFF & _IESO_OFF & _FCMEN_OFF & _LVP_OFF & _DEBUG_OFF)
2008   3FFF           00004         __CONFIG _CONFIG2, (_WRT_OFF & _BOR40V)
                      00005 
Warning[207]: Found label after column 1. (CUENTA)
  00000022            00006         CUENTA  EQU             0x22
Warning[207]: Found label after column 1. (O)
  00000023            00007         O               EQU             0x23
Warning[207]: Found label after column 1. (M)
  00000024            00008         M               EQU             0x24
Warning[207]: Found label after column 1. (N)
  00000025            00009         N               EQU             0x25
                      00010 
                      00011         ORG         0x00        
                      00012 
0000   1683 1703      00013         BANKSEL     ANSEL       
Message[302]: Register in operand not in bank 0.  Ensure that bank bits are correct.
0002   0188           00014         CLRF        ANSEL
Message[302]: Register in operand not in bank 0.  Ensure that bank bits are correct.
0003   0189           00015         CLRF        ANSELH
                      00016 
0004   1683 1303      00017         BANKSEL     TRISA       
0006   30FF           00018         MOVLW       0xFF
Message[302]: Register in operand not in bank 0.  Ensure that bank bits are correct.
0007   0086           00019         MOVWF       TRISB
Message[302]: Register in operand not in bank 0.  Ensure that bank bits are correct.
0008   0185           00020         CLRF        TRISA
Message[302]: Register in operand not in bank 0.  Ensure that bank bits are correct.
0009   0187           00021         CLRF        TRISC
Message[302]: Register in operand not in bank 0.  Ensure that bank bits are correct.
000A   0188           00022         CLRF            TRISD
Message[302]: Register in operand not in bank 0.  Ensure that bank bits are correct.
000B   0189           00023         CLRF        TRISE
000C   30D4           00024         MOVLW       0XD4
Message[302]: Register in operand not in bank 0.  Ensure that bank bits are correct.
000D   0081           00025         MOVWF       OPTION_REG
                      00026 
000E   1283 1303      00027         BANKSEL     PORTA       
0010   0185           00028         CLRF        PORTA
0011   0187           00029         CLRF            PORTC
0012   0181           00030         CLRF        TMR0
MPASM  5.51                        CARITA.ASM   10-17-2022  18:16:57         PAGE  2


LOC  OBJECT CODE     LINE SOURCE TEXT
  VALUE

0013   301E           00031         MOVLW           D'30'
0014   00A2           00032         MOVWF           CUENTA
                      00033 
0015                  00034 C_P             
0015                  00035 CO
0015   3040           00036                 MOVLW   0x40
0016   0085           00037                 MOVWF   PORTA
0017   3020           00038                 MOVLW   0x20
0018   0087           00039                 MOVWF   PORTC
0019   2???           00040                 CALL    RET
001A   3030           00041                 MOVLW   0x30
001B   0085           00042                 MOVWF   PORTA
001C   3020           00043                 MOVLW   0x20
001D   0087           00044                 MOVWF   PORTC
001E   2???           00045                 CALL    RET
001F   0BA2           00046                 DECFSZ  CUENTA,1
0020   2???           00047                 GOTO    CO
                      00048 
0021   301E           00049                 MOVLW   D'30'
0022   00A2           00050                 MOVWF   CUENTA
                      00051 
0023                  00052 FE
0023   3040           00053                 MOVLW   0x40
0024   0085           00054                 MOVWF   PORTA
0025   3024           00055                 MOVLW   0x24
0026   0087           00056                 MOVWF   PORTC
0027   2???           00057                 CALL    RET
0028   3030           00058                 MOVLW   0x30
0029   0085           00059                 MOVWF   PORTA
002A   3024           00060                 MOVLW   0x24
002B   0087           00061                 MOVWF   PORTC
002C   2???           00062                 CALL    RET
002D   0BA2           00063                 DECFSZ  CUENTA,1
002E   2???           00064                 GOTO    FE
                      00065 
002F   301E           00066                 MOVLW   D'30'
0030   00A2           00067                 MOVWF   CUENTA
0031                  00068 B3
0031   3040           00069                 MOVLW   0x40
0032   0085           00070                 MOVWF   PORTA
0033   3024           00071                 MOVLW   0x24
0034   0087           00072                 MOVWF   PORTC
0035   2???           00073                 CALL    RET
0036   3030           00074                 MOVLW   0x30
0037   0085           00075                 MOVWF   PORTA
0038   3024           00076                 MOVLW   0x24
0039   0087           00077                 MOVWF   PORTC
003A   2???           00078                 CALL    RET
003B   3008           00079                 MOVLW   0x08
003C   0085           00080                 MOVWF   PORTA
003D   3000           00081                 MOVLW   0x00
003E   0087           00082                 MOVWF   PORTC
003F   2???           00083                 CALL    RET
MPASM  5.51                        CARITA.ASM   10-17-2022  18:16:57         PAGE  3


LOC  OBJECT CODE     LINE SOURCE TEXT
  VALUE

0040   3004           00084                 MOVLW   0x04
0041   0085           00085                 MOVWF   PORTA
0042   3000           00086                 MOVLW   0x00
0043   0087           00087                 MOVWF   PORTC
0044   2???           00088                 CALL    RET
0045   3002           00089                 MOVLW   0x02
0046   0085           00090                 MOVWF   PORTA
0047   30C0           00091                 MOVLW   0xC0
0048   0087           00092                 MOVWF   PORTC
0049   2???           00093                 CALL    RET
004A   0BA2           00094                 DECFSZ  CUENTA,1
004B   2???           00095                 GOTO    B3
                      00096 
004C   301E           00097                 MOVLW   D'30'
004D   00A2           00098                 MOVWF   CUENTA
004E                  00099 B4
004E   3040           00100                 MOVLW   0x40
004F   0085           00101                 MOVWF   PORTA
0050   3024           00102                 MOVLW   0x24
0051   0087           00103                 MOVWF   PORTC
0052   2???           00104                 CALL    RET
0053   3030           00105                 MOVLW   0x30
0054   0085           00106                 MOVWF   PORTA
0055   3024           00107                 MOVLW   0x24
0056   0087           00108                 MOVWF   PORTC
0057   2???           00109                 CALL    RET
0058   3008           00110                 MOVLW   0x08
0059   0085           00111                 MOVWF   PORTA
005A   3000           00112                 MOVLW   0x00
005B   0087           00113                 MOVWF   PORTC
005C   2???           00114                 CALL    RET
005D   3004           00115                 MOVLW   0x04
005E   0085           00116                 MOVWF   PORTA
005F   3000           00117                 MOVLW   0x00
0060   0087           00118                 MOVWF   PORTC
0061   2???           00119                 CALL    RET
0062   3002           00120                 MOVLW   0x02
0063   0085           00121                 MOVWF   PORTA
0064   30F0           00122                 MOVLW   0xF0
0065   0087           00123                 MOVWF   PORTC
0066   2???           00124                 CALL    RET
0067   0BA2           00125                 DECFSZ  CUENTA,1
0068   2???           00126                 GOTO    B4
                      00127 
0069   301E           00128                 MOVLW   D'30'
006A   00A2           00129                 MOVWF   CUENTA
                      00130 
006B                  00131 B5              
006B   3040           00132                 MOVLW   0x40
006C   0085           00133                 MOVWF   PORTA
006D   3024           00134                 MOVLW   0x24
006E   0087           00135                 MOVWF   PORTC
006F   2???           00136                 CALL    RET
MPASM  5.51                        CARITA.ASM   10-17-2022  18:16:57         PAGE  4


LOC  OBJECT CODE     LINE SOURCE TEXT
  VALUE

0070   3030           00137                 MOVLW   0x30
0071   0085           00138                 MOVWF   PORTA
0072   3024           00139                 MOVLW   0x24
0073   0087           00140                 MOVWF   PORTC
0074   2???           00141                 CALL    RET
0075   3008           00142                 MOVLW   0x08
0076   0085           00143                 MOVWF   PORTA
0077   3000           00144                 MOVLW   0x00
0078   0087           00145                 MOVWF   PORTC
0079   2???           00146                 CALL    RET
007A   3004           00147                 MOVLW   0x04
007B   0085           00148                 MOVWF   PORTA
007C   3000           00149                 MOVLW   0x00
007D   0087           00150                 MOVWF   PORTC
007E   2???           00151                 CALL    RET
007F   3002           00152                 MOVLW   0x02
0080   0085           00153                 MOVWF   PORTA
0081   30FC           00154                 MOVLW   0xFC
0082   0087           00155                 MOVWF   PORTC
0083   2???           00156                 CALL    RET
0084   0BA2           00157                 DECFSZ  CUENTA,1
0085   2???           00158                 GOTO    B5
                      00159 
0086   301E           00160                 MOVLW   D'30'
0087   00A2           00161                 MOVWF   CUENTA
                      00162 
0088                  00163 B6              
0088   3040           00164                 MOVLW   0x40
0089   0085           00165                 MOVWF   PORTA
008A   3024           00166                 MOVLW   0x24
008B   0087           00167                 MOVWF   PORTC
008C   2???           00168                 CALL    RET
008D   3030           00169                 MOVLW   0x30
008E   0085           00170                 MOVWF   PORTA
008F   3024           00171                 MOVLW   0x24
0090   0087           00172                 MOVWF   PORTC
0091   2???           00173                 CALL    RET
0092   3008           00174                 MOVLW   0x08
0093   0085           00175                 MOVWF   PORTA
0094   3000           00176                 MOVLW   0x00
0095   0087           00177                 MOVWF   PORTC
0096   2???           00178                 CALL    RET
0097   3004           00179                 MOVLW   0x04
0098   0085           00180                 MOVWF   PORTA
0099   3000           00181                 MOVLW   0x00
009A   0087           00182                 MOVWF   PORTC
009B   2???           00183                 CALL    RET
009C   3002           00184                 MOVLW   0x02
009D   0085           00185                 MOVWF   PORTA
009E   30FF           00186                 MOVLW   0xFF
009F   0087           00187                 MOVWF   PORTC
00A0   2???           00188                 CALL    RET
00A1   0BA2           00189                 DECFSZ  CUENTA,1
MPASM  5.51                        CARITA.ASM   10-17-2022  18:16:57         PAGE  5


LOC  OBJECT CODE     LINE SOURCE TEXT
  VALUE

00A2   2???           00190                 GOTO    B6
                      00191 
00A3   301E           00192                 MOVLW   D'30'
00A4   00A2           00193                 MOVWF   CUENTA
                      00194 
00A5                  00195 CARF    
00A5   3040           00196                 MOVLW   0x40
00A6   0085           00197                 MOVWF   PORTA
00A7   3024           00198                 MOVLW   0x24
00A8   0087           00199                 MOVWF   PORTC
00A9   2???           00200                 CALL    RET
00AA   3030           00201                 MOVLW   0x30
00AB   0085           00202                 MOVWF   PORTA
00AC   3024           00203                 MOVLW   0x24
00AD   0087           00204                 MOVWF   PORTC
00AE   2???           00205                 CALL    RET
00AF   3008           00206                 MOVLW   0x08
00B0   0085           00207                 MOVWF   PORTA
00B1   3000           00208                 MOVLW   0x00
00B2   0087           00209                 MOVWF   PORTC
00B3   2???           00210                 CALL    RET
00B4   3004           00211                 MOVLW   0x04
00B5   0085           00212                 MOVWF   PORTA
00B6   3000           00213                 MOVLW   0x00
00B7   0087           00214                 MOVWF   PORTC
00B8   2???           00215                 CALL    RET
00B9   3002           00216                 MOVLW   0x02
00BA   0085           00217                 MOVWF   PORTA
00BB   3081           00218                 MOVLW   0x81
00BC   0087           00219                 MOVWF   PORTC
00BD   2???           00220                 CALL    RET
00BE   3001           00221                 MOVLW   0x01
00BF   0085           00222                 MOVWF   PORTA
00C0   307E           00223                 MOVLW   0x7E
00C1   0087           00224                 MOVWF   PORTC
00C2   2???           00225                 CALL    RET
00C3   0BA2           00226                 DECFSZ  CUENTA,1
00C4   2???           00227                 GOTO    CARF
                      00228 
00C5   301E           00229                 MOVLW   D'30'
00C6   00A2           00230                 MOVWF   CUENTA
                      00231 
00C7                  00232 CART    
00C7   3040           00233                 MOVLW   0x40
00C8   0085           00234                 MOVWF   PORTA
00C9   3024           00235                 MOVLW   0x24
00CA   0087           00236                 MOVWF   PORTC
00CB   2???           00237                 CALL    RET
00CC   3030           00238                 MOVLW   0x30
00CD   0085           00239                 MOVWF   PORTA
00CE   3024           00240                 MOVLW   0x24
00CF   0087           00241                 MOVWF   PORTC
00D0   2???           00242                 CALL    RET
MPASM  5.51                        CARITA.ASM   10-17-2022  18:16:57         PAGE  6


LOC  OBJECT CODE     LINE SOURCE TEXT
  VALUE

00D1   3008           00243                 MOVLW   0x08
00D2   0085           00244                 MOVWF   PORTA
00D3   3000           00245                 MOVLW   0x00
00D4   0087           00246                 MOVWF   PORTC
00D5   2???           00247                 CALL    RET
00D6   3004           00248                 MOVLW   0x04
00D7   0085           00249                 MOVWF   PORTA
00D8   3000           00250                 MOVLW   0x00
00D9   0087           00251                 MOVWF   PORTC
00DA   2???           00252                 CALL    RET
00DB   3002           00253                 MOVLW   0x02
00DC   0085           00254                 MOVWF   PORTA
00DD   307E           00255                 MOVLW   0x7E
00DE   0087           00256                 MOVWF   PORTC
00DF   2???           00257                 CALL    RET
00E0   3001           00258                 MOVLW   0x01
00E1   0085           00259                 MOVWF   PORTA
00E2   3081           00260                 MOVLW   0x81
00E3   0087           00261                 MOVWF   PORTC
00E4   2???           00262                 CALL    RET
00E5   0BA2           00263                 DECFSZ  CUENTA,1
00E6   2???           00264                 GOTO    CART
                      00265 
00E7   301E           00266                 MOVLW   D'30'
00E8   00A2           00267                 MOVWF   CUENTA
                      00268 
00E9   2???           00269                 GOTO    C_P
00EA                  00270 RET
00EA   3001           00271                 MOVLW   D'1'
00EB   00A3           00272                 MOVWF   O
00EC                  00273 TRES    
00EC   3007           00274                 MOVLW   D'7'
00ED   00A4           00275                 MOVWF   M
00EE                  00276 DOS
00EE   3064           00277                 MOVLW   D'100'
00EF   00A5           00278                 MOVWF   N
00F0                  00279 UNO             
00F0   0000           00280                 NOP
00F1   0000           00281                 NOP
00F2   0BA5           00282                 DECFSZ N,1
00F3   2???           00283                 GOTO    UNO
00F4   0BA4           00284                 DECFSZ  M,1
00F5   2???           00285                 GOTO    DOS
00F6   0BA3           00286                 DECFSZ  O,1
00F7   2???           00287                 GOTO    TRES
00F8   0008           00288                 RETURN
                      00289                 
20D4 3FFF             00290                 END
MPASM  5.51                        CARITA.ASM   10-17-2022  18:16:57         PAGE  7


SYMBOL TABLE
  LABEL                             VALUE 

ABDEN                             00000000
ABDOVF                            00000007
ACKDT                             00000005
ACKEN                             00000004
ACKSTAT                           00000006
ADCON0                            0000001F
ADCON1                            0000009F
ADCS0                             00000006
ADCS1                             00000007
ADDEN                             00000003
ADFM                              00000007
ADIE                              00000006
ADIF                              00000006
ADON                              00000000
ADRESH                            0000001E
ADRESL                            0000009E
ANS0                              00000000
ANS1                              00000001
ANS10                             00000002
ANS11                             00000003
ANS12                             00000004
ANS13                             00000005
ANS2                              00000002
ANS3                              00000003
ANS4                              00000004
ANS5                              00000005
ANS6                              00000006
ANS7                              00000007
ANS8                              00000000
ANS9                              00000001
ANSEL                             00000188
ANSELH                            00000189
B3                                00000031
B4                                0000004E
B5                                0000006B
B6                                00000088
BAUDCTL                           00000187
BCLIE                             00000003
BCLIF                             00000003
BF                                00000000
BRG0                              00000000
BRG1                              00000001
BRG10                             00000002
BRG11                             00000003
BRG12                             00000004
BRG13                             00000005
BRG14                             00000006
BRG15                             00000007
BRG16                             00000003
BRG2                              00000002
BRG3                              00000003
BRG4                              00000004
BRG5                              00000005
MPASM  5.51                        CARITA.ASM   10-17-2022  18:16:57         PAGE  8


SYMBOL TABLE
  LABEL                             VALUE 

BRG6                              00000006
BRG7                              00000007
BRG8                              00000000
BRG9                              00000001
BRGH                              00000002
C                                 00000000
C1CH0                             00000000
C1CH1                             00000001
C1IE                              00000005
C1IF                              00000005
C1OE                              00000005
C1ON                              00000007
C1OUT                             00000006
C1POL                             00000004
C1R                               00000002
C1RSEL                            00000005
C1SEN                             00000005
C2CH0                             00000000
C2CH1                             00000001
C2IE                              00000006
C2IF                              00000006
C2OE                              00000005
C2ON                              00000007
C2OUT                             00000006
C2POL                             00000004
C2R                               00000002
C2REN                             00000004
C2RSEL                            00000004
C2SYNC                            00000000
CARF                              000000A5
CART                              000000C7
CCP1CON                           00000017
CCP1IE                            00000002
CCP1IF                            00000002
CCP1M0                            00000000
CCP1M1                            00000001
CCP1M2                            00000002
CCP1M3                            00000003
CCP1X                             00000005
CCP1Y                             00000004
CCP2CON                           0000001D
CCP2IE                            00000000
CCP2IF                            00000000
CCP2M0                            00000000
CCP2M1                            00000001
CCP2M2                            00000002
CCP2M3                            00000003
CCP2X                             00000005
CCP2Y                             00000004
CCPR1                             00000015
CCPR1H                            00000016
CCPR1L                            00000015
CCPR2                             0000001B
MPASM  5.51                        CARITA.ASM   10-17-2022  18:16:57         PAGE  9


SYMBOL TABLE
  LABEL                             VALUE 

CCPR2H                            0000001C
CCPR2L                            0000001B
CHS0                              00000002
CHS1                              00000003
CHS2                              00000004
CHS3                              00000005
CKE                               00000006
CKP                               00000004
CM1CON0                           00000107
CM2CON0                           00000108
CM2CON1                           00000109
CO                                00000015
CREN                              00000004
CSRC                              00000007
CUENTA                            00000022
C_P                               00000015
D                                 00000005
DATA_ADDRESS                      00000005
DC                                00000001
DC1B0                             00000004
DC1B1                             00000005
DC2B0                             00000004
DC2B1                             00000005
DOS                               000000EE
D_A                               00000005
D_NOT_A                           00000005
ECCPAS                            0000009C
ECCPAS0                           00000004
ECCPAS1                           00000005
ECCPAS2                           00000006
ECCPASE                           00000007
EEADR                             0000010D
EEADRH                            0000010F
EECON1                            0000018C
EECON2                            0000018D
EEDAT                             0000010C
EEDATA                            0000010C
EEDATH                            0000010E
EEIE                              00000004
EEIF                              00000004
EEPGD                             00000007
F                                 00000001
FE                                00000023
FERR                              00000002
FSR                               00000004
FVREN                             00000000
GCEN                              00000007
GIE                               00000007
GO                                00000001
GO_DONE                           00000001
GO_NOT_DONE                       00000001
HTS                               00000002
I2C_DATA                          00000005
MPASM  5.51                        CARITA.ASM   10-17-2022  18:16:57         PAGE 10


SYMBOL TABLE
  LABEL                             VALUE 

I2C_READ                          00000002
I2C_START                         00000003
I2C_STOP                          00000004
INDF                              00000000
INTCON                            0000000B
INTE                              00000004
INTEDG                            00000006
INTF                              00000001
IOCB                              00000096
IOCB0                             00000000
IOCB1                             00000001
IOCB2                             00000002
IOCB3                             00000003
IOCB4                             00000004
IOCB5                             00000005
IOCB6                             00000006
IOCB7                             00000007
IRCF0                             00000004
IRCF1                             00000005
IRCF2                             00000006
IRP                               00000007
LTS                               00000001
M                                 00000024
MC1OUT                            00000007
MC2OUT                            00000006
MSK                               00000093
MSK0                              00000000
MSK1                              00000001
MSK2                              00000002
MSK3                              00000003
MSK4                              00000004
MSK5                              00000005
MSK6                              00000006
MSK7                              00000007
N                                 00000025
NOT_A                             00000005
NOT_ADDRESS                       00000005
NOT_BO                            00000000
NOT_BOR                           00000000
NOT_DONE                          00000001
NOT_PD                            00000003
NOT_POR                           00000001
NOT_RBPU                          00000007
NOT_RC8                           00000006
NOT_T1SYNC                        00000002
NOT_TO                            00000004
NOT_TX8                           00000006
NOT_W                             00000002
NOT_WRITE                         00000002
O                                 00000023
OERR                              00000001
OPTION_REG                        00000081
OSCCON                            0000008F
MPASM  5.51                        CARITA.ASM   10-17-2022  18:16:57         PAGE 11


SYMBOL TABLE
  LABEL                             VALUE 

OSCTUNE                           00000090
OSFIE                             00000007
OSFIF                             00000007
OSTS                              00000003
P                                 00000004
P1M0                              00000006
P1M1                              00000007
PCL                               00000002
PCLATH                            0000000A
PCON                              0000008E
PDC0                              00000000
PDC1                              00000001
PDC2                              00000002
PDC3                              00000003
PDC4                              00000004
PDC5                              00000005
PDC6                              00000006
PEIE                              00000006
PEN                               00000002
PIE1                              0000008C
PIE2                              0000008D
PIR1                              0000000C
PIR2                              0000000D
PORTA                             00000005
PORTB                             00000006
PORTC                             00000007
PORTD                             00000008
PORTE                             00000009
PR2                               00000092
PRSEN                             00000007
PS0                               00000000
PS1                               00000001
PS2                               00000002
PSA                               00000003
PSSAC0                            00000002
PSSAC1                            00000003
PSSBD0                            00000000
PSSBD1                            00000001
PSTRCON                           0000009D
PULSR                             00000002
PULSS                             00000003
PWM1CON                           0000009B
R                                 00000002
RA0                               00000000
RA1                               00000001
RA2                               00000002
RA3                               00000003
RA4                               00000004
RA5                               00000005
RA6                               00000006
RA7                               00000007
RB0                               00000000
RB1                               00000001
MPASM  5.51                        CARITA.ASM   10-17-2022  18:16:57         PAGE 12


SYMBOL TABLE
  LABEL                             VALUE 

RB2                               00000002
RB3                               00000003
RB4                               00000004
RB5                               00000005
RB6                               00000006
RB7                               00000007
RBIE                              00000003
RBIF                              00000000
RC0                               00000000
RC1                               00000001
RC2                               00000002
RC3                               00000003
RC4                               00000004
RC5                               00000005
RC6                               00000006
RC7                               00000007
RC8_9                             00000006
RC9                               00000006
RCD8                              00000000
RCEN                              00000003
RCIDL                             00000006
RCIE                              00000005
RCIF                              00000005
RCREG                             0000001A
RCSTA                             00000018
RD                                00000000
RD0                               00000000
RD1                               00000001
RD2                               00000002
RD3                               00000003
RD4                               00000004
RD5                               00000005
RD6                               00000006
RD7                               00000007
RE0                               00000000
RE1                               00000001
RE2                               00000002
RE3                               00000003
READ_WRITE                        00000002
RET                               000000EA
RP0                               00000005
RP1                               00000006
RSEN                              00000001
RX9                               00000006
RX9D                              00000000
R_NOT_W                           00000002
R_W                               00000002
S                                 00000003
SBOREN                            00000004
SCKP                              00000004
SCS                               00000000
SEN                               00000000
SENDB                             00000003
MPASM  5.51                        CARITA.ASM   10-17-2022  18:16:57         PAGE 13


SYMBOL TABLE
  LABEL                             VALUE 

SMP                               00000007
SPBRG                             00000099
SPBRGH                            0000009A
SPEN                              00000007
SR0                               00000006
SR1                               00000007
SRCON                             00000185
SREN                              00000005
SSPADD                            00000093
SSPBUF                            00000013
SSPCON                            00000014
SSPCON2                           00000091
SSPEN                             00000005
SSPIE                             00000003
SSPIF                             00000003
SSPM0                             00000000
SSPM1                             00000001
SSPM2                             00000002
SSPM3                             00000003
SSPMSK                            00000093
SSPOV                             00000006
SSPSTAT                           00000094
STATUS                            00000003
STRA                              00000000
STRB                              00000001
STRC                              00000002
STRD                              00000003
STRSYNC                           00000004
SWDTEN                            00000000
SYNC                              00000004
T0CS                              00000005
T0IE                              00000005
T0IF                              00000002
T0SE                              00000004
T1CKPS0                           00000004
T1CKPS1                           00000005
T1CON                             00000010
T1GINV                            00000007
T1GIV                             00000007
T1GSS                             00000001
T1INSYNC                          00000002
T1OSCEN                           00000003
T1SYNC                            00000002
T2CKPS0                           00000000
T2CKPS1                           00000001
T2CON                             00000012
TMR0                              00000001
TMR0IE                            00000005
TMR0IF                            00000002
TMR1                              0000000E
TMR1CS                            00000001
TMR1GE                            00000006
TMR1H                             0000000F
MPASM  5.51                        CARITA.ASM   10-17-2022  18:16:57         PAGE 14


SYMBOL TABLE
  LABEL                             VALUE 

TMR1IE                            00000000
TMR1IF                            00000000
TMR1L                             0000000E
TMR1ON                            00000000
TMR2                              00000011
TMR2IE                            00000001
TMR2IF                            00000001
TMR2ON                            00000002
TOUTPS0                           00000003
TOUTPS1                           00000004
TOUTPS2                           00000005
TOUTPS3                           00000006
TRES                              000000EC
TRISA                             00000085
TRISA0                            00000000
TRISA1                            00000001
TRISA2                            00000002
TRISA3                            00000003
TRISA4                            00000004
TRISA5                            00000005
TRISA6                            00000006
TRISA7                            00000007
TRISB                             00000086
TRISB0                            00000000
TRISB1                            00000001
TRISB2                            00000002
TRISB3                            00000003
TRISB4                            00000004
TRISB5                            00000005
TRISB6                            00000006
TRISB7                            00000007
TRISC                             00000087
TRISC0                            00000000
TRISC1                            00000001
TRISC2                            00000002
TRISC3                            00000003
TRISC4                            00000004
TRISC5                            00000005
TRISC6                            00000006
TRISC7                            00000007
TRISD                             00000088
TRISD0                            00000000
TRISD1                            00000001
TRISD2                            00000002
TRISD3                            00000003
TRISD4                            00000004
TRISD5                            00000005
TRISD6                            00000006
TRISD7                            00000007
TRISE                             00000089
TRISE0                            00000000
TRISE1                            00000001
TRISE2                            00000002
MPASM  5.51                        CARITA.ASM   10-17-2022  18:16:57         PAGE 15


SYMBOL TABLE
  LABEL                             VALUE 

TRISE3                            00000003
TRMT                              00000001
TUN0                              00000000
TUN1                              00000001
TUN2                              00000002
TUN3                              00000003
TUN4                              00000004
TX8_9                             00000006
TX9                               00000006
TX9D                              00000000
TXD8                              00000000
TXEN                              00000005
TXIE                              00000004
TXIF                              00000004
TXREG                             00000019
TXSTA                             00000098
UA                                00000001
ULPWUE                            00000005
ULPWUIE                           00000002
ULPWUIF                           00000002
UNO                               000000F0
VCFG0                             00000004
VCFG1                             00000005
VR0                               00000000
VR1                               00000001
VR2                               00000002
VR3                               00000003
VRCON                             00000097
VREN                              00000007
VROE                              00000006
VRR                               00000005
VRSS                              00000004
W                                 00000000
WCOL                              00000007
WDTCON                            00000105
WDTPS0                            00000001
WDTPS1                            00000002
WDTPS2                            00000003
WDTPS3                            00000004
WPUB                              00000095
WPUB0                             00000000
WPUB1                             00000001
WPUB2                             00000002
WPUB3                             00000003
WPUB4                             00000004
WPUB5                             00000005
WPUB6                             00000006
WPUB7                             00000007
WR                                00000001
WREN                              00000002
WRERR                             00000003
WUE                               00000001
Z                                 00000002
MPASM  5.51                        CARITA.ASM   10-17-2022  18:16:57         PAGE 16


SYMBOL TABLE
  LABEL                             VALUE 

_BOR21V                           00003EFF
_BOR40V                           00003FFF
_BOR4V_BOR21V                     00003EFF
_BOR4V_BOR40V                     00003FFF
_BOREN_NSLEEP                     00003EFF
_BOREN_OFF                        00003CFF
_BOREN_ON                         00003FFF
_BOREN_SBODEN                     00003DFF
_BOR_NSLEEP                       00003EFF
_BOR_OFF                          00003CFF
_BOR_ON                           00003FFF
_BOR_SBODEN                       00003DFF
_CONFIG1                          00002007
_CONFIG2                          00002008
_CPD_OFF                          00003FFF
_CPD_ON                           00003F7F
_CP_OFF                           00003FFF
_CP_ON                            00003FBF
_DEBUG_OFF                        00003FFF
_DEBUG_ON                         00001FFF
_DEVID1                           00002006
_EC_OSC                           00003FFB
_EXTRC                            00003FFF
_EXTRCIO                          00003FFE
_EXTRC_OSC_CLKOUT                 00003FFF
_EXTRC_OSC_NOCLKOUT               00003FFE
_FCMEN_OFF                        000037FF
_FCMEN_ON                         00003FFF
_FOSC_EC                          00003FFB
_FOSC_EXTRC_CLKOUT                00003FFF
_FOSC_EXTRC_NOCLKOUT              00003FFE
_FOSC_HS                          00003FFA
_FOSC_INTRC_CLKOUT                00003FFD
_FOSC_INTRC_NOCLKOUT              00003FFC
_FOSC_LP                          00003FF8
_FOSC_XT                          00003FF9
_HS_OSC                           00003FFA
_IDLOC0                           00002000
_IDLOC1                           00002001
_IDLOC2                           00002002
_IDLOC3                           00002003
_IESO_OFF                         00003BFF
_IESO_ON                          00003FFF
_INTOSC                           00003FFD
_INTOSCIO                         00003FFC
_INTRC_OSC_CLKOUT                 00003FFD
_INTRC_OSC_NOCLKOUT               00003FFC
_LP_OSC                           00003FF8
_LVP_OFF                          00002FFF
_LVP_ON                           00003FFF
_MCLRE_OFF                        00003FDF
_MCLRE_ON                         00003FFF
_PWRTE_OFF                        00003FFF
MPASM  5.51                        CARITA.ASM   10-17-2022  18:16:57         PAGE 17


SYMBOL TABLE
  LABEL                             VALUE 

_PWRTE_ON                         00003FEF
_WDTE_OFF                         00003FF7
_WDTE_ON                          00003FFF
_WDT_OFF                          00003FF7
_WDT_ON                           00003FFF
_WRT_1FOURTH                      00003BFF
_WRT_256                          00003DFF
_WRT_HALF                         000039FF
_WRT_OFF                          00003FFF
_XT_OSC                           00003FF9
__16F887                          00000001
__DEBUG                           1

Errors   :     0
Warnings :     5 reported,     0 suppressed
Messages :     8 reported,     0 suppressed

