

HI-TECH Software PIC PRO Macro Assembler V9.82 build 9453 
                                                                                               Sun May 08 13:26:18 2022

HI-TECH Software Omniscient Code Generator (PRO mode) build 9453
     1                           	processor	16F887
     2                           	opt	pw 120
     3                           	opt	pm
     4                           	psect	config,global,class=CONFIG,delta=2
     5                           	psect	idataBANK0,global,class=CODE,delta=2
     6                           	psect	cinit,global,class=CODE,delta=2
     7                           	psect	bssCOMMON,global,class=COMMON,space=1,delta=1
     8                           	psect	dataBANK0,global,class=BANK0,space=1,delta=1
     9                           	psect	cstackCOMMON,global,class=COMMON,space=1,delta=1
    10                           	psect	maintext,global,class=CODE,delta=2
    11                           	psect	text106,local,class=CODE,delta=2
    12                           	psect	text108,local,class=CODE,delta=2
    13                           	psect	text109,local,class=CODE,delta=2
    14                           	psect	text110,local,class=CODE,delta=2
    15                           	psect	pa_nodes,global,class=CODE,delta=2
    16                           	dabs	1,0x7E,2
    17  000A                     	;#
    18                           
    19                           	psect	config
    20  2007  E0F4               	dw	57588	;#
    21  2008  FFFF               	dw	65535	;#
    22                           
    23                           	psect	idataBANK0
    24  0000                     __pidataBANK0:	
    25  001F                     _ADCON0	set	31
    26  001E                     _ADRESH	set	30
    27  0005                     _PORTA	set	5
    28  0007                     _PORTC	set	7
    29  0001                     _TMR0	set	1
    30  00F9                     _GO_DONE	set	249
    31  005A                     _T0IF	set	90
    32  009E                     _ADRESL	set	158
    33  0081                     _OPTION_REG	set	129
    34  0085                     _TRISA	set	133
    35  0086                     _TRISB	set	134
    36  0087                     _TRISC	set	135
    37  0088                     _TRISD	set	136
    38  0089                     _TRISE	set	137
    39  0188                     _ANSEL	set	392
    40  0189                     _ANSELH	set	393
    41                           
    42                           	psect	cinit
    43  06FC                     start_initialization:	
    44  06FC  3001               	movlw	1
    45                           
    46                           ; Clear objects allocated to COMMON
    47  06FD  01F6               	clrf	__pbssCOMMON& (0+127)
    48  06FE  01F7               	clrf	(__pbssCOMMON+1)& (0+127)
    49                           
    50                           ;initializer for _PX
    51  06FF  00A0               	movwf	__pdataBANK0& (0+127)
    52  0700  3002               	movlw	2
    53  0701  00A1               	movwf	(__pdataBANK0+1)& (0+127)
    54  0702  3004               	movlw	4
    55  0703  00A2               	movwf	(__pdataBANK0+2)& (0+127)
    56  0704  3008               	movlw	8
    57  0705  00A3               	movwf	(__pdataBANK0+3)& (0+127)
    58  0706  3010               	movlw	16
    59  0707  00A4               	movwf	(__pdataBANK0+4)& (0+127)
    60  0708  3020               	movlw	32
    61  0709  00A5               	movwf	(__pdataBANK0+5)& (0+127)
    62  070A  3040               	movlw	64
    63  070B  00A6               	movwf	(__pdataBANK0+6)& (0+127)
    64  070C  3080               	movlw	128
    65  070D  00A7               	movwf	(__pdataBANK0+7)& (0+127)
    66  070E                     end_of_initialization:	
    67                           ;End of C runtime variable initialization code
    68                           
    69  070E  0183               	clrf	3
    70  070F  120A  118A  2FA5   	ljmp	_main	;jump to C main() function
    71                           
    72                           	psect	bssCOMMON
    73  0076                     __pbssCOMMON:	
    74  0076                     _ADC1:	
    75  0076                     	ds	1
    76  0077                     _ADC2:	
    77  0077                     	ds	1
    78                           
    79                           	psect	dataBANK0
    80  0020                     __pdataBANK0:	
    81  0020                     _PX:	
    82  0020                     	ds	8
    83                           
    84                           	psect	cstackCOMMON
    85  0070                     __pcstackCOMMON:	
    86  0070                     ?_pause:	
    87  0070                     ?_msecbase:	
    88                           ; 0 bytes @ 0x0
    89                           
    90  0070                     ??_msecbase:	
    91                           ; 0 bytes @ 0x0
    92                           
    93  0070                     ?_POSX:	
    94                           ; 0 bytes @ 0x0
    95                           
    96  0070                     ??_POSX:	
    97                           ; 0 bytes @ 0x0
    98                           
    99  0070                     ?_POSY:	
   100                           ; 0 bytes @ 0x0
   101                           
   102  0070                     ??_POSY:	
   103                           ; 0 bytes @ 0x0
   104                           
   105  0070                     ?_main:	
   106                           ; 0 bytes @ 0x0
   107                           
   108  0070                     POSX@x1:	
   109                           ; 0 bytes @ 0x0
   110                           
   111  0070                     POSY@x2:	
   112                           ; 1 bytes @ 0x0
   113                           
   114  0070                     pause@usvalue:	
   115                           ; 1 bytes @ 0x0
   116                           
   117                           
   118                           ; 2 bytes @ 0x0
   119  0070                     	ds	2
   120  0072                     ??_pause:	
   121  0072                     pause@x:	
   122                           ; 0 bytes @ 0x2
   123                           
   124                           
   125                           ; 2 bytes @ 0x2
   126  0072                     	ds	2
   127  0074                     ??_main:	
   128                           
   129                           ; 0 bytes @ 0x4
   130  0074                     	ds	2
   131                           
   132                           	psect	maintext
   133  07A5                     __pmaintext:	
   134 ;;Data sizes: Strings 0, constant 0, data 8, bss 2, persistent 0 stack 0
   135 ;;Auto spaces:   Size  Autos    Used
   136 ;; COMMON          14      6       8
   137 ;; BANK0           80      0       8
   138 ;; BANK1           80      0       0
   139 ;; BANK3           96      0       0
   140 ;; BANK2           96      0       0
   141 ;;
   142 ;; Pointer list with targets:
   143 ;;
   144 ;; Critical Paths under _main in COMMON
   145 ;;
   146 ;;   _main->_pause
   147 ;;
   148 ;; Critical Paths under _main in BANK0
   149 ;;
   150 ;;   None.
   151 ;;
   152 ;; Critical Paths under _main in BANK1
   153 ;;
   154 ;;   None.
   155 ;;
   156 ;; Critical Paths under _main in BANK3
   157 ;;
   158 ;;   None.
   159 ;;
   160 ;; Critical Paths under _main in BANK2
   161 ;;
   162 ;;   None.
   163 ;;
   164 ;;Main: autosize = 0, tempsize = 2, incstack = 0, save=0
   165 ;;
   166 ;;
   167 ;;Call Graph Tables:
   168 ;;
   169 ;; ---------------------------------------------------------------------------------
   170 ;; (Depth) Function   	        Calls       Base Space   Used Autos Params    Refs
   171 ;; ---------------------------------------------------------------------------------
   172 ;; (0) _main                                                 2     2      0     338
   173 ;;                                              4 COMMON     2     2      0
   174 ;;                              _pause
   175 ;;                               _POSX
   176 ;;                               _POSY
   177 ;; ---------------------------------------------------------------------------------
   178 ;; (1) _pause                                                4     2      2      30
   179 ;;                                              0 COMMON     4     2      2
   180 ;;                           _msecbase
   181 ;; ---------------------------------------------------------------------------------
   182 ;; (2) _msecbase                                             0     0      0       0
   183 ;; ---------------------------------------------------------------------------------
   184 ;; (1) _POSY                                                 1     1      0     154
   185 ;;                                              0 COMMON     1     1      0
   186 ;; ---------------------------------------------------------------------------------
   187 ;; (1) _POSX                                                 1     1      0     154
   188 ;;                                              0 COMMON     1     1      0
   189 ;; ---------------------------------------------------------------------------------
   190 ;; Estimated maximum stack depth 2
   191 ;; ---------------------------------------------------------------------------------
   192 ;; Call Graph Graphs:
   193 ;; _main (ROOT)
   194 ;;   _pause
   195 ;;     _msecbase
   196 ;;   _POSX
   197 ;;   _POSY
   198 ;;
   199 ;; Address spaces:
   200 ;;Name               Size   Autos  Total    Cost      Usage
   201 ;;BANK3               60      0       0       9        0.0%
   202 ;;BITBANK3            60      0       0       8        0.0%
   203 ;;SFR3                 0      0       0       4        0.0%
   204 ;;BITSFR3              0      0       0       4        0.0%
   205 ;;BANK2               60      0       0      11        0.0%
   206 ;;BITBANK2            60      0       0      10        0.0%
   207 ;;SFR2                 0      0       0       5        0.0%
   208 ;;BITSFR2              0      0       0       5        0.0%
   209 ;;SFR1                 0      0       0       2        0.0%
   210 ;;BITSFR1              0      0       0       2        0.0%
   211 ;;BANK1               50      0       0       7        0.0%
   212 ;;BITBANK1            50      0       0       6        0.0%
   213 ;;CODE                 0      0       0       0        0.0%
   214 ;;DATA                 0      0      12      12        0.0%
   215 ;;ABS                  0      0      10       3        0.0%
   216 ;;NULL                 0      0       0       0        0.0%
   217 ;;STACK                0      0       2       2        0.0%
   218 ;;BANK0               50      0       8       5       10.0%
   219 ;;BITBANK0            50      0       0       4        0.0%
   220 ;;SFR0                 0      0       0       1        0.0%
   221 ;;BITSFR0              0      0       0       1        0.0%
   222 ;;COMMON               E      6       8       1       57.1%
   223 ;;BITCOMMON            E      0       0       0        0.0%
   224 ;;EEDATA             100      0       0       0        0.0%
   225                           
   226                           
   227 ;; *************** function _main *****************
   228 ;; Defined at:
   229 ;;		line 56 in file "C:\Users\Jorge\OneDrive\Escritorio\PROGS C\Faltan\COORDENADAS\COORDENADAS.c"
   230 ;; Parameters:    Size  Location     Type
   231 ;;		None
   232 ;; Auto vars:     Size  Location     Type
   233 ;;		None
   234 ;; Return value:  Size  Location     Type
   235 ;;		None               void
   236 ;; Registers used:
   237 ;;		wreg, status,2, status,0, pclath, cstack
   238 ;; Tracked objects:
   239 ;;		On entry : 17F/0
   240 ;;		On exit  : 17F/0
   241 ;;		Unchanged: FFE80/0
   242 ;; Data sizes:     COMMON   BANK0   BANK1   BANK3   BANK2
   243 ;;      Params:         0       0       0       0       0
   244 ;;      Locals:         0       0       0       0       0
   245 ;;      Temps:          2       0       0       0       0
   246 ;;      Totals:         2       0       0       0       0
   247 ;;Total ram usage:        2 bytes
   248 ;; Hardware stack levels required when called:    2
   249 ;; This function calls:
   250 ;;		_pause
   251 ;;		_POSX
   252 ;;		_POSY
   253 ;; This function is called by:
   254 ;;		Startup code after reset
   255 ;; This function uses a non-reentrant model
   256 ;;
   257  07A5                     _main:	
   258                           
   259                           ;COORDENADAS.c: 58: ANSEL = 0x60;
   260                           
   261                           ; Regs used in _main: [wreg+status,2+status,0+pclath+cstack]
   262  07A5  3060               	movlw	96
   263  07A6  1683               	bsf	3,5	;RP0=1, select bank3
   264  07A7  1703               	bsf	3,6	;RP1=1, select bank3
   265  07A8  0088               	movwf	8	;volatile
   266                           
   267                           ;COORDENADAS.c: 59: ANSELH = 0x00;
   268  07A9  0189               	clrf	9	;volatile
   269                           
   270                           ;COORDENADAS.c: 60: TRISB = 0xFF;
   271  07AA  30FF               	movlw	255
   272  07AB  1303               	bcf	3,6	;RP1=0, select bank1
   273  07AC  0086               	movwf	6	;volatile
   274                           
   275                           ;COORDENADAS.c: 61: TRISA = 0x00;
   276  07AD  0185               	clrf	5	;volatile
   277                           
   278                           ;COORDENADAS.c: 62: TRISD =0x00;
   279  07AE  0188               	clrf	8	;volatile
   280                           
   281                           ;COORDENADAS.c: 63: TRISC =0x00;
   282  07AF  0187               	clrf	7	;volatile
   283                           
   284                           ;COORDENADAS.c: 64: TRISE = 0x07;
   285  07B0  3007               	movlw	7
   286  07B1  0089               	movwf	9	;volatile
   287  07B2                     l2611:	
   288                           
   289                           ;COORDENADAS.c: 68: ADCON0 = 0xD5;
   290  07B2  30D5               	movlw	213
   291  07B3  1283               	bcf	3,5	;RP0=0, select bank0
   292  07B4  009F               	movwf	31	;volatile
   293                           
   294                           ;COORDENADAS.c: 69: GO_DONE = 1;
   295  07B5  149F               	bsf	31,1
   296  07B6                     l1072:	
   297                           ;COORDENADAS.c: 70: while(GO_DONE);
   298                           
   299  07B6  189F               	btfsc	31,1
   300  07B7  2FB6               	goto	l1072
   301                           
   302                           ;COORDENADAS.c: 71: ADC1 = (ADRESH<<2)|(ADRESL>>6);
   303  07B8  1683               	bsf	3,5	;RP0=1, select bank1
   304  07B9  081E               	movf	30,w	;volatile
   305  07BA  00F4               	movwf	??_main
   306  07BB  3006               	movlw	6
   307  07BC                     u365:	
   308  07BC  1003               	clrc
   309  07BD  0CF4               	rrf	??_main,f
   310  07BE  3EFF               	addlw	-1
   311  07BF  1D03               	skipz
   312  07C0  2FBC               	goto	u365
   313  07C1  1283               	bcf	3,5	;RP0=0, select bank0
   314  07C2  081E               	movf	30,w	;volatile
   315  07C3  00F5               	movwf	??_main+1
   316  07C4  1003               	clrc
   317  07C5  0DF5               	rlf	??_main+1,f
   318  07C6  1003               	clrc
   319  07C7  0D75               	rlf	??_main+1,w
   320  07C8  0474               	iorwf	??_main,w
   321  07C9  00F6               	movwf	_ADC1
   322                           
   323                           ;COORDENADAS.c: 72: pause(1);
   324  07CA  01F0               	clrf	?_pause
   325  07CB  0AF0               	incf	?_pause,f
   326  07CC  01F1               	clrf	?_pause+1
   327  07CD  120A  118A  2712   	fcall	_pause
      +       120A  118A         
   328                           
   329                           ;COORDENADAS.c: 75: ADCON0 = 0xD9;
   330  07D2  30D9               	movlw	217
   331  07D3  1283               	bcf	3,5	;RP0=0, select bank0
   332  07D4  1303               	bcf	3,6	;RP1=0, select bank0
   333  07D5  009F               	movwf	31	;volatile
   334                           
   335                           ;COORDENADAS.c: 76: GO_DONE = 1;
   336  07D6  149F               	bsf	31,1
   337  07D7                     l1075:	
   338                           ;COORDENADAS.c: 77: while(GO_DONE);
   339                           
   340  07D7  189F               	btfsc	31,1
   341  07D8  2FD7               	goto	l1075
   342                           
   343                           ;COORDENADAS.c: 78: ADC2 = (ADRESH<<2)|(ADRESL>>6);
   344  07D9  1683               	bsf	3,5	;RP0=1, select bank1
   345  07DA  081E               	movf	30,w	;volatile
   346  07DB  00F4               	movwf	??_main
   347  07DC  3006               	movlw	6
   348  07DD                     u385:	
   349  07DD  1003               	clrc
   350  07DE  0CF4               	rrf	??_main,f
   351  07DF  3EFF               	addlw	-1
   352  07E0  1D03               	skipz
   353  07E1  2FDD               	goto	u385
   354  07E2  1283               	bcf	3,5	;RP0=0, select bank0
   355  07E3  081E               	movf	30,w	;volatile
   356  07E4  00F5               	movwf	??_main+1
   357  07E5  1003               	clrc
   358  07E6  0DF5               	rlf	??_main+1,f
   359  07E7  1003               	clrc
   360  07E8  0D75               	rlf	??_main+1,w
   361  07E9  0474               	iorwf	??_main,w
   362  07EA  00F7               	movwf	_ADC2
   363                           
   364                           ;COORDENADAS.c: 80: pause(1);
   365  07EB  01F0               	clrf	?_pause
   366  07EC  0AF0               	incf	?_pause,f
   367  07ED  01F1               	clrf	?_pause+1
   368  07EE  120A  118A  2712   	fcall	_pause
      +       120A  118A         
   369                           
   370                           ;COORDENADAS.c: 82: POSX(ADC1);
   371  07F3  0876               	movf	_ADC1,w
   372  07F4  120A  118A  2765   	fcall	_POSX
      +       120A  118A         
   373                           
   374                           ;COORDENADAS.c: 84: POSY(ADC2);
   375  07F9  0877               	movf	_ADC2,w
   376  07FA  120A  118A  2730   	fcall	_POSY
      +       120A  118A         
   377  07FF  2FB2               	goto	l2611
   378  0800                     __end_of_main:	
   379                           
   380                           	psect	text106
   381  0712                     __ptext106:	
   382 ;; =============== function _main ends ============
   383                           
   384                           
   385 ;; *************** function _pause *****************
   386 ;; Defined at:
   387 ;;		line 90 in file "C:\Users\Jorge\OneDrive\Escritorio\PROGS C\Faltan\COORDENADAS\COORDENADAS.c"
   388 ;; Parameters:    Size  Location     Type
   389 ;;  usvalue         2    0[COMMON] unsigned short 
   390 ;; Auto vars:     Size  Location     Type
   391 ;;  x               2    2[COMMON] unsigned short 
   392 ;; Return value:  Size  Location     Type
   393 ;;		None               void
   394 ;; Registers used:
   395 ;;		wreg, status,2, status,0, pclath, cstack
   396 ;; Tracked objects:
   397 ;;		On entry : 17F/0
   398 ;;		On exit  : 11F/0
   399 ;;		Unchanged: FFE80/0
   400 ;; Data sizes:     COMMON   BANK0   BANK1   BANK3   BANK2
   401 ;;      Params:         2       0       0       0       0
   402 ;;      Locals:         2       0       0       0       0
   403 ;;      Temps:          0       0       0       0       0
   404 ;;      Totals:         4       0       0       0       0
   405 ;;Total ram usage:        4 bytes
   406 ;; Hardware stack levels used:    1
   407 ;; Hardware stack levels required when called:    1
   408 ;; This function calls:
   409 ;;		_msecbase
   410 ;; This function is called by:
   411 ;;		_main
   412 ;; This function uses a non-reentrant model
   413 ;;
   414  0712                     _pause:	
   415                           
   416                           ;COORDENADAS.c: 91: unsigned short x;
   417                           ;COORDENADAS.c: 93: for (x=0; x<=usvalue; x++)
   418                           
   419                           ; Regs used in _pause: [wreg+status,2+status,0+pclath+cstack]
   420  0712  01F2               	clrf	pause@x
   421  0713  01F3               	clrf	pause@x+1
   422  0714                     l2513:	
   423  0714  0873               	movf	pause@x+1,w
   424  0715  0271               	subwf	pause@usvalue+1,w
   425  0716  1D03               	skipz
   426  0717  2F1A               	goto	u165
   427  0718  0872               	movf	pause@x,w
   428  0719  0270               	subwf	pause@usvalue,w
   429  071A                     u165:	
   430  071A  1C03               	btfss	3,0
   431  071B  0008               	return
   432                           
   433                           ;COORDENADAS.c: 94: {
   434                           ;COORDENADAS.c: 95: msecbase();
   435  071C  2723  120A  118A   	fcall	_msecbase
   436  071F  0AF2               	incf	pause@x,f
   437  0720  1903               	skipnz
   438  0721  0AF3               	incf	pause@x+1,f
   439  0722  2F14               	goto	l2513
   440  0723                     __end_of_pause:	
   441  0723                     __ptext107:	
   442 ;; =============== function _pause ends ============
   443                           
   444                           
   445 ;; *************** function _msecbase *****************
   446 ;; Defined at:
   447 ;;		line 100 in file "C:\Users\Jorge\OneDrive\Escritorio\PROGS C\Faltan\COORDENADAS\COORDENADAS.c"
   448 ;; Parameters:    Size  Location     Type
   449 ;;		None
   450 ;; Auto vars:     Size  Location     Type
   451 ;;		None
   452 ;; Return value:  Size  Location     Type
   453 ;;		None               void
   454 ;; Registers used:
   455 ;;		wreg
   456 ;; Tracked objects:
   457 ;;		On entry : 11F/0
   458 ;;		On exit  : 11F/0
   459 ;;		Unchanged: FFE80/0
   460 ;; Data sizes:     COMMON   BANK0   BANK1   BANK3   BANK2
   461 ;;      Params:         0       0       0       0       0
   462 ;;      Locals:         0       0       0       0       0
   463 ;;      Temps:          0       0       0       0       0
   464 ;;      Totals:         0       0       0       0       0
   465 ;;Total ram usage:        0 bytes
   466 ;; Hardware stack levels used:    1
   467 ;; This function calls:
   468 ;;		Nothing
   469 ;; This function is called by:
   470 ;;		_pause
   471 ;; This function uses a non-reentrant model
   472 ;;
   473  0723                     _msecbase:	
   474                           
   475                           ;COORDENADAS.c: 101: OPTION_REG = 0b11010001;
   476                           
   477                           ; Regs used in _msecbase: [wreg]
   478  0723  30D1               	movlw	209
   479  0724  1683               	bsf	3,5	;RP0=1, select bank1
   480  0725  1303               	bcf	3,6	;RP1=0, select bank1
   481  0726  0081               	movwf	1	;volatile
   482                           
   483                           ;COORDENADAS.c: 102: TMR0 = 0x0E;
   484  0727  300E               	movlw	14
   485  0728  1283               	bcf	3,5	;RP0=0, select bank0
   486  0729  0081               	movwf	1	;volatile
   487                           
   488                           ;COORDENADAS.c: 103: TMR0 = 0x8E;
   489  072A  308E               	movlw	142
   490  072B  0081               	movwf	1	;volatile
   491  072C                     l1089:	
   492                           ;COORDENADAS.c: 104: while(!T0IF);
   493                           
   494  072C  1D0B               	btfss	11,2
   495  072D  2F2C               	goto	l1089
   496                           
   497                           ;COORDENADAS.c: 105: T0IF = 0;
   498  072E  110B               	bcf	11,2
   499  072F  0008               	return
   500  0730                     __end_of_msecbase:	
   501                           
   502                           	psect	text108
   503  0730                     __ptext108:	
   504 ;; =============== function _msecbase ends ============
   505                           
   506                           
   507 ;; *************** function _POSY *****************
   508 ;; Defined at:
   509 ;;		line 36 in file "C:\Users\Jorge\OneDrive\Escritorio\PROGS C\Faltan\COORDENADAS\COORDENADAS.c"
   510 ;; Parameters:    Size  Location     Type
   511 ;;  x2              1    wreg     unsigned char 
   512 ;; Auto vars:     Size  Location     Type
   513 ;;  x2              1    0[COMMON] unsigned char 
   514 ;; Return value:  Size  Location     Type
   515 ;;		None               void
   516 ;; Registers used:
   517 ;;		wreg
   518 ;; Tracked objects:
   519 ;;		On entry : 17F/0
   520 ;;		On exit  : 17F/0
   521 ;;		Unchanged: FFE80/0
   522 ;; Data sizes:     COMMON   BANK0   BANK1   BANK3   BANK2
   523 ;;      Params:         0       0       0       0       0
   524 ;;      Locals:         1       0       0       0       0
   525 ;;      Temps:          0       0       0       0       0
   526 ;;      Totals:         1       0       0       0       0
   527 ;;Total ram usage:        1 bytes
   528 ;; Hardware stack levels used:    1
   529 ;; This function calls:
   530 ;;		Nothing
   531 ;; This function is called by:
   532 ;;		_main
   533 ;; This function uses a non-reentrant model
   534 ;;
   535  0730                     _POSY:	
   536                           
   537                           ; Regs used in _POSY: [wreg]
   538                           ;POSY@x2 stored from wreg
   539  0730  00F0               	movwf	POSY@x2
   540                           
   541                           ;COORDENADAS.c: 37: if(x2<=0x29){
   542  0731  302A               	movlw	42
   543  0732  0270               	subwf	POSY@x2,w
   544  0733  1803               	skipnc
   545  0734  2F38               	goto	l2577
   546                           
   547                           ;COORDENADAS.c: 38: PORTC=PX[1];
   548  0735  0821               	movf	_PX+1,w
   549  0736  0087               	movwf	7	;volatile
   550                           
   551                           ;COORDENADAS.c: 39: }else if(x2<=0x48){
   552  0737  0008               	return
   553  0738                     l2577:	
   554  0738  3049               	movlw	73
   555  0739  0270               	subwf	POSY@x2,w
   556  073A  1803               	skipnc
   557  073B  2F3F               	goto	l2581
   558                           
   559                           ;COORDENADAS.c: 40: PORTC=PX[2];
   560  073C  0822               	movf	_PX+2,w
   561  073D  0087               	movwf	7	;volatile
   562                           
   563                           ;COORDENADAS.c: 41: }else if(x2<=0x66){
   564  073E  0008               	return
   565  073F                     l2581:	
   566  073F  3067               	movlw	103
   567  0740  0270               	subwf	POSY@x2,w
   568  0741  1803               	skipnc
   569  0742  2F46               	goto	l2585
   570                           
   571                           ;COORDENADAS.c: 42: PORTC=PX[3];
   572  0743  0823               	movf	_PX+3,w
   573  0744  0087               	movwf	7	;volatile
   574                           
   575                           ;COORDENADAS.c: 43: }else if(x2<=0x85){
   576  0745  0008               	return
   577  0746                     l2585:	
   578  0746  3086               	movlw	134
   579  0747  0270               	subwf	POSY@x2,w
   580  0748  1803               	skipnc
   581  0749  2F4D               	goto	l2589
   582                           
   583                           ;COORDENADAS.c: 44: PORTC=PX[4];
   584  074A  0824               	movf	_PX+4,w
   585  074B  0087               	movwf	7	;volatile
   586                           
   587                           ;COORDENADAS.c: 45: }else if(x2<=0xA3){
   588  074C  0008               	return
   589  074D                     l2589:	
   590  074D  30A4               	movlw	164
   591  074E  0270               	subwf	POSY@x2,w
   592  074F  1803               	skipnc
   593  0750  2F54               	goto	l2593
   594                           
   595                           ;COORDENADAS.c: 46: PORTC=PX[5];
   596  0751  0825               	movf	_PX+5,w
   597  0752  0087               	movwf	7	;volatile
   598                           
   599                           ;COORDENADAS.c: 47: }else if(x2<=0xC2){
   600  0753  0008               	return
   601  0754                     l2593:	
   602  0754  30C3               	movlw	195
   603  0755  0270               	subwf	POSY@x2,w
   604  0756  1803               	skipnc
   605  0757  2F5B               	goto	l2597
   606                           
   607                           ;COORDENADAS.c: 48: PORTC=PX[6];
   608  0758  0826               	movf	_PX+6,w
   609  0759  0087               	movwf	7	;volatile
   610                           
   611                           ;COORDENADAS.c: 49: }else if(x2<=0xE1){
   612  075A  0008               	return
   613  075B                     l2597:	
   614  075B  30E2               	movlw	226
   615  075C  0270               	subwf	POSY@x2,w
   616  075D  1803               	skipnc
   617  075E  2F62               	goto	l2601
   618                           
   619                           ;COORDENADAS.c: 50: PORTC=PX[7];
   620  075F  0827               	movf	_PX+7,w
   621  0760  0087               	movwf	7	;volatile
   622                           
   623                           ;COORDENADAS.c: 51: }else if(x2<=0xFF){
   624  0761  0008               	return
   625  0762                     l2601:	
   626                           
   627                           ;COORDENADAS.c: 52: PORTC=PX[8];
   628  0762  0828               	movf	_PX+8,w
   629  0763  0087               	movwf	7	;volatile
   630  0764  0008               	return
   631  0765                     __end_of_POSY:	
   632                           
   633                           	psect	text109
   634  0765                     __ptext109:	
   635 ;; =============== function _POSY ends ============
   636                           
   637                           
   638 ;; *************** function _POSX *****************
   639 ;; Defined at:
   640 ;;		line 16 in file "C:\Users\Jorge\OneDrive\Escritorio\PROGS C\Faltan\COORDENADAS\COORDENADAS.c"
   641 ;; Parameters:    Size  Location     Type
   642 ;;  x1              1    wreg     unsigned char 
   643 ;; Auto vars:     Size  Location     Type
   644 ;;  x1              1    0[COMMON] unsigned char 
   645 ;; Return value:  Size  Location     Type
   646 ;;		None               void
   647 ;; Registers used:
   648 ;;		wreg
   649 ;; Tracked objects:
   650 ;;		On entry : 11F/0
   651 ;;		On exit  : 17F/0
   652 ;;		Unchanged: FFE80/0
   653 ;; Data sizes:     COMMON   BANK0   BANK1   BANK3   BANK2
   654 ;;      Params:         0       0       0       0       0
   655 ;;      Locals:         1       0       0       0       0
   656 ;;      Temps:          0       0       0       0       0
   657 ;;      Totals:         1       0       0       0       0
   658 ;;Total ram usage:        1 bytes
   659 ;; Hardware stack levels used:    1
   660 ;; This function calls:
   661 ;;		Nothing
   662 ;; This function is called by:
   663 ;;		_main
   664 ;; This function uses a non-reentrant model
   665 ;;
   666  0765                     _POSX:	
   667                           
   668                           ; Regs used in _POSX: [wreg]
   669                           ;POSX@x1 stored from wreg
   670  0765  00F0               	movwf	POSX@x1
   671                           
   672                           ;COORDENADAS.c: 17: if(x1<=0x29){
   673  0766  302A               	movlw	42
   674  0767  0270               	subwf	POSX@x1,w
   675  0768  1803               	skipnc
   676  0769  2F6E               	goto	l2547
   677  076A  27A2               	call	PL2	;select bank 0
   678                           
   679                           ;COORDENADAS.c: 18: PORTA=PX[1];
   680  076B  0821               	movf	_PX+1,w
   681  076C  0085               	movwf	5	;volatile
   682                           
   683                           ;COORDENADAS.c: 19: }else if(x1<=0x48){
   684  076D  0008               	return
   685  076E                     l2547:	
   686  076E  3049               	movlw	73
   687  076F  0270               	subwf	POSX@x1,w
   688  0770  1803               	skipnc
   689  0771  2F76               	goto	l2551
   690  0772  27A2               	call	PL2	;select bank 0
   691                           
   692                           ;COORDENADAS.c: 20: PORTA=PX[2];
   693  0773  0822               	movf	_PX+2,w
   694  0774  0085               	movwf	5	;volatile
   695                           
   696                           ;COORDENADAS.c: 21: }else if(x1<=0x66){
   697  0775  0008               	return
   698  0776                     l2551:	
   699  0776  3067               	movlw	103
   700  0777  0270               	subwf	POSX@x1,w
   701  0778  1803               	skipnc
   702  0779  2F7E               	goto	l2555
   703  077A  27A2               	call	PL2	;select bank 0
   704                           
   705                           ;COORDENADAS.c: 22: PORTA=PX[3];
   706  077B  0823               	movf	_PX+3,w
   707  077C  0085               	movwf	5	;volatile
   708                           
   709                           ;COORDENADAS.c: 23: }else if(x1<=0x85){
   710  077D  0008               	return
   711  077E                     l2555:	
   712  077E  3086               	movlw	134
   713  077F  0270               	subwf	POSX@x1,w
   714  0780  1803               	skipnc
   715  0781  2F86               	goto	l2559
   716  0782  27A2               	call	PL2	;select bank 0
   717                           
   718                           ;COORDENADAS.c: 24: PORTA=PX[4];
   719  0783  0824               	movf	_PX+4,w
   720  0784  0085               	movwf	5	;volatile
   721                           
   722                           ;COORDENADAS.c: 25: }else if(x1<=0xA3){
   723  0785  0008               	return
   724  0786                     l2559:	
   725  0786  30A4               	movlw	164
   726  0787  0270               	subwf	POSX@x1,w
   727  0788  1803               	skipnc
   728  0789  2F8E               	goto	l2563
   729  078A  27A2               	call	PL2	;select bank 0
   730                           
   731                           ;COORDENADAS.c: 26: PORTA=PX[5];
   732  078B  0825               	movf	_PX+5,w
   733  078C  0085               	movwf	5	;volatile
   734                           
   735                           ;COORDENADAS.c: 27: }else if(x1<=0xC2){
   736  078D  0008               	return
   737  078E                     l2563:	
   738  078E  30C3               	movlw	195
   739  078F  0270               	subwf	POSX@x1,w
   740  0790  1803               	skipnc
   741  0791  2F96               	goto	l2567
   742  0792  27A2               	call	PL2	;select bank 0
   743                           
   744                           ;COORDENADAS.c: 28: PORTA=PX[6];
   745  0793  0826               	movf	_PX+6,w
   746  0794  0085               	movwf	5	;volatile
   747                           
   748                           ;COORDENADAS.c: 29: }else if(x1<=0xE1){
   749  0795  0008               	return
   750  0796                     l2567:	
   751  0796  30E2               	movlw	226
   752  0797  0270               	subwf	POSX@x1,w
   753  0798  1803               	skipnc
   754  0799  2F9E               	goto	l2571
   755  079A  27A2               	call	PL2	;select bank 0
   756                           
   757                           ;COORDENADAS.c: 30: PORTA=PX[7];
   758  079B  0827               	movf	_PX+7,w
   759  079C  0085               	movwf	5	;volatile
   760                           
   761                           ;COORDENADAS.c: 31: }else if(x1<=0xFF){
   762  079D  0008               	return
   763  079E                     l2571:	
   764  079E  27A2               	call	PL2	;select bank 0
   765                           
   766                           ;COORDENADAS.c: 32: PORTA=PX[8];
   767  079F  0828               	movf	_PX+8,w
   768  07A0  0085               	movwf	5	;volatile
   769  07A1  0008               	return
   770  07A2                     __end_of_POSX:	
   771  07A2                     PL2:	
   772  07A2  1283               	bcf	3,5	;RP0=0, select bank0
   773  07A3  1303               	bcf	3,6	;RP1=0, select bank0
   774  07A4  0008               	return
   775                           
   776                           	psect	text110
   777  0000                     __ptext110:	
   778 ;; =============== function _POSX ends ============
   779                           
   780  007E                     btemp	set	126	;btemp
   781  007E                     wtemp0	set	126


HI-TECH Software PICC Macro Assembler V9.82 build 9453 
Symbol Table                                                                                   Sun May 08 13:26:18 2022

                  _PX 0020                   u165 071A                   u365 07BC                   u385 07DD  
                l1072 07B6                  l1075 07D7                  l1092 0000                  l1086 0000  
                l1089 072C                  l2511 0000                  l2601 0762                  l2505 0000  
                l2513 0714                  l2507 0000                  l2611 07B2                  l2603 0000  
                l2621 0000                  l2613 0000                  l2605 0000                  l2551 0776  
                l2543 0000                  l2607 0000                  _ADC1 0076                  _ADC2 0077  
                l2625 0000                  l2617 0000                  l2609 0000                  l2571 079E  
                l2563 078E                  l2555 077E                  l2547 076E                  l2627 0000  
                l2619 0000                  l2581 073F                  l2573 0000                  l2629 0000  
                l2567 0796                  l2559 0786                  l2593 0754                  l2585 0746  
                l2577 0738                  l2597 075B                  l2589 074D                  _T0IF 005A  
                _TMR0 0001                  _POSX 0765                  _POSY 0730                  _main 07A5  
                btemp 007E                  start 0000                 ?_POSX 0070                 ?_POSY 0070  
               ?_main 0070                 _ANSEL 0188                 _PORTA 0005                 _PORTC 0007  
               _TRISA 0085                 _TRISB 0086                 _TRISC 0087                 _TRISD 0088  
               _TRISE 0089                 _pause 0712                 status 0003                 wtemp0 007E  
        __end_of_POSX 07A2          __end_of_POSY 0765          __end_of_main 0800                ??_POSX 0070  
              ??_POSY 0070                ??_main 0074                POSX@x1 0070                POSY@x2 0070  
              _ADCON0 001F                _ADRESH 001E                _ADRESL 009E                ?_pause 0070  
              _ANSELH 0189      __end_of_msecbase 0730                pause@x 0072        __pcstackCOMMON 0070  
        __pidataBANK0 0000         __end_of_pause 0723               ??_pause 0072            __pmaintext 07A5  
             _GO_DONE 00F9             ?_msecbase 0070  end_of_initialization 070E            ??_msecbase 0070  
 start_initialization 06FC           __pdataBANK0 0020          pause@usvalue 0070           __pbssCOMMON 0076  
   __size_of_msecbase 000D             __ptext110 0000             __ptext106 0712             __ptext107 0723  
           __ptext108 0730             __ptext109 0765        __size_of_pause 0011         __size_of_POSX 003D  
       __size_of_POSY 0035         __size_of_main 005B              _msecbase 0723            _OPTION_REG 0081  
