MPASM  5.51                      88D2_5_5.ASM   3-22-2022  15:00:41         PAGE  1


LOC  OBJECT CODE     LINE SOURCE TEXT
  VALUE

Warning[205]: Found directive in column 1. (INCLUDE)
                      00001 INCLUDE <P16F887.INC>
                      00001         LIST
                      00002 
                      00003 ;==========================================================================
                      00004 ;  MPASM PIC16F887 processor include
                      00005 ; 
                      00006 ;  (c) Copyright 1999-2013 Microchip Technology, All rights reserved
                      00007 ;==========================================================================
                      00008 
                      00809         LIST
                      00002     
2007   20D4           00003         __CONFIG _CONFIG1, (_INTRC_OSC_NOCLKOUT & _WDT_OFF & _PWRTE_OFF & _MCLRE_OFF & _CP_OFF & _CPD_OF
                            F & _BOR_OFF & _IESO_OFF & _FCMEN_OFF & _LVP_OFF & _DEBUG_OFF)
2008   3FFF           00004         __CONFIG _CONFIG2, (_WRT_OFF & _BOR40V)
                      00005     
                      00006 
                      00007 
  00000029            00008 NX              EQU             0x29
  00000030            00009 V1              EQU             0x30
  00000031            00010 V2              EQU             0x31
  00000032            00011 V3              EQU             0x32
  00000033            00012 V4              EQU             0X33
  00000034            00013 V5              EQU             0x34
  00000035            00014 V6              EQU             0x35
  00000036            00015 V7              EQU             0x36
  00000037            00016 V8              EQU             0X37
  00000039            00017 IX              EQU             0x39
  00000040            00018 DX              EQU             0x40    
                      00019         
0000                  00020         ORG         0x00        
                      00021 
0000   1683 1703      00022         BANKSEL     ANSEL       
Message[302]: Register in operand not in bank 0.  Ensure that bank bits are correct.
0002   0188           00023         CLRF        ANSEL
Message[302]: Register in operand not in bank 0.  Ensure that bank bits are correct.
0003   0189           00024         CLRF        ANSELH
                      00025 
0004   1683 1303      00026         BANKSEL     TRISA       
0006   30FF           00027         MOVLW       0xFF
Message[302]: Register in operand not in bank 0.  Ensure that bank bits are correct.
0007   0086           00028         MOVWF       TRISB
Message[302]: Register in operand not in bank 0.  Ensure that bank bits are correct.
0008   0185           00029         CLRF        TRISA
Message[302]: Register in operand not in bank 0.  Ensure that bank bits are correct.
0009   0187           00030         CLRF        TRISC
Message[302]: Register in operand not in bank 0.  Ensure that bank bits are correct.
000A   0188           00031         CLRF            TRISD
Message[302]: Register in operand not in bank 0.  Ensure that bank bits are correct.
000B   0189           00032         CLRF        TRISE
000C   30D4           00033         MOVLW       0XD4
Message[302]: Register in operand not in bank 0.  Ensure that bank bits are correct.
000D   0081           00034         MOVWF       OPTION_REG
MPASM  5.51                      88D2_5_5.ASM   3-22-2022  15:00:41         PAGE  2


LOC  OBJECT CODE     LINE SOURCE TEXT
  VALUE

                      00035 
000E   1283 1303      00036         BANKSEL     PORTA       
0010   0185           00037         CLRF        PORTA
0011   0181           00038         CLRF        TMR0
                      00039 
0012   3000           00040                 MOVLW   0x00    ;Aqui se limpian las variables a usar
0013   00B0           00041                 MOVWF   V1              ;1 por cada columna
0014   3000           00042                 MOVLW   0x00
0015   00B1           00043                 MOVWF   V2
0016   3000           00044                 MOVLW   0x00
0017   00B2           00045                 MOVWF   V3
0018   3000           00046                 MOVLW   0x00
0019   00B3           00047                 MOVWF   V4
001A   3000           00048                 MOVLW   0x00
001B   00B4           00049                 MOVWF   V5
001C   3000           00050                 MOVLW   0x00
001D   00B5           00051                 MOVWF   V6
001E   3000           00052                 MOVLW   0x00
001F   00B6           00053                 MOVWF   V7
0020   3000           00054                 MOVLW   0x00
0021   00B7           00055                 MOVWF   V8
                      00056 
0022   3000           00057 RIX             MOVLW   0x00    ;Aqui se limpian los contadores que identifica el sigueinte
0023   00B9           00058                 MOVWF   IX              ;valor de la columna 8
0024   3015           00059 RDX             MOVLW   0x15
0025   00C0           00060                 MOVWF   DX
                      00061 
                      00062 
0026   303C           00063 RNX             MOVLW   0x3C
0027   00A9           00064                 MOVWF   NX              
                      00065 
0028                  00066 C_P             
0028   0830           00067                 MOVF    V1,W
0029   0085           00068                 MOVWF   PORTA
002A   3001           00069                 MOVLW   0x01
002B   0087           00070                 MOVWF   PORTC
002C   207D           00071                 CALL    RET
                      00072                 
                      00073                 
002D   0831           00074                 MOVF    V2,W
002E   0085           00075                 MOVWF   PORTA
002F   3002           00076                 MOVLW   0x02
0030   0087           00077                 MOVWF   PORTC
0031   207D           00078                 CALL    RET
                      00079 
                      00080         
0032   0832           00081                 MOVF    V3,W
0033   0085           00082                 MOVWF   PORTA
0034   3004           00083                 MOVLW   0x04
0035   0087           00084                 MOVWF   PORTC           
0036   207D           00085                 CALL    RET     
                      00086 
                      00087         
MPASM  5.51                      88D2_5_5.ASM   3-22-2022  15:00:41         PAGE  3


LOC  OBJECT CODE     LINE SOURCE TEXT
  VALUE

0037   0833           00088                 MOVF    V4,W
0038   0085           00089                 MOVWF   PORTA
0039   3008           00090                 MOVLW   0x08
003A   0087           00091                 MOVWF   PORTC   
003B   207D           00092                 CALL    RET     
                      00093 
                      00094         
003C   0834           00095                 MOVF    V5,W
003D   0085           00096                 MOVWF   PORTA
003E   3010           00097                 MOVLW   0x10
003F   0087           00098                 MOVWF   PORTC           
0040   207D           00099                 CALL    RET     
                      00100 
                      00101         
0041   0835           00102                 MOVF    V6,W
0042   0085           00103                 MOVWF   PORTA
0043   3020           00104                 MOVLW   0x20
0044   0087           00105                 MOVWF   PORTC   
0045   207D           00106                 CALL    RET     
                      00107 
                      00108         
0046   0836           00109                 MOVF    V7,W
0047   0085           00110                 MOVWF   PORTA
0048   3040           00111                 MOVLW   0x40
0049   0087           00112                 MOVWF   PORTC   
004A   207D           00113                 CALL    RET     
                      00114 
                      00115         
004B   0837           00116                 MOVF    V8,W
004C   0085           00117                 MOVWF   PORTA
004D   3080           00118                 MOVLW   0x80
004E   0087           00119                 MOVWF   PORTC
004F   207D           00120                 CALL RET
                      00121 
0050   0BA9           00122                 DECFSZ  NX,F
0051   2828           00123                 GOTO    C_P
                      00124                 
0052   0831           00125                 MOVF    V2,W    ;este es el ciclo de desplazamiento
0053   00B0           00126                 MOVWF   V1
0054   0832           00127                 MOVF    V3,W
0055   00B1           00128                 MOVWF   V2
0056   0833           00129                 MOVF    V4,W
0057   00B2           00130                 MOVWF   V3      
0058   0834           00131                 MOVF    V5,W
0059   00B3           00132                 MOVWF   V4
005A   0835           00133                 MOVF    V6,W
005B   00B4           00134                 MOVWF   V5
005C   0836           00135                 MOVF    V7,W
005D   00B5           00136                 MOVWF   V6
005E   0837           00137                 MOVF    V8,W
005F   00B6           00138                 MOVWF   V7
0060   0839           00139                 MOVF    IX,W
0061   2067           00140                 CALL    TM8
MPASM  5.51                      88D2_5_5.ASM   3-22-2022  15:00:41         PAGE  4


LOC  OBJECT CODE     LINE SOURCE TEXT
  VALUE

0062   00B7           00141                 MOVWF   V8
Message[305]: Using default destination of 1 (file).
0063   0AB9           00142                 INCF    IX
Message[305]: Using default destination of 1 (file).
0064   0BC0           00143                 DECFSZ  DX
0065   2826           00144                 GOTO    RNX
0066   2822           00145                 GOTO    RIX
                      00146 
0067   0782           00147 TM8             ADDWF   PCL,F   ;aqui se ponen los valores para formar
0068   347E           00148                 RETLW   0x7E    ;las letras
0069   3412           00149                 RETLW   0x12
006A   3412           00150                 RETLW   0x12
006B   3412           00151                 RETLW   0x12
006C   347E           00152                 RETLW   0x7E
006D   3400           00153                 RETLW   0x00
006E   3400           00154                 RETLW   0x00
006F   341E           00155                 RETLW   0x1E
0070   3420           00156                 RETLW   0x20
0071   3440           00157                 RETLW   0x40
0072   3420           00158                 RETLW   0x20
0073   341E           00159                 RETLW   0x1E
0074   3400           00160                 RETLW   0x00
0075   3400           00161                 RETLW   0x00
0076   347E           00162                 RETLW   0x7E
0077   344A           00163                 RETLW   0x4A
0078   344A           00164                 RETLW   0x4A
0079   343C           00165                 RETLW   0x3C
007A   3400           00166                 RETLW   0x00
007B   3400           00167                 RETLW   0x00
007C   3400           00168                 RETLW   0x00
                      00169         
007D   30BF           00170 RET             MOVLW   0XBF
007E   0081           00171                 MOVWF   TMR0
007F   1D0B           00172 E_T0X   BTFSS   INTCON,T0IF
0080   287F           00173                 GOTO    E_T0X
0081   110B           00174                 BCF     INTCON,T0IF
0082   0008           00175                 RETURN
                      00176                 END
MPASM  5.51                      88D2_5_5.ASM   3-22-2022  15:00:41         PAGE  5


SYMBOL TABLE
  LABEL                             VALUE 

ABDEN                             00000000
ABDOVF                            00000007
ACKDT                             00000005
ACKEN                             00000004
ACKSTAT                           00000006
ADCON0                            0000001F
ADCON1                            0000009F
ADCS0                             00000006
ADCS1                             00000007
ADDEN                             00000003
ADFM                              00000007
ADIE                              00000006
ADIF                              00000006
ADON                              00000000
ADRESH                            0000001E
ADRESL                            0000009E
ANS0                              00000000
ANS1                              00000001
ANS10                             00000002
ANS11                             00000003
ANS12                             00000004
ANS13                             00000005
ANS2                              00000002
ANS3                              00000003
ANS4                              00000004
ANS5                              00000005
ANS6                              00000006
ANS7                              00000007
ANS8                              00000000
ANS9                              00000001
ANSEL                             00000188
ANSELH                            00000189
BAUDCTL                           00000187
BCLIE                             00000003
BCLIF                             00000003
BF                                00000000
BRG0                              00000000
BRG1                              00000001
BRG10                             00000002
BRG11                             00000003
BRG12                             00000004
BRG13                             00000005
BRG14                             00000006
BRG15                             00000007
BRG16                             00000003
BRG2                              00000002
BRG3                              00000003
BRG4                              00000004
BRG5                              00000005
BRG6                              00000006
BRG7                              00000007
BRG8                              00000000
BRG9                              00000001
MPASM  5.51                      88D2_5_5.ASM   3-22-2022  15:00:41         PAGE  6


SYMBOL TABLE
  LABEL                             VALUE 

BRGH                              00000002
C                                 00000000
C1CH0                             00000000
C1CH1                             00000001
C1IE                              00000005
C1IF                              00000005
C1OE                              00000005
C1ON                              00000007
C1OUT                             00000006
C1POL                             00000004
C1R                               00000002
C1RSEL                            00000005
C1SEN                             00000005
C2CH0                             00000000
C2CH1                             00000001
C2IE                              00000006
C2IF                              00000006
C2OE                              00000005
C2ON                              00000007
C2OUT                             00000006
C2POL                             00000004
C2R                               00000002
C2REN                             00000004
C2RSEL                            00000004
C2SYNC                            00000000
CCP1CON                           00000017
CCP1IE                            00000002
CCP1IF                            00000002
CCP1M0                            00000000
CCP1M1                            00000001
CCP1M2                            00000002
CCP1M3                            00000003
CCP1X                             00000005
CCP1Y                             00000004
CCP2CON                           0000001D
CCP2IE                            00000000
CCP2IF                            00000000
CCP2M0                            00000000
CCP2M1                            00000001
CCP2M2                            00000002
CCP2M3                            00000003
CCP2X                             00000005
CCP2Y                             00000004
CCPR1                             00000015
CCPR1H                            00000016
CCPR1L                            00000015
CCPR2                             0000001B
CCPR2H                            0000001C
CCPR2L                            0000001B
CHS0                              00000002
CHS1                              00000003
CHS2                              00000004
CHS3                              00000005
MPASM  5.51                      88D2_5_5.ASM   3-22-2022  15:00:41         PAGE  7


SYMBOL TABLE
  LABEL                             VALUE 

CKE                               00000006
CKP                               00000004
CM1CON0                           00000107
CM2CON0                           00000108
CM2CON1                           00000109
CREN                              00000004
CSRC                              00000007
C_P                               00000028
D                                 00000005
DATA_ADDRESS                      00000005
DC                                00000001
DC1B0                             00000004
DC1B1                             00000005
DC2B0                             00000004
DC2B1                             00000005
DX                                00000040
D_A                               00000005
D_NOT_A                           00000005
ECCPAS                            0000009C
ECCPAS0                           00000004
ECCPAS1                           00000005
ECCPAS2                           00000006
ECCPASE                           00000007
EEADR                             0000010D
EEADRH                            0000010F
EECON1                            0000018C
EECON2                            0000018D
EEDAT                             0000010C
EEDATA                            0000010C
EEDATH                            0000010E
EEIE                              00000004
EEIF                              00000004
EEPGD                             00000007
E_T0X                             0000007F
F                                 00000001
FERR                              00000002
FSR                               00000004
FVREN                             00000000
GCEN                              00000007
GIE                               00000007
GO                                00000001
GO_DONE                           00000001
GO_NOT_DONE                       00000001
HTS                               00000002
I2C_DATA                          00000005
I2C_READ                          00000002
I2C_START                         00000003
I2C_STOP                          00000004
INDF                              00000000
INTCON                            0000000B
INTE                              00000004
INTEDG                            00000006
INTF                              00000001
MPASM  5.51                      88D2_5_5.ASM   3-22-2022  15:00:41         PAGE  8


SYMBOL TABLE
  LABEL                             VALUE 

IOCB                              00000096
IOCB0                             00000000
IOCB1                             00000001
IOCB2                             00000002
IOCB3                             00000003
IOCB4                             00000004
IOCB5                             00000005
IOCB6                             00000006
IOCB7                             00000007
IRCF0                             00000004
IRCF1                             00000005
IRCF2                             00000006
IRP                               00000007
IX                                00000039
LTS                               00000001
MC1OUT                            00000007
MC2OUT                            00000006
MSK                               00000093
MSK0                              00000000
MSK1                              00000001
MSK2                              00000002
MSK3                              00000003
MSK4                              00000004
MSK5                              00000005
MSK6                              00000006
MSK7                              00000007
NOT_A                             00000005
NOT_ADDRESS                       00000005
NOT_BO                            00000000
NOT_BOR                           00000000
NOT_DONE                          00000001
NOT_PD                            00000003
NOT_POR                           00000001
NOT_RBPU                          00000007
NOT_RC8                           00000006
NOT_T1SYNC                        00000002
NOT_TO                            00000004
NOT_TX8                           00000006
NOT_W                             00000002
NOT_WRITE                         00000002
NX                                00000029
OERR                              00000001
OPTION_REG                        00000081
OSCCON                            0000008F
OSCTUNE                           00000090
OSFIE                             00000007
OSFIF                             00000007
OSTS                              00000003
P                                 00000004
P1M0                              00000006
P1M1                              00000007
PCL                               00000002
PCLATH                            0000000A
MPASM  5.51                      88D2_5_5.ASM   3-22-2022  15:00:41         PAGE  9


SYMBOL TABLE
  LABEL                             VALUE 

PCON                              0000008E
PDC0                              00000000
PDC1                              00000001
PDC2                              00000002
PDC3                              00000003
PDC4                              00000004
PDC5                              00000005
PDC6                              00000006
PEIE                              00000006
PEN                               00000002
PIE1                              0000008C
PIE2                              0000008D
PIR1                              0000000C
PIR2                              0000000D
PORTA                             00000005
PORTB                             00000006
PORTC                             00000007
PORTD                             00000008
PORTE                             00000009
PR2                               00000092
PRSEN                             00000007
PS0                               00000000
PS1                               00000001
PS2                               00000002
PSA                               00000003
PSSAC0                            00000002
PSSAC1                            00000003
PSSBD0                            00000000
PSSBD1                            00000001
PSTRCON                           0000009D
PULSR                             00000002
PULSS                             00000003
PWM1CON                           0000009B
R                                 00000002
RA0                               00000000
RA1                               00000001
RA2                               00000002
RA3                               00000003
RA4                               00000004
RA5                               00000005
RA6                               00000006
RA7                               00000007
RB0                               00000000
RB1                               00000001
RB2                               00000002
RB3                               00000003
RB4                               00000004
RB5                               00000005
RB6                               00000006
RB7                               00000007
RBIE                              00000003
RBIF                              00000000
RC0                               00000000
MPASM  5.51                      88D2_5_5.ASM   3-22-2022  15:00:41         PAGE 10


SYMBOL TABLE
  LABEL                             VALUE 

RC1                               00000001
RC2                               00000002
RC3                               00000003
RC4                               00000004
RC5                               00000005
RC6                               00000006
RC7                               00000007
RC8_9                             00000006
RC9                               00000006
RCD8                              00000000
RCEN                              00000003
RCIDL                             00000006
RCIE                              00000005
RCIF                              00000005
RCREG                             0000001A
RCSTA                             00000018
RD                                00000000
RD0                               00000000
RD1                               00000001
RD2                               00000002
RD3                               00000003
RD4                               00000004
RD5                               00000005
RD6                               00000006
RD7                               00000007
RDX                               00000024
RE0                               00000000
RE1                               00000001
RE2                               00000002
RE3                               00000003
READ_WRITE                        00000002
RET                               0000007D
RIX                               00000022
RNX                               00000026
RP0                               00000005
RP1                               00000006
RSEN                              00000001
RX9                               00000006
RX9D                              00000000
R_NOT_W                           00000002
R_W                               00000002
S                                 00000003
SBOREN                            00000004
SCKP                              00000004
SCS                               00000000
SEN                               00000000
SENDB                             00000003
SMP                               00000007
SPBRG                             00000099
SPBRGH                            0000009A
SPEN                              00000007
SR0                               00000006
SR1                               00000007
MPASM  5.51                      88D2_5_5.ASM   3-22-2022  15:00:41         PAGE 11


SYMBOL TABLE
  LABEL                             VALUE 

SRCON                             00000185
SREN                              00000005
SSPADD                            00000093
SSPBUF                            00000013
SSPCON                            00000014
SSPCON2                           00000091
SSPEN                             00000005
SSPIE                             00000003
SSPIF                             00000003
SSPM0                             00000000
SSPM1                             00000001
SSPM2                             00000002
SSPM3                             00000003
SSPMSK                            00000093
SSPOV                             00000006
SSPSTAT                           00000094
STATUS                            00000003
STRA                              00000000
STRB                              00000001
STRC                              00000002
STRD                              00000003
STRSYNC                           00000004
SWDTEN                            00000000
SYNC                              00000004
T0CS                              00000005
T0IE                              00000005
T0IF                              00000002
T0SE                              00000004
T1CKPS0                           00000004
T1CKPS1                           00000005
T1CON                             00000010
T1GINV                            00000007
T1GIV                             00000007
T1GSS                             00000001
T1INSYNC                          00000002
T1OSCEN                           00000003
T1SYNC                            00000002
T2CKPS0                           00000000
T2CKPS1                           00000001
T2CON                             00000012
TM8                               00000067
TMR0                              00000001
TMR0IE                            00000005
TMR0IF                            00000002
TMR1                              0000000E
TMR1CS                            00000001
TMR1GE                            00000006
TMR1H                             0000000F
TMR1IE                            00000000
TMR1IF                            00000000
TMR1L                             0000000E
TMR1ON                            00000000
TMR2                              00000011
MPASM  5.51                      88D2_5_5.ASM   3-22-2022  15:00:41         PAGE 12


SYMBOL TABLE
  LABEL                             VALUE 

TMR2IE                            00000001
TMR2IF                            00000001
TMR2ON                            00000002
TOUTPS0                           00000003
TOUTPS1                           00000004
TOUTPS2                           00000005
TOUTPS3                           00000006
TRISA                             00000085
TRISA0                            00000000
TRISA1                            00000001
TRISA2                            00000002
TRISA3                            00000003
TRISA4                            00000004
TRISA5                            00000005
TRISA6                            00000006
TRISA7                            00000007
TRISB                             00000086
TRISB0                            00000000
TRISB1                            00000001
TRISB2                            00000002
TRISB3                            00000003
TRISB4                            00000004
TRISB5                            00000005
TRISB6                            00000006
TRISB7                            00000007
TRISC                             00000087
TRISC0                            00000000
TRISC1                            00000001
TRISC2                            00000002
TRISC3                            00000003
TRISC4                            00000004
TRISC5                            00000005
TRISC6                            00000006
TRISC7                            00000007
TRISD                             00000088
TRISD0                            00000000
TRISD1                            00000001
TRISD2                            00000002
TRISD3                            00000003
TRISD4                            00000004
TRISD5                            00000005
TRISD6                            00000006
TRISD7                            00000007
TRISE                             00000089
TRISE0                            00000000
TRISE1                            00000001
TRISE2                            00000002
TRISE3                            00000003
TRMT                              00000001
TUN0                              00000000
TUN1                              00000001
TUN2                              00000002
TUN3                              00000003
MPASM  5.51                      88D2_5_5.ASM   3-22-2022  15:00:41         PAGE 13


SYMBOL TABLE
  LABEL                             VALUE 

TUN4                              00000004
TX8_9                             00000006
TX9                               00000006
TX9D                              00000000
TXD8                              00000000
TXEN                              00000005
TXIE                              00000004
TXIF                              00000004
TXREG                             00000019
TXSTA                             00000098
UA                                00000001
ULPWUE                            00000005
ULPWUIE                           00000002
ULPWUIF                           00000002
V1                                00000030
V2                                00000031
V3                                00000032
V4                                00000033
V5                                00000034
V6                                00000035
V7                                00000036
V8                                00000037
VCFG0                             00000004
VCFG1                             00000005
VR0                               00000000
VR1                               00000001
VR2                               00000002
VR3                               00000003
VRCON                             00000097
VREN                              00000007
VROE                              00000006
VRR                               00000005
VRSS                              00000004
W                                 00000000
WCOL                              00000007
WDTCON                            00000105
WDTPS0                            00000001
WDTPS1                            00000002
WDTPS2                            00000003
WDTPS3                            00000004
WPUB                              00000095
WPUB0                             00000000
WPUB1                             00000001
WPUB2                             00000002
WPUB3                             00000003
WPUB4                             00000004
WPUB5                             00000005
WPUB6                             00000006
WPUB7                             00000007
WR                                00000001
WREN                              00000002
WRERR                             00000003
WUE                               00000001
MPASM  5.51                      88D2_5_5.ASM   3-22-2022  15:00:41         PAGE 14


SYMBOL TABLE
  LABEL                             VALUE 

Z                                 00000002
_BOR21V                           00003EFF
_BOR40V                           00003FFF
_BOR4V_BOR21V                     00003EFF
_BOR4V_BOR40V                     00003FFF
_BOREN_NSLEEP                     00003EFF
_BOREN_OFF                        00003CFF
_BOREN_ON                         00003FFF
_BOREN_SBODEN                     00003DFF
_BOR_NSLEEP                       00003EFF
_BOR_OFF                          00003CFF
_BOR_ON                           00003FFF
_BOR_SBODEN                       00003DFF
_CONFIG1                          00002007
_CONFIG2                          00002008
_CPD_OFF                          00003FFF
_CPD_ON                           00003F7F
_CP_OFF                           00003FFF
_CP_ON                            00003FBF
_DEBUG_OFF                        00003FFF
_DEBUG_ON                         00001FFF
_DEVID1                           00002006
_EC_OSC                           00003FFB
_EXTRC                            00003FFF
_EXTRCIO                          00003FFE
_EXTRC_OSC_CLKOUT                 00003FFF
_EXTRC_OSC_NOCLKOUT               00003FFE
_FCMEN_OFF                        000037FF
_FCMEN_ON                         00003FFF
_FOSC_EC                          00003FFB
_FOSC_EXTRC_CLKOUT                00003FFF
_FOSC_EXTRC_NOCLKOUT              00003FFE
_FOSC_HS                          00003FFA
_FOSC_INTRC_CLKOUT                00003FFD
_FOSC_INTRC_NOCLKOUT              00003FFC
_FOSC_LP                          00003FF8
_FOSC_XT                          00003FF9
_HS_OSC                           00003FFA
_IDLOC0                           00002000
_IDLOC1                           00002001
_IDLOC2                           00002002
_IDLOC3                           00002003
_IESO_OFF                         00003BFF
_IESO_ON                          00003FFF
_INTOSC                           00003FFD
_INTOSCIO                         00003FFC
_INTRC_OSC_CLKOUT                 00003FFD
_INTRC_OSC_NOCLKOUT               00003FFC
_LP_OSC                           00003FF8
_LVP_OFF                          00002FFF
_LVP_ON                           00003FFF
_MCLRE_OFF                        00003FDF
_MCLRE_ON                         00003FFF
MPASM  5.51                      88D2_5_5.ASM   3-22-2022  15:00:41         PAGE 15


SYMBOL TABLE
  LABEL                             VALUE 

_PWRTE_OFF                        00003FFF
_PWRTE_ON                         00003FEF
_WDTE_OFF                         00003FF7
_WDTE_ON                          00003FFF
_WDT_OFF                          00003FF7
_WDT_ON                           00003FFF
_WRT_1FOURTH                      00003BFF
_WRT_256                          00003DFF
_WRT_HALF                         000039FF
_WRT_OFF                          00003FFF
_XT_OSC                           00003FF9
__16F887                          00000001


MEMORY USAGE MAP ('X' = Used,  '-' = Unused)

0000 : XXXXXXXXXXXXXXXX XXXXXXXXXXXXXXXX XXXXXXXXXXXXXXXX XXXXXXXXXXXXXXXX
0040 : XXXXXXXXXXXXXXXX XXXXXXXXXXXXXXXX XXXXXXXXXXXXXXXX XXXXXXXXXXXXXXXX
0080 : XXX------------- ---------------- ---------------- ----------------
2000 : -------XX------- ---------------- ---------------- ----------------

All other memory blocks unused.

Program Memory Words Used:   131
Program Memory Words Free:  8061


Errors   :     0
Warnings :     1 reported,     0 suppressed
Messages :    10 reported,     0 suppressed

