MPASM  5.51                          MSPI.ASM   11-7-2022  19:56:49         PAGE  1


LOC  OBJECT CODE     LINE SOURCE TEXT
  VALUE

Warning[215]: Processor superseded by command line.  Verify processor symbol.
                      00001         PROCESSOR       P16F887
                      00002         INCLUDE         <P16F887.INC>
                      00001         LIST
                      00002 
                      00003 ;==========================================================================
                      00004 ;  MPASM PIC16F887 processor include
                      00005 ; 
                      00006 ;  (c) Copyright 1999-2013 Microchip Technology, All rights reserved
                      00007 ;==========================================================================
                      00008 
                      00809         LIST
                      00003 
Warning[205]: Found directive in column 1. (__CONFIG)
2007   20D4           00004 __CONFIG _CONFIG1, (_INTRC_OSC_NOCLKOUT & _WDT_OFF & _PWRTE_OFF & _MCLRE_OFF & _CP_OFF & _CPD_OFF & _BOR
                            _OFF & _IESO_OFF & _FCMEN_OFF & _LVP_OFF & _DEBUG_OFF)
Warning[205]: Found directive in column 1. (__CONFIG)
2008   3FFF           00005 __CONFIG _CONFIG2, (_WRT_OFF & _BOR40V)
                      00006 
  00000020            00007 MX              EQU             0x20
  00000021            00008 VT              EQU             0x21
  00000022            00009 E1              EQU             0x22
  00000023            00010 E2              EQU             0x23
  00000024            00011 E3              EQU             0x24
  00000025            00012 E4              EQU             0x25
  00000026            00013 E5              EQU             0x26
  00000027            00014 M1              EQU             0x27
  00000028            00015 M2              EQU             0x28
  00000029            00016 M3              EQU             0x29
  00000030            00017 M4              EQU             0x30
  00000031            00018 M5              EQU             0x31
  00000032            00019 VX              EQU             0x32
                      00020 
                      00021                 ORG     0x00
                      00022  
0000   1683 1703      00023                 BANKSEL ANSEL
Message[302]: Register in operand not in bank 0.  Ensure that bank bits are correct.
0002   0189           00024                 CLRF    ANSELH
0003   3060           00025                 MOVLW   0x60
Message[302]: Register in operand not in bank 0.  Ensure that bank bits are correct.
0004   0088           00026                 MOVWF   ANSEL
                      00027 
0005   1683 1303      00028                 BANKSEL TRISA
                      00029 ;CONFIGURO ENTRADAS Y SALIDAS
0007   30FF           00030                 MOVLW   0xFF
Message[302]: Register in operand not in bank 0.  Ensure that bank bits are correct.
0008   0086           00031                 MOVWF   TRISB   ;PUERTO B ENTRADA SW
Message[302]: Register in operand not in bank 0.  Ensure that bank bits are correct.
0009   0185           00032                 CLRF    TRISA   ;PUERTO A SALIDA BL
000A   3010           00033                 MOVLW   0x10    ;0001 0000
Message[302]: Register in operand not in bank 0.  Ensure that bank bits are correct.
000B   0087           00034                 MOVWF   TRISC   ;SDI ENTRADA. SDO,SCK,CCP1 Y CCP2 SALIDAS 
000C   3000           00035                 MOVLW   0x00
MPASM  5.51                          MSPI.ASM   11-7-2022  19:56:49         PAGE  2


LOC  OBJECT CODE     LINE SOURCE TEXT
  VALUE

Message[302]: Register in operand not in bank 0.  Ensure that bank bits are correct.
000D   0088           00036                 MOVWF   TRISD
                      00037 ;CONFIGURO EL ADC
000E   3003           00038                 MOVLW   0x03
Message[302]: Register in operand not in bank 0.  Ensure that bank bits are correct.
000F   0089           00039                 MOVWF   TRISE   ;ACTIVO CANAL 5 Y 6
Message[302]: Register in operand not in bank 0.  Ensure that bank bits are correct.
0010   019F           00040                 CLRF    ADCON1
                      00041 ;CONFIGURO EL RETARDO
0011   30D0           00042                 MOVLW   0xD0
Message[302]: Register in operand not in bank 0.  Ensure that bank bits are correct.
0012   0081           00043                 MOVWF   OPTION_REG      ;PRESCALADOR TIMER0 EN 2us
                      00044 ;CONFIGURO EL PWM
0013   30FF           00045                 MOVLW   0xFF    ;AJUSTO PR2 A 255       
Message[302]: Register in operand not in bank 0.  Ensure that bank bits are correct.
0014   0092           00046                 MOVWF   PR2
                      00047 ;COMUNICACION SPI
0015   3000           00048                 MOVLW   0x00
Message[302]: Register in operand not in bank 0.  Ensure that bank bits are correct.
0016   0091           00049                 MOVWF   SSPCON2 ;I2C
0017   30C0           00050                 MOVLW   0xC0    ;1100 0000
Message[302]: Register in operand not in bank 0.  Ensure that bank bits are correct.
0018   0094           00051                 MOVWF   SSPSTAT ;BITS TRANSMITIDOS AL INICIO DE SCK
                      00052 
0019   1283 1303      00053                 BANKSEL PORTA
001B   3080           00054                 MOVLW   0x80
001C   009B           00055                 MOVWF   CCPR2L  ;AJUSTO DUTY CYCLE CON VC5
001D   0095           00056                 MOVWF   CCPR1L  ;AJUSTO DUTY CYCLE CON VC6
                      00057 
001E   300C           00058                 MOVLW   0x0C
001F   0097           00059                 MOVWF   CCP1CON
0020   009D           00060                 MOVWF   CCP2CON
0021   1788           00061                 BSF             PORTD,RD7
                      00062 
0022   1412           00063                 BSF             T2CON,0 ;PRESCALADOR EN 16
0023   1492           00064                 BSF             T2CON,1
                      00065                 
0024   108C           00066                 BCF             PIR1,TMR2IF
0025   1512           00067                 BSF             T2CON,TMR2ON ;ENCIENDO TMR2
0026   1C8C           00068 W1              BTFSS   PIR1,TMR2IF
0027   2???           00069                 GOTO    W1
                      00070 
0028   3030           00071                 MOVLW   0x30    ;0011 0000
0029   0094           00072                 MOVWF   SSPCON  ;ACTIVA PUERTOS SERIALES
                      00073 
002A   2???           00074                 CALL    RET
                      00075 
002B   0806           00076 C_P             MOVF    PORTB,W ;GUARDO LA ENTRADA DEL PUERTO B EN M1
002C   00A7           00077                 MOVWF   M1
                      00078 
002D   30D5           00079                 MOVLW   0xD5    ;ACTIVO CANAL 5
002E   009F           00080                 MOVWF   ADCON0  
002F   149F           00081                 BSF             ADCON0,GO_DONE  ;EMPIEZO CONVERSION
MPASM  5.51                          MSPI.ASM   11-7-2022  19:56:49         PAGE  3


LOC  OBJECT CODE     LINE SOURCE TEXT
  VALUE

0030   189F           00082 LC5             BTFSC   ADCON0,GO_DONE
0031   2???           00083                 GOTO    LC5
0032   081E           00084                 MOVF    ADRESH,W
0033   00A8           00085                 MOVWF   M2      ;GUARDO 8 BITS EN M2
0034   2???           00086                 CALL    L2B
0035   00A9           00087                 MOVWF   M3      ;GUARDO 2 BITS EN M3
                      00088 
0036   101F           00089                 BCF             ADCON0,ADON     ;APAGO ADC
0037   2???           00090                 CALL    RET
                      00091 
0038   30D9           00092                 MOVLW   0xD9    ;ACTIVO CANAL 6
0039   009F           00093                 MOVWF   ADCON0
003A   149F           00094                 BSF             ADCON0,GO_DONE  ;EMPIEZO CONVERSION
003B   189F           00095 LC6             BTFSC   ADCON0,GO_DONE
003C   2???           00096                 GOTO    LC6
003D   081E           00097                 MOVF    ADRESH,W
003E   00B0           00098                 MOVWF   M4      ;GUARDO 8 BITS EN M4
003F   2???           00099                 CALL    L2B
0040   00B1           00100                 MOVWF   M5      ;GUARDO 2 BITS EN M5
                      00101 
0041   101F           00102                 BCF             ADCON0,ADON
0042   2???           00103                 CALL    RET
                      00104 
0043   0822           00105                 MOVF    E1,W    ;SACO EL DATO RECIBIDO E1 AL PUERTO A
0044   0085           00106                 MOVWF   PORTA
0045   2???           00107                 CALL    RET
                      00108 
0046   0823           00109                 MOVF    E2,W    ;GENERO EL PWM1 CON LOS DATOS RECIBIDOS
0047   0095           00110                 MOVWF   CCPR1L
0048   0824           00111                 MOVF    E3,W
0049   0097           00112                 MOVWF   CCP1CON
004A   2???           00113                 CALL    RET
                      00114 
004B   0825           00115                 MOVF    E4,W    ;GENERO EL PWM2 CON LOS DATOS RECIBIDOS
004C   009B           00116                 MOVWF   CCPR2L
004D   0826           00117                 MOVF    E5,W
004E   009D           00118                 MOVWF   CCP2CON
004F   2???           00119                 CALL    RET
                      00120 
                      00121 ;EMPIEZO A MANDAR LOS DATOS AL ESCLAVO
                      00122 
0050   0827           00123                 MOVF    M1,W    ;ENVIO LA ENTRADA M1
0051   2???           00124                 CALL    MASTER
0052   00A0           00125                 MOVWF   MX              ;RECIBO DATOS QUE NO USO Y GUARDO EN MX
                      00126         
0053   0828           00127                 MOVF    M2,W    ;MANDO M2
0054   2???           00128                 CALL    MASTER
0055   00A2           00129                 MOVWF   E1      ;RECIBO E1
                      00130 
0056   0829           00131                 MOVF    M3,W    ;MANDO M3
0057   2???           00132                 CALL    MASTER
0058   00A3           00133                 MOVWF   E2      ;RECIBO E2
                      00134 
MPASM  5.51                          MSPI.ASM   11-7-2022  19:56:49         PAGE  4


LOC  OBJECT CODE     LINE SOURCE TEXT
  VALUE

0059   0830           00135                 MOVF    M4,W    ;MANDO M4
005A   2???           00136                 CALL    MASTER
005B   00A4           00137                 MOVWF   E3      ;RECIBO E3
                      00138 
005C   0831           00139                 MOVF    M5,W    ;MANDO M5
005D   2???           00140                 CALL    MASTER
005E   00A5           00141                 MOVWF   E4      ;RECIBO E4
                      00142 
005F   0820           00143                 MOVF    MX,W    ;MANDO BASURA DE MX
0060   2???           00144                 CALL    MASTER
0061   00A6           00145                 MOVWF   E5      ;RECIBO E5
                      00146         
0062   2???           00147                 CALL    RET
0063   2???           00148                 GOTO    C_P
                      00149 
0064   1388           00150 MASTER  BCF             PORTD,RD7       ;LIMPIO SS PARA INICIAR COMUNICACION
0065   0093           00151                 MOVWF   SSPBUF  ;MANDO M1 AL ESCLAVO
0066   1683 1303      00152                 BANKSEL TRISA
Message[302]: Register in operand not in bank 0.  Ensure that bank bits are correct.
0068   1C14           00153 BFL             BTFSS   SSPSTAT,BF      ;ESPERO A QUE EL BUFFER SE LLENE
0069   2???           00154                 GOTO    BFL
006A   1283 1303      00155                 BANKSEL PORTA
006C   0813           00156                 MOVF    SSPBUF,W        ;LEO LOS DATOS RECIBIDOS DEL ESCLAVO
006D   00B2           00157                 MOVWF   VX
006E   1788           00158                 BSF             PORTD,RD7       ;PONGO SS EN 1 PARA TERMINAR LA COMUNIACION
006F   2???           00159                 CALL    RET
0070   0832           00160                 MOVF    VX,W
0071   0008           00161                 RETURN  
                      00162 
0072                  00163 L2B             
0072   1683 1303      00164                 BANKSEL TRISA
Message[302]: Register in operand not in bank 0.  Ensure that bank bits are correct.
0074   081E           00165                 MOVF    ADRESL,W
0075   1283 1303      00166                 BANKSEL PORTA
0077   00A1           00167                 MOVWF   VT
0078   1003           00168                 BCF             STATUS,C
0079   0CA1           00169                 RRF             VT,F
007A   0CA1           00170                 RRF             VT,F
007B   300C           00171                 MOVLW   0x0C
007C   0421           00172                 IORWF   VT,W
007D   0008           00173                 RETURN
                      00174 
007E   30D5           00175 RET             MOVLW   0xD5
007F   0081           00176                 MOVWF   TMR0    ;PRESCALADOR 16us, TIMER0 62, TOTAL 3.113ms
0080   1D0B           00177 EDT0    BTFSS   INTCON,T0IF
0081   2???           00178                 GOTO    EDT0
0082   110B           00179                 BCF             INTCON,T0IF
0083   0008           00180                 RETURN  
                      00181 
20D4 3FFF             00182                 END     
MPASM  5.51                          MSPI.ASM   11-7-2022  19:56:49         PAGE  5


SYMBOL TABLE
  LABEL                             VALUE 

ABDEN                             00000000
ABDOVF                            00000007
ACKDT                             00000005
ACKEN                             00000004
ACKSTAT                           00000006
ADCON0                            0000001F
ADCON1                            0000009F
ADCS0                             00000006
ADCS1                             00000007
ADDEN                             00000003
ADFM                              00000007
ADIE                              00000006
ADIF                              00000006
ADON                              00000000
ADRESH                            0000001E
ADRESL                            0000009E
ANS0                              00000000
ANS1                              00000001
ANS10                             00000002
ANS11                             00000003
ANS12                             00000004
ANS13                             00000005
ANS2                              00000002
ANS3                              00000003
ANS4                              00000004
ANS5                              00000005
ANS6                              00000006
ANS7                              00000007
ANS8                              00000000
ANS9                              00000001
ANSEL                             00000188
ANSELH                            00000189
BAUDCTL                           00000187
BCLIE                             00000003
BCLIF                             00000003
BF                                00000000
BFL                               00000068
BRG0                              00000000
BRG1                              00000001
BRG10                             00000002
BRG11                             00000003
BRG12                             00000004
BRG13                             00000005
BRG14                             00000006
BRG15                             00000007
BRG16                             00000003
BRG2                              00000002
BRG3                              00000003
BRG4                              00000004
BRG5                              00000005
BRG6                              00000006
BRG7                              00000007
BRG8                              00000000
MPASM  5.51                          MSPI.ASM   11-7-2022  19:56:49         PAGE  6


SYMBOL TABLE
  LABEL                             VALUE 

BRG9                              00000001
BRGH                              00000002
C                                 00000000
C1CH0                             00000000
C1CH1                             00000001
C1IE                              00000005
C1IF                              00000005
C1OE                              00000005
C1ON                              00000007
C1OUT                             00000006
C1POL                             00000004
C1R                               00000002
C1RSEL                            00000005
C1SEN                             00000005
C2CH0                             00000000
C2CH1                             00000001
C2IE                              00000006
C2IF                              00000006
C2OE                              00000005
C2ON                              00000007
C2OUT                             00000006
C2POL                             00000004
C2R                               00000002
C2REN                             00000004
C2RSEL                            00000004
C2SYNC                            00000000
CCP1CON                           00000017
CCP1IE                            00000002
CCP1IF                            00000002
CCP1M0                            00000000
CCP1M1                            00000001
CCP1M2                            00000002
CCP1M3                            00000003
CCP1X                             00000005
CCP1Y                             00000004
CCP2CON                           0000001D
CCP2IE                            00000000
CCP2IF                            00000000
CCP2M0                            00000000
CCP2M1                            00000001
CCP2M2                            00000002
CCP2M3                            00000003
CCP2X                             00000005
CCP2Y                             00000004
CCPR1                             00000015
CCPR1H                            00000016
CCPR1L                            00000015
CCPR2                             0000001B
CCPR2H                            0000001C
CCPR2L                            0000001B
CHS0                              00000002
CHS1                              00000003
CHS2                              00000004
MPASM  5.51                          MSPI.ASM   11-7-2022  19:56:49         PAGE  7


SYMBOL TABLE
  LABEL                             VALUE 

CHS3                              00000005
CKE                               00000006
CKP                               00000004
CM1CON0                           00000107
CM2CON0                           00000108
CM2CON1                           00000109
CREN                              00000004
CSRC                              00000007
C_P                               0000002B
D                                 00000005
DATA_ADDRESS                      00000005
DC                                00000001
DC1B0                             00000004
DC1B1                             00000005
DC2B0                             00000004
DC2B1                             00000005
D_A                               00000005
D_NOT_A                           00000005
E1                                00000022
E2                                00000023
E3                                00000024
E4                                00000025
E5                                00000026
ECCPAS                            0000009C
ECCPAS0                           00000004
ECCPAS1                           00000005
ECCPAS2                           00000006
ECCPASE                           00000007
EDT0                              00000080
EEADR                             0000010D
EEADRH                            0000010F
EECON1                            0000018C
EECON2                            0000018D
EEDAT                             0000010C
EEDATA                            0000010C
EEDATH                            0000010E
EEIE                              00000004
EEIF                              00000004
EEPGD                             00000007
F                                 00000001
FERR                              00000002
FSR                               00000004
FVREN                             00000000
GCEN                              00000007
GIE                               00000007
GO                                00000001
GO_DONE                           00000001
GO_NOT_DONE                       00000001
HTS                               00000002
I2C_DATA                          00000005
I2C_READ                          00000002
I2C_START                         00000003
I2C_STOP                          00000004
MPASM  5.51                          MSPI.ASM   11-7-2022  19:56:49         PAGE  8


SYMBOL TABLE
  LABEL                             VALUE 

INDF                              00000000
INTCON                            0000000B
INTE                              00000004
INTEDG                            00000006
INTF                              00000001
IOCB                              00000096
IOCB0                             00000000
IOCB1                             00000001
IOCB2                             00000002
IOCB3                             00000003
IOCB4                             00000004
IOCB5                             00000005
IOCB6                             00000006
IOCB7                             00000007
IRCF0                             00000004
IRCF1                             00000005
IRCF2                             00000006
IRP                               00000007
L2B                               00000072
LC5                               00000030
LC6                               0000003B
LTS                               00000001
M1                                00000027
M2                                00000028
M3                                00000029
M4                                00000030
M5                                00000031
MASTER                            00000064
MC1OUT                            00000007
MC2OUT                            00000006
MSK                               00000093
MSK0                              00000000
MSK1                              00000001
MSK2                              00000002
MSK3                              00000003
MSK4                              00000004
MSK5                              00000005
MSK6                              00000006
MSK7                              00000007
MX                                00000020
NOT_A                             00000005
NOT_ADDRESS                       00000005
NOT_BO                            00000000
NOT_BOR                           00000000
NOT_DONE                          00000001
NOT_PD                            00000003
NOT_POR                           00000001
NOT_RBPU                          00000007
NOT_RC8                           00000006
NOT_T1SYNC                        00000002
NOT_TO                            00000004
NOT_TX8                           00000006
NOT_W                             00000002
MPASM  5.51                          MSPI.ASM   11-7-2022  19:56:49         PAGE  9


SYMBOL TABLE
  LABEL                             VALUE 

NOT_WRITE                         00000002
OERR                              00000001
OPTION_REG                        00000081
OSCCON                            0000008F
OSCTUNE                           00000090
OSFIE                             00000007
OSFIF                             00000007
OSTS                              00000003
P                                 00000004
P1M0                              00000006
P1M1                              00000007
PCL                               00000002
PCLATH                            0000000A
PCON                              0000008E
PDC0                              00000000
PDC1                              00000001
PDC2                              00000002
PDC3                              00000003
PDC4                              00000004
PDC5                              00000005
PDC6                              00000006
PEIE                              00000006
PEN                               00000002
PIE1                              0000008C
PIE2                              0000008D
PIR1                              0000000C
PIR2                              0000000D
PORTA                             00000005
PORTB                             00000006
PORTC                             00000007
PORTD                             00000008
PORTE                             00000009
PR2                               00000092
PRSEN                             00000007
PS0                               00000000
PS1                               00000001
PS2                               00000002
PSA                               00000003
PSSAC0                            00000002
PSSAC1                            00000003
PSSBD0                            00000000
PSSBD1                            00000001
PSTRCON                           0000009D
PULSR                             00000002
PULSS                             00000003
PWM1CON                           0000009B
R                                 00000002
RA0                               00000000
RA1                               00000001
RA2                               00000002
RA3                               00000003
RA4                               00000004
RA5                               00000005
MPASM  5.51                          MSPI.ASM   11-7-2022  19:56:49         PAGE 10


SYMBOL TABLE
  LABEL                             VALUE 

RA6                               00000006
RA7                               00000007
RB0                               00000000
RB1                               00000001
RB2                               00000002
RB3                               00000003
RB4                               00000004
RB5                               00000005
RB6                               00000006
RB7                               00000007
RBIE                              00000003
RBIF                              00000000
RC0                               00000000
RC1                               00000001
RC2                               00000002
RC3                               00000003
RC4                               00000004
RC5                               00000005
RC6                               00000006
RC7                               00000007
RC8_9                             00000006
RC9                               00000006
RCD8                              00000000
RCEN                              00000003
RCIDL                             00000006
RCIE                              00000005
RCIF                              00000005
RCREG                             0000001A
RCSTA                             00000018
RD                                00000000
RD0                               00000000
RD1                               00000001
RD2                               00000002
RD3                               00000003
RD4                               00000004
RD5                               00000005
RD6                               00000006
RD7                               00000007
RE0                               00000000
RE1                               00000001
RE2                               00000002
RE3                               00000003
READ_WRITE                        00000002
RET                               0000007E
RP0                               00000005
RP1                               00000006
RSEN                              00000001
RX9                               00000006
RX9D                              00000000
R_NOT_W                           00000002
R_W                               00000002
S                                 00000003
SBOREN                            00000004
MPASM  5.51                          MSPI.ASM   11-7-2022  19:56:49         PAGE 11


SYMBOL TABLE
  LABEL                             VALUE 

SCKP                              00000004
SCS                               00000000
SEN                               00000000
SENDB                             00000003
SMP                               00000007
SPBRG                             00000099
SPBRGH                            0000009A
SPEN                              00000007
SR0                               00000006
SR1                               00000007
SRCON                             00000185
SREN                              00000005
SSPADD                            00000093
SSPBUF                            00000013
SSPCON                            00000014
SSPCON2                           00000091
SSPEN                             00000005
SSPIE                             00000003
SSPIF                             00000003
SSPM0                             00000000
SSPM1                             00000001
SSPM2                             00000002
SSPM3                             00000003
SSPMSK                            00000093
SSPOV                             00000006
SSPSTAT                           00000094
STATUS                            00000003
STRA                              00000000
STRB                              00000001
STRC                              00000002
STRD                              00000003
STRSYNC                           00000004
SWDTEN                            00000000
SYNC                              00000004
T0CS                              00000005
T0IE                              00000005
T0IF                              00000002
T0SE                              00000004
T1CKPS0                           00000004
T1CKPS1                           00000005
T1CON                             00000010
T1GINV                            00000007
T1GIV                             00000007
T1GSS                             00000001
T1INSYNC                          00000002
T1OSCEN                           00000003
T1SYNC                            00000002
T2CKPS0                           00000000
T2CKPS1                           00000001
T2CON                             00000012
TMR0                              00000001
TMR0IE                            00000005
TMR0IF                            00000002
MPASM  5.51                          MSPI.ASM   11-7-2022  19:56:49         PAGE 12


SYMBOL TABLE
  LABEL                             VALUE 

TMR1                              0000000E
TMR1CS                            00000001
TMR1GE                            00000006
TMR1H                             0000000F
TMR1IE                            00000000
TMR1IF                            00000000
TMR1L                             0000000E
TMR1ON                            00000000
TMR2                              00000011
TMR2IE                            00000001
TMR2IF                            00000001
TMR2ON                            00000002
TOUTPS0                           00000003
TOUTPS1                           00000004
TOUTPS2                           00000005
TOUTPS3                           00000006
TRISA                             00000085
TRISA0                            00000000
TRISA1                            00000001
TRISA2                            00000002
TRISA3                            00000003
TRISA4                            00000004
TRISA5                            00000005
TRISA6                            00000006
TRISA7                            00000007
TRISB                             00000086
TRISB0                            00000000
TRISB1                            00000001
TRISB2                            00000002
TRISB3                            00000003
TRISB4                            00000004
TRISB5                            00000005
TRISB6                            00000006
TRISB7                            00000007
TRISC                             00000087
TRISC0                            00000000
TRISC1                            00000001
TRISC2                            00000002
TRISC3                            00000003
TRISC4                            00000004
TRISC5                            00000005
TRISC6                            00000006
TRISC7                            00000007
TRISD                             00000088
TRISD0                            00000000
TRISD1                            00000001
TRISD2                            00000002
TRISD3                            00000003
TRISD4                            00000004
TRISD5                            00000005
TRISD6                            00000006
TRISD7                            00000007
TRISE                             00000089
MPASM  5.51                          MSPI.ASM   11-7-2022  19:56:49         PAGE 13


SYMBOL TABLE
  LABEL                             VALUE 

TRISE0                            00000000
TRISE1                            00000001
TRISE2                            00000002
TRISE3                            00000003
TRMT                              00000001
TUN0                              00000000
TUN1                              00000001
TUN2                              00000002
TUN3                              00000003
TUN4                              00000004
TX8_9                             00000006
TX9                               00000006
TX9D                              00000000
TXD8                              00000000
TXEN                              00000005
TXIE                              00000004
TXIF                              00000004
TXREG                             00000019
TXSTA                             00000098
UA                                00000001
ULPWUE                            00000005
ULPWUIE                           00000002
ULPWUIF                           00000002
VCFG0                             00000004
VCFG1                             00000005
VR0                               00000000
VR1                               00000001
VR2                               00000002
VR3                               00000003
VRCON                             00000097
VREN                              00000007
VROE                              00000006
VRR                               00000005
VRSS                              00000004
VT                                00000021
VX                                00000032
W                                 00000000
W1                                00000026
WCOL                              00000007
WDTCON                            00000105
WDTPS0                            00000001
WDTPS1                            00000002
WDTPS2                            00000003
WDTPS3                            00000004
WPUB                              00000095
WPUB0                             00000000
WPUB1                             00000001
WPUB2                             00000002
WPUB3                             00000003
WPUB4                             00000004
WPUB5                             00000005
WPUB6                             00000006
WPUB7                             00000007
MPASM  5.51                          MSPI.ASM   11-7-2022  19:56:49         PAGE 14


SYMBOL TABLE
  LABEL                             VALUE 

WR                                00000001
WREN                              00000002
WRERR                             00000003
WUE                               00000001
Z                                 00000002
_BOR21V                           00003EFF
_BOR40V                           00003FFF
_BOR4V_BOR21V                     00003EFF
_BOR4V_BOR40V                     00003FFF
_BOREN_NSLEEP                     00003EFF
_BOREN_OFF                        00003CFF
_BOREN_ON                         00003FFF
_BOREN_SBODEN                     00003DFF
_BOR_NSLEEP                       00003EFF
_BOR_OFF                          00003CFF
_BOR_ON                           00003FFF
_BOR_SBODEN                       00003DFF
_CONFIG1                          00002007
_CONFIG2                          00002008
_CPD_OFF                          00003FFF
_CPD_ON                           00003F7F
_CP_OFF                           00003FFF
_CP_ON                            00003FBF
_DEBUG_OFF                        00003FFF
_DEBUG_ON                         00001FFF
_DEVID1                           00002006
_EC_OSC                           00003FFB
_EXTRC                            00003FFF
_EXTRCIO                          00003FFE
_EXTRC_OSC_CLKOUT                 00003FFF
_EXTRC_OSC_NOCLKOUT               00003FFE
_FCMEN_OFF                        000037FF
_FCMEN_ON                         00003FFF
_FOSC_EC                          00003FFB
_FOSC_EXTRC_CLKOUT                00003FFF
_FOSC_EXTRC_NOCLKOUT              00003FFE
_FOSC_HS                          00003FFA
_FOSC_INTRC_CLKOUT                00003FFD
_FOSC_INTRC_NOCLKOUT              00003FFC
_FOSC_LP                          00003FF8
_FOSC_XT                          00003FF9
_HS_OSC                           00003FFA
_IDLOC0                           00002000
_IDLOC1                           00002001
_IDLOC2                           00002002
_IDLOC3                           00002003
_IESO_OFF                         00003BFF
_IESO_ON                          00003FFF
_INTOSC                           00003FFD
_INTOSCIO                         00003FFC
_INTRC_OSC_CLKOUT                 00003FFD
_INTRC_OSC_NOCLKOUT               00003FFC
_LP_OSC                           00003FF8
MPASM  5.51                          MSPI.ASM   11-7-2022  19:56:49         PAGE 15


SYMBOL TABLE
  LABEL                             VALUE 

_LVP_OFF                          00002FFF
_LVP_ON                           00003FFF
_MCLRE_OFF                        00003FDF
_MCLRE_ON                         00003FFF
_PWRTE_OFF                        00003FFF
_PWRTE_ON                         00003FEF
_WDTE_OFF                         00003FF7
_WDTE_ON                          00003FFF
_WDT_OFF                          00003FF7
_WDT_ON                           00003FFF
_WRT_1FOURTH                      00003BFF
_WRT_256                          00003DFF
_WRT_HALF                         000039FF
_WRT_OFF                          00003FFF
_XT_OSC                           00003FF9
__16F887                          00000001
__DEBUG                           1

Errors   :     0
Warnings :     3 reported,     0 suppressed
Messages :    14 reported,     0 suppressed

