MPASM  5.51                   ADC_DISPLAY.ASM   10-24-2022  23:31:32         PAGE  1


LOC  OBJECT CODE     LINE SOURCE TEXT
  VALUE

Warning[205]: Found directive in column 1. (PROCESSOR)
Warning[215]: Processor superseded by command line.  Verify processor symbol.
                      00001 PROCESSOR   P16F887
                      00002                 INCLUDE     <P16F887.INC>
                      00001         LIST
                      00002 
                      00003 ;==========================================================================
                      00004 ;  MPASM PIC16F887 processor include
                      00005 ; 
                      00006 ;  (c) Copyright 1999-2013 Microchip Technology, All rights reserved
                      00007 ;==========================================================================
                      00008 
                      00809         LIST
                      00003 
2007   20D4           00004                 __CONFIG _CONFIG1, (_INTRC_OSC_NOCLKOUT & _WDT_OFF & _PWRTE_OFF & _MCLRE_OFF & _CP_OFF &
                             _CPD_OFF & _BOR_OFF & _IESO_OFF & _FCMEN_OFF & _LVP_OFF & _DEBUG_OFF)
2008   3FFF           00005                 __CONFIG _CONFIG2, (_WRT_OFF & _BOR40V)
                      00006 
                      00007 
                      00008 #DEFINE UNID_E  BSF             PORTC,0;UNIDADES
                      00009 #DEFINE DECE_E  BSF             PORTC,1;DECENS
                      00010 #DEFINE CEN_E   BSF             PORTC,2;CENTENAS
                      00011 #DEFINE MIL_E   BSF             PORTC,3;MILESS
                      00012 #DEFINE UNID_A  BCF             PORTC,0;UNIDADES
                      00013 #DEFINE DECE_A  BCF             PORTC,1;DECENS
                      00014 #DEFINE CEN_A   BCF             PORTC,2;CENTENAS
                      00015 #DEFINE MIL_A   BCF             PORTC,3;MILESS
                      00016 
  00000020            00017 MX              EQU     0x20
  00000021            00018 CX              EQU     0x21
  00000022            00019 DX              EQU     0x22
  00000023            00020 UX              EQU     0x23
  00000024            00021 XV              EQU     0x24
  00000025            00022 TCE             EQU     0x25
  00000026            00023 TDE             EQU     0x26
  00000027            00024 C51             EQU     0x27
  00000028            00025 C05             EQU     0x28
  00000029            00026 TTC             EQU     0x29
  0000002A            00027 TTD             EQU     0x2A
  0000002B            00028 X40             EQU     0x2B
  0000002C            00029 VAD             EQU 0x2C
  0000002D            00030 VA              EQU 0x2D
  0000002E            00031 VB              EQU 0x2E
                      00032         
                      00033                 ORG             0x00
                      00034         
0000   1683 1703      00035                 BANKSEL ANSEL
0002   3020           00036                 MOVLW   0x20
Message[302]: Register in operand not in bank 0.  Ensure that bank bits are correct.
0003   0088           00037                 MOVWF   ANSEL
Message[302]: Register in operand not in bank 0.  Ensure that bank bits are correct.
0004   0189           00038                 CLRF    ANSELH
                      00039         
MPASM  5.51                   ADC_DISPLAY.ASM   10-24-2022  23:31:32         PAGE  2


LOC  OBJECT CODE     LINE SOURCE TEXT
  VALUE

0005   1683 1303      00040                 BANKSEL TRISA
Message[302]: Register in operand not in bank 0.  Ensure that bank bits are correct.
0007   0185           00041                 CLRF    TRISA
Message[302]: Register in operand not in bank 0.  Ensure that bank bits are correct.
0008   0186           00042                 CLRF    TRISB
0009   3001           00043                 MOVLW   0x01
Message[302]: Register in operand not in bank 0.  Ensure that bank bits are correct.
000A   0089           00044                 MOVWF   TRISE
Message[302]: Register in operand not in bank 0.  Ensure that bank bits are correct.
000B   0188           00045                 CLRF    TRISD
Message[302]: Register in operand not in bank 0.  Ensure that bank bits are correct.
000C   0187           00046                 CLRF    TRISC
                      00047 
Message[302]: Register in operand not in bank 0.  Ensure that bank bits are correct.
000D   019F           00048                 CLRF    ADCON1
000E   30D4           00049                 MOVLW   0xD4
Message[302]: Register in operand not in bank 0.  Ensure that bank bits are correct.
000F   0081           00050                 MOVWF   OPTION_REG
                      00051         
0010   1283 1303      00052                 BANKSEL PORTA
0012   30D5           00053                 MOVLW   0xD5
0013   009F           00054                 MOVWF   ADCON0
                      00055 
                      00056 ;-------------------------------------------------------------  
                      00057 ;-------------------------------------------------------------                  
0014   01A0           00058 C_P             CLRF    MX
0015   01A1           00059                 CLRF    CX
0016   01A2           00060                 CLRF    DX
0017   01A3           00061                 CLRF    UX
                      00062 ;MUESTREO
0018   149F           00063                 BSF             ADCON0,GO_DONE
0019   189F           00064 EAD             BTFSC   ADCON0,GO_DONE
001A   2???           00065                 GOTO    EAD
001B   081E           00066                 MOVF    ADRESH,W
                      00067 
                      00068                 ;MOVLW  .0
                      00069                 ;MOVWF  VAD
                      00070                 ;---------------------------------
001C   2???           00071                 CALL    RCX ;ADQUIRIMOS IF WE HAVE UN VALOR EN CENTENAS 
001D   00A1           00072                 MOVWF   CX
                      00073         
001E   0829           00074                 MOVF    TTC,W   ;ADQUIRIMOS IF WE HAVE UN VALOR EN DECENAS 
001F   2???           00075                 CALL    RDX
0020   00A2           00076                 MOVWF   DX
                      00077 
0021   0829           00078                 MOVF    TTC,W   ;ADQUIRIMOS IF WE HAVE UN VALOR EN DECENAS 
0022   2???           00079                 CALL    RUX
0023   00A3           00080                 MOVWF   UX
                      00081 
0024   2???           00082                 CALL    VALDX
0025   0000           00083                 NOP
                      00084                 ;---------------------------------
0026   3028           00085                 MOVLW   .40
MPASM  5.51                   ADC_DISPLAY.ASM   10-24-2022  23:31:32         PAGE  3


LOC  OBJECT CODE     LINE SOURCE TEXT
  VALUE

0027   00AB           00086                 MOVWF   X40;;;;;;;;;;;;;;;;;
                      00087 
0028   0823           00088 CX40    MOVF    UX,W
0029   2???           00089                 CALL    T7S
002A   0085           00090                 MOVWF   PORTA
002B   1407           00091                 UNID_E
002C   2???           00092                 CALL    R625
002D   1007           00093                 UNID_A
                      00094 
002E   0822           00095                 MOVF    DX,W
002F   2???           00096                 CALL    T7S
0030   0085           00097                 MOVWF   PORTA
0031   1487           00098                 DECE_E
0032   2???           00099                 CALL    R625
0033   1087           00100                 DECE_A
                      00101                 
                      00102 ;               MOVLW   0x0A
                      00103 ;               CALL    T7S
                      00104 ;               MOVWF   PORTC
                      00105 ;               CEN_E
                      00106 ;               CALL    R625
                      00107 ;               CEN_A
                      00108         
0034   0821           00109                 MOVF    CX,W
0035   2???           00110                 CALL    T7S
0036   0085           00111                 MOVWF   PORTA
0037   1785           00112                 BSF             PORTA,7
0038   1507           00113                 CEN_E
0039   2???           00114                 CALL    R625
003A   1107           00115                 CEN_A
                      00116                 
003B   0820           00117                 MOVF    MX,W
003C   2???           00118                 CALL    T7S
003D   0085           00119                 MOVWF   PORTA
003E   1587           00120                 MIL_E
003F   2???           00121                 CALL    R625
0040   1187           00122                 MIL_A
                      00123         
0041   0BAB           00124                 DECFSZ  X40,F
0042   2???           00125                 GOTO    CX40            
0043   2???           00126                 GOTO    C_P
                      00127 ;-------------------------------------------------------------                  
                      00128 ;-------------------------------------------------------------          
0044   00A5           00129 RCX             MOVWF   TCE             ;VAL CENTENAS
0045   01A7           00130                 CLRF    C51             ;CONTIENE CENTENAS
0046   01A9           00131                 CLRF    TTC             ;REMANENTE
0047   3033           00132 R51             MOVLW   .51
0048   0225           00133                 SUBWF   TCE,W
0049   1C03           00134                 BTFSS   STATUS, C ;Si es un numero es mayor que 51
004A   2???           00135                 GOTO    RF51 ;The read number is bigger
004B   00A5           00136                 MOVWF   TCE; Se almacena el valor que sobraba 
004C   00A9           00137                 MOVWF   TTC;Se respalda 
004D   0AA7           00138                 INCF    C51,F ;Aumentamis las centenas en 1 
MPASM  5.51                   ADC_DISPLAY.ASM   10-24-2022  23:31:32         PAGE  4


LOC  OBJECT CODE     LINE SOURCE TEXT
  VALUE

004E   2???           00139                 GOTO    R51             ;Repetimos
004F   08A7           00140 RF51    MOVF    C51,F
0050   1D03           00141                 BTFSS   STATUS,Z ;Significa que no hay centenas 
0051   2???           00142                 GOTO    XF51 ;Si hay centenas 
0052   0825           00143                 MOVF    TCE,W   ;TRANS VAL CE COMO REMANENTE A DECENAS
0053   00A9           00144                 MOVWF   TTC     ;
0054   0827           00145 XF51    MOVF    C51,W
0055   0008           00146                 RETURN
                      00147 ;-------------------------------------------------------------  
0056   00A6           00148 RDX             MOVWF   TDE             ;VAL DECENAS
0057   01A8           00149                 CLRF    C05             ;CONT DEC
0058   01AA           00150                 CLRF    TTD             ;REMANENTE FROM CEN
0059   3005           00151 R05             MOVLW   .5
005A   0226           00152                 SUBWF   TDE,W
005B   1C03           00153                 BTFSS   STATUS, C
005C   2???           00154                 GOTO    RF05
005D   00A6           00155                 MOVWF   TDE
005E   00AA           00156                 MOVWF   TTD
005F   0AA8           00157                 INCF    C05,F
0060   2???           00158                 GOTO    R05             ;---
0061   08A8           00159 RF05    MOVF    C05,F
0062   1903           00160                 BTFSC   STATUS,Z
0063   2???           00161                 GOTO    C05CP
0064   2???           00162                 GOTO    C05CN
                      00163 
0065   0826           00164 C05CP   MOVF    TDE,W
0066   00AA           00165                 MOVWF   TTD
0067   2???           00166                 GOTO    XRF05   
                      00167                 
0068   08AA           00168 C05CN   MOVF    TTD,F   ;EV REM CERO
0069   1D03           00169                 BTFSS   STATUS,Z
006A   2???           00170                 GOTO    C05X
006B   3005           00171                 MOVLW   0x05
006C   00AA           00172                 MOVWF   TTD
                      00173 
006D   300A           00174 C05X    MOVLW   0x0A    ;SI CON = 10 DECREMENTAR Y CARGAR REM 05
006E   0228           00175                 SUBWF   C05,W
006F   1D03           00176                 BTFSS   STATUS,Z
0070   2???           00177                 GOTO    XRF05
0071   03A8           00178                 DECF    C05,F
0072   3005           00179                 MOVLW   0x05
0073   00AA           00180                 MOVWF   TTD             ;---
0074   0828           00181 XRF05   MOVF    C05,W
0075   0008           00182                 RETURN
                      00183 ;-------------------------------------------------------------  
                      00184 ;HERE WE DEFINE THE 5 BEHAVIOUR THAT WE SEE AT THE TABLE 
0076   00A4           00185 RUX             MOVWF   XV
0077   08A4           00186                 MOVF    XV,F
0078   1903           00187                 BTFSC   STATUS,Z
0079   2???           00188                 GOTO    XR0
                      00189 
007A   300B           00190                 MOVLW   .11
007B   0224           00191                 SUBWF   XV,W
MPASM  5.51                   ADC_DISPLAY.ASM   10-24-2022  23:31:32         PAGE  5


LOC  OBJECT CODE     LINE SOURCE TEXT
  VALUE

007C   1C03           00192                 BTFSS   STATUS,C
007D   2???           00193                 GOTO    XR1
                      00194 
007E   3010           00195                 MOVLW   .16
007F   0224           00196                 SUBWF   XV,W
0080   1C03           00197                 BTFSS   STATUS,C
0081   2???           00198                 GOTO    XR2
                      00199 
0082   3024           00200                 MOVLW   .36
0083   0224           00201                 SUBWF   XV,W
0084   1C03           00202                 BTFSS   STATUS,C
0085   2???           00203                 GOTO    XR3
                      00204 
0086   3029           00205                 MOVLW   .41
0087   0224           00206                 SUBWF   XV,W
0088   1C03           00207                 BTFSS   STATUS,C
0089   2???           00208                 GOTO    XR4
008A   2???           00209                 GOTO    XR5
                      00210 
008B   3400           00211 XR0             RETLW   0x00
                      00212 ;-------------------------------------------------------------  
                      00213 ;TABLA DE COMPORTAMIENTO DE LAS UNIDADES DE LOS VALORES QUE SE PARECEN EN EL BLOQUE 1
008C   082A           00214 XR1             MOVF    TTD,W
008D   0782           00215                 ADDWF   PCL,F
008E   0000           00216                 NOP
008F   3402           00217                 RETLW   0x02    
0090   3404           00218                 RETLW   0x04    
0091   3406           00219                 RETLW   0x06    
0092   3408           00220                 RETLW   0x08    
0093   3400           00221                 RETLW   0x00
                      00222 ;TABLA DE COMPORTAMIENTO DE LAS UNIDADES DE LOS VALORES QUE SE PARECEN EN EL BLOQUE 2
0094   082A           00223 XR2             MOVF    TTD,W
0095   0782           00224                 ADDWF   PCL,F
0096   0000           00225                 NOP
0097   3402           00226                 RETLW   0x02    
0098   3404           00227                 RETLW   0x04    
0099   3405           00228                 RETLW   0x05    
009A   3407           00229                 RETLW   0x07    
009B   3409           00230                 RETLW   0x09
                      00231 ;TABLA DE COMPORTAMIENTO DE LAS UNIDADES DE LOS VALORES QUE SE PARECEN EN EL BLOQUE 3   
009C   082A           00232 XR3             MOVF    TTD,W
009D   0782           00233                 ADDWF   PCL,F
009E   0000           00234                 NOP
009F   3401           00235                 RETLW   0x01    
00A0   3403           00236                 RETLW   0x03    
00A1   3405           00237                 RETLW   0x05    
00A2   3407           00238                 RETLW   0x07    
00A3   3409           00239                 RETLW   0x09    
                      00240 ;TABLA DE COMPORTAMIENTO DE LAS UNIDADES DE LOS VALORES QUE SE PARECEN EN EL BLOQUE 4
00A4   082A           00241 XR4             MOVF    TTD,W
00A5   0782           00242                 ADDWF   PCL,F
00A6   0000           00243                 NOP
00A7   3401           00244                 RETLW   0x01    
MPASM  5.51                   ADC_DISPLAY.ASM   10-24-2022  23:31:32         PAGE  6


LOC  OBJECT CODE     LINE SOURCE TEXT
  VALUE

00A8   3403           00245                 RETLW   0x03    
00A9   3405           00246                 RETLW   0x05    
00AA   3406           00247                 RETLW   0x06    
00AB   3408           00248                 RETLW   0x08
                      00249 ;TABLA DE COMPORTAMIENTO DE LAS UNIDADES DE LOS VALORES QUE SE PARECEN EN EL BLOQUE 5
00AC   082A           00250 XR5             MOVF    TTD,W
00AD   0782           00251                 ADDWF   PCL,F
00AE   0000           00252                 NOP
00AF   3400           00253                 RETLW   0x00    
00B0   3402           00254                 RETLW   0x02    
00B1   3404           00255                 RETLW   0x04    
00B2   3406           00256                 RETLW   0x06    
00B3   3408           00257                 RETLW   0x08
                      00258 ;-------------------------------------------------------------
                      00259 ;HERE WE ALREADY HAVE ALL THE VALUES ON HUNDREDS, TENS AND ONES AND WE ALSO GET THE REMAINDER 
00B4   300F           00260 VALDX   MOVLW   .15
00B5   0229           00261                 SUBWF   TTC,W
00B6   1903           00262                 BTFSC   STATUS,Z
00B7   2???           00263                 GOTO    ERR
00B8   3014           00264                 MOVLW   .20
00B9   0229           00265                 SUBWF   TTC,W
00BA   1903           00266                 BTFSC   STATUS,Z
00BB   2???           00267                 GOTO    ERR
00BC   3019           00268                 MOVLW   .25
00BD   0229           00269                 SUBWF   TTC,W
00BE   1903           00270                 BTFSC   STATUS,Z
00BF   2???           00271                 GOTO    ERR
00C0   301E           00272                 MOVLW   .30
00C1   0229           00273                 SUBWF   TTC,W
00C2   1903           00274                 BTFSC   STATUS,Z
00C3   2???           00275                 GOTO    ERR
00C4   3023           00276                 MOVLW   .35
00C5   0229           00277                 SUBWF   TTC,W
00C6   1903           00278                 BTFSC   STATUS,Z
00C7   2???           00279                 GOTO    ERR
00C8   3028           00280                 MOVLW   .40
00C9   0229           00281                 SUBWF   TTC,W
00CA   1903           00282                 BTFSC   STATUS,Z
00CB   2???           00283                 GOTO    ERR
00CC   302D           00284                 MOVLW   .45
00CD   0229           00285                 SUBWF   TTC,W
00CE   1903           00286                 BTFSC   STATUS,Z
00CF   2???           00287                 GOTO    ERR
00D0   0008           00288                 RETURN
00D1   03A2           00289 ERR             DECF    DX,F
00D2   0008           00290                 RETURN  
                      00291 ;-------------------------------------------------------------  
                      00292 
00D3   0782           00293 T7S                             ADDWF   PCL,F
00D4   343F           00294                                 RETLW   0x3F
00D5   3406           00295                                 RETLW   0x06
00D6   345B           00296                                 RETLW   0x5B
00D7   344F           00297                                 RETLW   0x4F
MPASM  5.51                   ADC_DISPLAY.ASM   10-24-2022  23:31:32         PAGE  7


LOC  OBJECT CODE     LINE SOURCE TEXT
  VALUE

00D8   3466           00298                                 RETLW   0x66
00D9   346D           00299                                 RETLW   0x6D
00DA   347D           00300                                 RETLW   0x7D
00DB   3407           00301                                 RETLW   0x07
00DC   347F           00302                                 RETLW   0x7F
00DD   3467           00303                                 RETLW   0x67
                      00304 
                      00305 
00DE   3006           00306 R625    MOVLW .6
00DF   00AE           00307                 MOVWF VB
00E0   30AB           00308 C_Z             MOVLW .171
00E1   00AD           00309                 MOVWF VA
00E2   0000           00310 C_A             NOP
00E3   0BAD           00311                 DECFSZ VA,F
00E4   2???           00312                 GOTO C_A
00E5   0BAE           00313                 DECFSZ VB,F
00E6   2???           00314                 GOTO C_Z
00E7   0008           00315                 RETURN
                      00316 
20D4 3FFF             00317                 END
MPASM  5.51                   ADC_DISPLAY.ASM   10-24-2022  23:31:32         PAGE  8


SYMBOL TABLE
  LABEL                             VALUE 

ABDEN                             00000000
ABDOVF                            00000007
ACKDT                             00000005
ACKEN                             00000004
ACKSTAT                           00000006
ADCON0                            0000001F
ADCON1                            0000009F
ADCS0                             00000006
ADCS1                             00000007
ADDEN                             00000003
ADFM                              00000007
ADIE                              00000006
ADIF                              00000006
ADON                              00000000
ADRESH                            0000001E
ADRESL                            0000009E
ANS0                              00000000
ANS1                              00000001
ANS10                             00000002
ANS11                             00000003
ANS12                             00000004
ANS13                             00000005
ANS2                              00000002
ANS3                              00000003
ANS4                              00000004
ANS5                              00000005
ANS6                              00000006
ANS7                              00000007
ANS8                              00000000
ANS9                              00000001
ANSEL                             00000188
ANSELH                            00000189
BAUDCTL                           00000187
BCLIE                             00000003
BCLIF                             00000003
BF                                00000000
BRG0                              00000000
BRG1                              00000001
BRG10                             00000002
BRG11                             00000003
BRG12                             00000004
BRG13                             00000005
BRG14                             00000006
BRG15                             00000007
BRG16                             00000003
BRG2                              00000002
BRG3                              00000003
BRG4                              00000004
BRG5                              00000005
BRG6                              00000006
BRG7                              00000007
BRG8                              00000000
BRG9                              00000001
MPASM  5.51                   ADC_DISPLAY.ASM   10-24-2022  23:31:32         PAGE  9


SYMBOL TABLE
  LABEL                             VALUE 

BRGH                              00000002
C                                 00000000
C05                               00000028
C05CN                             00000068
C05CP                             00000065
C05X                              0000006D
C1CH0                             00000000
C1CH1                             00000001
C1IE                              00000005
C1IF                              00000005
C1OE                              00000005
C1ON                              00000007
C1OUT                             00000006
C1POL                             00000004
C1R                               00000002
C1RSEL                            00000005
C1SEN                             00000005
C2CH0                             00000000
C2CH1                             00000001
C2IE                              00000006
C2IF                              00000006
C2OE                              00000005
C2ON                              00000007
C2OUT                             00000006
C2POL                             00000004
C2R                               00000002
C2REN                             00000004
C2RSEL                            00000004
C2SYNC                            00000000
C51                               00000027
CCP1CON                           00000017
CCP1IE                            00000002
CCP1IF                            00000002
CCP1M0                            00000000
CCP1M1                            00000001
CCP1M2                            00000002
CCP1M3                            00000003
CCP1X                             00000005
CCP1Y                             00000004
CCP2CON                           0000001D
CCP2IE                            00000000
CCP2IF                            00000000
CCP2M0                            00000000
CCP2M1                            00000001
CCP2M2                            00000002
CCP2M3                            00000003
CCP2X                             00000005
CCP2Y                             00000004
CCPR1                             00000015
CCPR1H                            00000016
CCPR1L                            00000015
CCPR2                             0000001B
CCPR2H                            0000001C
MPASM  5.51                   ADC_DISPLAY.ASM   10-24-2022  23:31:32         PAGE 10


SYMBOL TABLE
  LABEL                             VALUE 

CCPR2L                            0000001B
CEN_A                             BCF             PORTC,2
CEN_E                             BSF             PORTC,2
CHS0                              00000002
CHS1                              00000003
CHS2                              00000004
CHS3                              00000005
CKE                               00000006
CKP                               00000004
CM1CON0                           00000107
CM2CON0                           00000108
CM2CON1                           00000109
CREN                              00000004
CSRC                              00000007
CX                                00000021
CX40                              00000028
C_A                               000000E2
C_P                               00000014
C_Z                               000000E0
D                                 00000005
DATA_ADDRESS                      00000005
DC                                00000001
DC1B0                             00000004
DC1B1                             00000005
DC2B0                             00000004
DC2B1                             00000005
DECE_A                            BCF             PORTC,1
DECE_E                            BSF             PORTC,1
DX                                00000022
D_A                               00000005
D_NOT_A                           00000005
EAD                               00000019
ECCPAS                            0000009C
ECCPAS0                           00000004
ECCPAS1                           00000005
ECCPAS2                           00000006
ECCPASE                           00000007
EEADR                             0000010D
EEADRH                            0000010F
EECON1                            0000018C
EECON2                            0000018D
EEDAT                             0000010C
EEDATA                            0000010C
EEDATH                            0000010E
EEIE                              00000004
EEIF                              00000004
EEPGD                             00000007
ERR                               000000D1
F                                 00000001
FERR                              00000002
FSR                               00000004
FVREN                             00000000
GCEN                              00000007
MPASM  5.51                   ADC_DISPLAY.ASM   10-24-2022  23:31:32         PAGE 11


SYMBOL TABLE
  LABEL                             VALUE 

GIE                               00000007
GO                                00000001
GO_DONE                           00000001
GO_NOT_DONE                       00000001
HTS                               00000002
I2C_DATA                          00000005
I2C_READ                          00000002
I2C_START                         00000003
I2C_STOP                          00000004
INDF                              00000000
INTCON                            0000000B
INTE                              00000004
INTEDG                            00000006
INTF                              00000001
IOCB                              00000096
IOCB0                             00000000
IOCB1                             00000001
IOCB2                             00000002
IOCB3                             00000003
IOCB4                             00000004
IOCB5                             00000005
IOCB6                             00000006
IOCB7                             00000007
IRCF0                             00000004
IRCF1                             00000005
IRCF2                             00000006
IRP                               00000007
LTS                               00000001
MC1OUT                            00000007
MC2OUT                            00000006
MIL_A                             BCF             PORTC,3
MIL_E                             BSF             PORTC,3
MSK                               00000093
MSK0                              00000000
MSK1                              00000001
MSK2                              00000002
MSK3                              00000003
MSK4                              00000004
MSK5                              00000005
MSK6                              00000006
MSK7                              00000007
MX                                00000020
NOT_A                             00000005
NOT_ADDRESS                       00000005
NOT_BO                            00000000
NOT_BOR                           00000000
NOT_DONE                          00000001
NOT_PD                            00000003
NOT_POR                           00000001
NOT_RBPU                          00000007
NOT_RC8                           00000006
NOT_T1SYNC                        00000002
NOT_TO                            00000004
MPASM  5.51                   ADC_DISPLAY.ASM   10-24-2022  23:31:32         PAGE 12


SYMBOL TABLE
  LABEL                             VALUE 

NOT_TX8                           00000006
NOT_W                             00000002
NOT_WRITE                         00000002
OERR                              00000001
OPTION_REG                        00000081
OSCCON                            0000008F
OSCTUNE                           00000090
OSFIE                             00000007
OSFIF                             00000007
OSTS                              00000003
P                                 00000004
P1M0                              00000006
P1M1                              00000007
PCL                               00000002
PCLATH                            0000000A
PCON                              0000008E
PDC0                              00000000
PDC1                              00000001
PDC2                              00000002
PDC3                              00000003
PDC4                              00000004
PDC5                              00000005
PDC6                              00000006
PEIE                              00000006
PEN                               00000002
PIE1                              0000008C
PIE2                              0000008D
PIR1                              0000000C
PIR2                              0000000D
PORTA                             00000005
PORTB                             00000006
PORTC                             00000007
PORTD                             00000008
PORTE                             00000009
PR2                               00000092
PRSEN                             00000007
PS0                               00000000
PS1                               00000001
PS2                               00000002
PSA                               00000003
PSSAC0                            00000002
PSSAC1                            00000003
PSSBD0                            00000000
PSSBD1                            00000001
PSTRCON                           0000009D
PULSR                             00000002
PULSS                             00000003
PWM1CON                           0000009B
R                                 00000002
R05                               00000059
R51                               00000047
R625                              000000DE
RA0                               00000000
MPASM  5.51                   ADC_DISPLAY.ASM   10-24-2022  23:31:32         PAGE 13


SYMBOL TABLE
  LABEL                             VALUE 

RA1                               00000001
RA2                               00000002
RA3                               00000003
RA4                               00000004
RA5                               00000005
RA6                               00000006
RA7                               00000007
RB0                               00000000
RB1                               00000001
RB2                               00000002
RB3                               00000003
RB4                               00000004
RB5                               00000005
RB6                               00000006
RB7                               00000007
RBIE                              00000003
RBIF                              00000000
RC0                               00000000
RC1                               00000001
RC2                               00000002
RC3                               00000003
RC4                               00000004
RC5                               00000005
RC6                               00000006
RC7                               00000007
RC8_9                             00000006
RC9                               00000006
RCD8                              00000000
RCEN                              00000003
RCIDL                             00000006
RCIE                              00000005
RCIF                              00000005
RCREG                             0000001A
RCSTA                             00000018
RCX                               00000044
RD                                00000000
RD0                               00000000
RD1                               00000001
RD2                               00000002
RD3                               00000003
RD4                               00000004
RD5                               00000005
RD6                               00000006
RD7                               00000007
RDX                               00000056
RE0                               00000000
RE1                               00000001
RE2                               00000002
RE3                               00000003
READ_WRITE                        00000002
RF05                              00000061
RF51                              0000004F
RP0                               00000005
MPASM  5.51                   ADC_DISPLAY.ASM   10-24-2022  23:31:32         PAGE 14


SYMBOL TABLE
  LABEL                             VALUE 

RP1                               00000006
RSEN                              00000001
RUX                               00000076
RX9                               00000006
RX9D                              00000000
R_NOT_W                           00000002
R_W                               00000002
S                                 00000003
SBOREN                            00000004
SCKP                              00000004
SCS                               00000000
SEN                               00000000
SENDB                             00000003
SMP                               00000007
SPBRG                             00000099
SPBRGH                            0000009A
SPEN                              00000007
SR0                               00000006
SR1                               00000007
SRCON                             00000185
SREN                              00000005
SSPADD                            00000093
SSPBUF                            00000013
SSPCON                            00000014
SSPCON2                           00000091
SSPEN                             00000005
SSPIE                             00000003
SSPIF                             00000003
SSPM0                             00000000
SSPM1                             00000001
SSPM2                             00000002
SSPM3                             00000003
SSPMSK                            00000093
SSPOV                             00000006
SSPSTAT                           00000094
STATUS                            00000003
STRA                              00000000
STRB                              00000001
STRC                              00000002
STRD                              00000003
STRSYNC                           00000004
SWDTEN                            00000000
SYNC                              00000004
T0CS                              00000005
T0IE                              00000005
T0IF                              00000002
T0SE                              00000004
T1CKPS0                           00000004
T1CKPS1                           00000005
T1CON                             00000010
T1GINV                            00000007
T1GIV                             00000007
T1GSS                             00000001
MPASM  5.51                   ADC_DISPLAY.ASM   10-24-2022  23:31:32         PAGE 15


SYMBOL TABLE
  LABEL                             VALUE 

T1INSYNC                          00000002
T1OSCEN                           00000003
T1SYNC                            00000002
T2CKPS0                           00000000
T2CKPS1                           00000001
T2CON                             00000012
T7S                               000000D3
TCE                               00000025
TDE                               00000026
TMR0                              00000001
TMR0IE                            00000005
TMR0IF                            00000002
TMR1                              0000000E
TMR1CS                            00000001
TMR1GE                            00000006
TMR1H                             0000000F
TMR1IE                            00000000
TMR1IF                            00000000
TMR1L                             0000000E
TMR1ON                            00000000
TMR2                              00000011
TMR2IE                            00000001
TMR2IF                            00000001
TMR2ON                            00000002
TOUTPS0                           00000003
TOUTPS1                           00000004
TOUTPS2                           00000005
TOUTPS3                           00000006
TRISA                             00000085
TRISA0                            00000000
TRISA1                            00000001
TRISA2                            00000002
TRISA3                            00000003
TRISA4                            00000004
TRISA5                            00000005
TRISA6                            00000006
TRISA7                            00000007
TRISB                             00000086
TRISB0                            00000000
TRISB1                            00000001
TRISB2                            00000002
TRISB3                            00000003
TRISB4                            00000004
TRISB5                            00000005
TRISB6                            00000006
TRISB7                            00000007
TRISC                             00000087
TRISC0                            00000000
TRISC1                            00000001
TRISC2                            00000002
TRISC3                            00000003
TRISC4                            00000004
TRISC5                            00000005
MPASM  5.51                   ADC_DISPLAY.ASM   10-24-2022  23:31:32         PAGE 16


SYMBOL TABLE
  LABEL                             VALUE 

TRISC6                            00000006
TRISC7                            00000007
TRISD                             00000088
TRISD0                            00000000
TRISD1                            00000001
TRISD2                            00000002
TRISD3                            00000003
TRISD4                            00000004
TRISD5                            00000005
TRISD6                            00000006
TRISD7                            00000007
TRISE                             00000089
TRISE0                            00000000
TRISE1                            00000001
TRISE2                            00000002
TRISE3                            00000003
TRMT                              00000001
TTC                               00000029
TTD                               0000002A
TUN0                              00000000
TUN1                              00000001
TUN2                              00000002
TUN3                              00000003
TUN4                              00000004
TX8_9                             00000006
TX9                               00000006
TX9D                              00000000
TXD8                              00000000
TXEN                              00000005
TXIE                              00000004
TXIF                              00000004
TXREG                             00000019
TXSTA                             00000098
UA                                00000001
ULPWUE                            00000005
ULPWUIE                           00000002
ULPWUIF                           00000002
UNID_A                            BCF             PORTC,0
UNID_E                            BSF             PORTC,0
UX                                00000023
VA                                0000002D
VAD                               0000002C
VALDX                             000000B4
VB                                0000002E
VCFG0                             00000004
VCFG1                             00000005
VR0                               00000000
VR1                               00000001
VR2                               00000002
VR3                               00000003
VRCON                             00000097
VREN                              00000007
VROE                              00000006
MPASM  5.51                   ADC_DISPLAY.ASM   10-24-2022  23:31:32         PAGE 17


SYMBOL TABLE
  LABEL                             VALUE 

VRR                               00000005
VRSS                              00000004
W                                 00000000
WCOL                              00000007
WDTCON                            00000105
WDTPS0                            00000001
WDTPS1                            00000002
WDTPS2                            00000003
WDTPS3                            00000004
WPUB                              00000095
WPUB0                             00000000
WPUB1                             00000001
WPUB2                             00000002
WPUB3                             00000003
WPUB4                             00000004
WPUB5                             00000005
WPUB6                             00000006
WPUB7                             00000007
WR                                00000001
WREN                              00000002
WRERR                             00000003
WUE                               00000001
X40                               0000002B
XF51                              00000054
XR0                               0000008B
XR1                               0000008C
XR2                               00000094
XR3                               0000009C
XR4                               000000A4
XR5                               000000AC
XRF05                             00000074
XV                                00000024
Z                                 00000002
_BOR21V                           00003EFF
_BOR40V                           00003FFF
_BOR4V_BOR21V                     00003EFF
_BOR4V_BOR40V                     00003FFF
_BOREN_NSLEEP                     00003EFF
_BOREN_OFF                        00003CFF
_BOREN_ON                         00003FFF
_BOREN_SBODEN                     00003DFF
_BOR_NSLEEP                       00003EFF
_BOR_OFF                          00003CFF
_BOR_ON                           00003FFF
_BOR_SBODEN                       00003DFF
_CONFIG1                          00002007
_CONFIG2                          00002008
_CPD_OFF                          00003FFF
_CPD_ON                           00003F7F
_CP_OFF                           00003FFF
_CP_ON                            00003FBF
_DEBUG_OFF                        00003FFF
_DEBUG_ON                         00001FFF
MPASM  5.51                   ADC_DISPLAY.ASM   10-24-2022  23:31:32         PAGE 18


SYMBOL TABLE
  LABEL                             VALUE 

_DEVID1                           00002006
_EC_OSC                           00003FFB
_EXTRC                            00003FFF
_EXTRCIO                          00003FFE
_EXTRC_OSC_CLKOUT                 00003FFF
_EXTRC_OSC_NOCLKOUT               00003FFE
_FCMEN_OFF                        000037FF
_FCMEN_ON                         00003FFF
_FOSC_EC                          00003FFB
_FOSC_EXTRC_CLKOUT                00003FFF
_FOSC_EXTRC_NOCLKOUT              00003FFE
_FOSC_HS                          00003FFA
_FOSC_INTRC_CLKOUT                00003FFD
_FOSC_INTRC_NOCLKOUT              00003FFC
_FOSC_LP                          00003FF8
_FOSC_XT                          00003FF9
_HS_OSC                           00003FFA
_IDLOC0                           00002000
_IDLOC1                           00002001
_IDLOC2                           00002002
_IDLOC3                           00002003
_IESO_OFF                         00003BFF
_IESO_ON                          00003FFF
_INTOSC                           00003FFD
_INTOSCIO                         00003FFC
_INTRC_OSC_CLKOUT                 00003FFD
_INTRC_OSC_NOCLKOUT               00003FFC
_LP_OSC                           00003FF8
_LVP_OFF                          00002FFF
_LVP_ON                           00003FFF
_MCLRE_OFF                        00003FDF
_MCLRE_ON                         00003FFF
_PWRTE_OFF                        00003FFF
_PWRTE_ON                         00003FEF
_WDTE_OFF                         00003FF7
_WDTE_ON                          00003FFF
_WDT_OFF                          00003FF7
_WDT_ON                           00003FFF
_WRT_1FOURTH                      00003BFF
_WRT_256                          00003DFF
_WRT_HALF                         000039FF
_WRT_OFF                          00003FFF
_XT_OSC                           00003FF9
__16F887                          00000001
__DEBUG                           1

Errors   :     0
Warnings :     2 reported,     0 suppressed
Messages :     9 reported,     0 suppressed

