MPASM  5.51               DISPLAY_ASCIEND.ASM   10-19-2022  11:24:13         PAGE  1


LOC  OBJECT CODE     LINE SOURCE TEXT
  VALUE

                      00001 ;*******************************************************            
                      00002 SUBT1V      MACRO       VAR1
                      00003             MOVLW       VAR1
                      00004             MOVWF       0X60
                      00005             CALL        ST1V
                      00006             ENDM
                      00007 ;*******************************************************            
                      00008 SUBT2V      MACRO       VAR1,VAR2
                      00009             MOVLW       VAR2
                      00010             MOVWF       0X61
                      00011             MOVLW       VAR1
                      00012             MOVWF       0X62
                      00013             CALL        ST2V
                      00014             ENDM
                      00015 ;*******************************************************            
                      00016 SUBT3V      MACRO       VAR1,VAR2,VAR3
                      00017             MOVLW       VAR1
                      00018             MOVWF       0X64
                      00019             MOVLW       VAR2
                      00020             MOVWF       0X65
                      00021             MOVLW       VAR3
                      00022             MOVWF       0X66
                      00023             CALL        ST3V
                      00024             ENDM
                      00025 ;*******************************************************                
                      00026                 
Warning[215]: Processor superseded by command line.  Verify processor symbol.
                      00027                 PROCESSOR       P16F887
                      00028                 INCLUDE         <P16F887.INC>
                      00001         LIST
                      00002 
                      00003 ;==========================================================================
                      00004 ;  MPASM PIC16F887 processor include
                      00005 ; 
                      00006 ;  (c) Copyright 1999-2013 Microchip Technology, All rights reserved
                      00007 ;==========================================================================
                      00008 
                      00809         LIST
                      00029 
2007   20D4           00030                 __CONFIG _CONFIG1, (_INTRC_OSC_NOCLKOUT & _WDT_OFF & _PWRTE_OFF & _MCLRE_OFF & _CP_OFF &
                             _CPD_OFF & _BOR_OFF & _IESO_OFF & _FCMEN_OFF & _LVP_OFF & _DEBUG_OFF)
2008   3FFF           00031                 __CONFIG _CONFIG2, (_WRT_OFF & _BOR40V)
                      00032                 
                      00033                 ORG     0x00
                      00034                 
                      00035 #DEFINE         UNID_E  BSF PORTC,0
                      00036 #DEFINE         UNID_A  BCF PORTC,0
                      00037 #DEFINE         DECE_E  BSF PORTC,1
                      00038 #DEFINE         DECE_A  BCF PORTC,1
                      00039 #DEFINE         CENTE_E BSF PORTC,2
                      00040 #DEFINE         CENTE_A BCF PORTC,2
                      00041 #DEFINE         MILL_E  BSF PORTC,3
                      00042 #DEFINE         MILL_A  BCF PORTC,3
MPASM  5.51               DISPLAY_ASCIEND.ASM   10-19-2022  11:24:13         PAGE  2


LOC  OBJECT CODE     LINE SOURCE TEXT
  VALUE

  00000020            00043 UNID            EQU     0x20
  00000021            00044 DECE            EQU     0x21
  00000022            00045 CENT            EQU     0x22
  00000023            00046 MILL            EQU     0x23
  00000024            00047 CONT60          EQU     0x24
                      00048                 
                      00049 
0000   1683 1703      00050                 BANKSEL ANSEL   ;CAMBIO BANCO 3
Message[302]: Register in operand not in bank 0.  Ensure that bank bits are correct.
0002   0188           00051                 CLRF    ANSEL
Message[302]: Register in operand not in bank 0.  Ensure that bank bits are correct.
0003   0189           00052                 CLRF    ANSELH
                      00053         
0004   1683 1303      00054                 BANKSEL TRISA   ;CAMBIO BANCO 1
Message[302]: Register in operand not in bank 0.  Ensure that bank bits are correct.
0006   0186           00055                 CLRF    TRISB
Message[302]: Register in operand not in bank 0.  Ensure that bank bits are correct.
0007   0185           00056                 CLRF    TRISA
Message[302]: Register in operand not in bank 0.  Ensure that bank bits are correct.
0008   0187           00057                 CLRF    TRISC
Message[302]: Register in operand not in bank 0.  Ensure that bank bits are correct.
0009   0188           00058                 CLRF    TRISD
Message[302]: Register in operand not in bank 0.  Ensure that bank bits are correct.
000A   0189           00059                 CLRF    TRISE
                      00060                 
                      00061 
000B   1283 1303      00062                 BANKSEL PORTA   ;CAMBIO BANCO 0 
                      00063                 
000D   0185           00064                 CLRF    PORTA
000E   0186           00065                 CLRF    PORTB
                      00066         
                      00067         
000F   01A3           00068 LIMPIAMIL:      CLRF    MILL
0010   01A2           00069 LIMPIACEN:      CLRF    CENT
0011   01A1           00070 LIMPIADEC:      CLRF    DECE
0012   01A0           00071 LIMPIAUNI:      CLRF    UNID
0013   300F           00072 REC60:  MOVLW   .15
0014   00A4           00073                 MOVWF   CONT60
                      00074                 
0015                  00075 DESPLEGADO:     
0015   0820           00076                 MOVF    UNID,W
0016   2???           00077                 CALL    SIETESEG
0017   0085           00078                 MOVWF   PORTA
0018   1407           00079                 UNID_E
0019   2???           00080                 CALL    RET
001A   1007           00081                 UNID_A
                      00082                 
001B   0821           00083                 MOVF    DECE,W
001C   2???           00084                 CALL    SIETESEG
001D   0085           00085                 MOVWF   PORTA
001E   1487           00086                 DECE_E
001F   2???           00087                 CALL    RET
0020   1087           00088                 DECE_A
MPASM  5.51               DISPLAY_ASCIEND.ASM   10-19-2022  11:24:13         PAGE  3


LOC  OBJECT CODE     LINE SOURCE TEXT
  VALUE

                      00089                 
0021   0822           00090                 MOVF    CENT,W
0022   2???           00091                 CALL    SIETESEG
0023   0085           00092                 MOVWF   PORTA
0024   1507           00093                 CENTE_E
0025   2???           00094                 CALL    RET
0026   1107           00095                 CENTE_A
                      00096 
0027   0823           00097                 MOVF    MILL,W
0028   2???           00098                 CALL    SIETESEG
0029   0085           00099                 MOVWF   PORTA
002A   1587           00100                 MILL_E
002B   2???           00101                 CALL    RET
002C   1187           00102                 MILL_A  
                      00103                 
002D   0BA4           00104                 DECFSZ  CONT60,F
002E   2???           00105                 GOTO    DESPLEGADO
                      00106                 
002F   0AA0           00107                 INCF    UNID,F
0030   300A           00108                 MOVLW   0x0A
0031   0620           00109                 XORWF   UNID,W
0032   1D03           00110                 BTFSS   STATUS,Z
0033   2???           00111                 GOTO    REC60
                      00112                 
0034   0AA1           00113                 INCF    DECE,F
0035   300A           00114                 MOVLW   0x0A
0036   0621           00115                 XORWF   DECE,W
0037   1D03           00116                 BTFSS   STATUS,Z
0038   2???           00117                 GOTO    LIMPIAUNI
                      00118                 
0039   0AA2           00119                 INCF    CENT,F
003A   300A           00120                 MOVLW   0x0A
003B   0622           00121                 XORWF   CENT,W
003C   1D03           00122                 BTFSS   STATUS,Z
003D   2???           00123                 GOTO    LIMPIADEC
                      00124                 
003E   0AA3           00125                 INCF    MILL,F
003F   300A           00126                 MOVLW   0x0A
0040   0623           00127                 XORWF   MILL,W
0041   1D03           00128                 BTFSS   STATUS,Z
0042   2???           00129                 GOTO    LIMPIACEN
0043   2???           00130                 GOTO    LIMPIAMIL
                      00131         
0044   0782           00132 SIETESEG:       ADDWF   PCL,F
0045   343F           00133                 RETLW   0x3F 
0046   3406           00134                 RETLW   0x06
0047   345B           00135                 RETLW   0x5B
0048   344F           00136                 RETLW   0x4F
0049   3466           00137                 RETLW   0x66    
004A   346D           00138                 RETLW   0x6D
004B   347D           00139                 RETLW   0x7D    
004C   3407           00140                 RETLW   0x07
004D   347F           00141                 RETLW   0x7F    
MPASM  5.51               DISPLAY_ASCIEND.ASM   10-19-2022  11:24:13         PAGE  4


LOC  OBJECT CODE     LINE SOURCE TEXT
  VALUE

004E   346F           00142                 RETLW   0x6F
004F   3477           00143                 RETLW   0x77    
0050   347C           00144                 RETLW   0x7C
0051   3439           00145                 RETLW   0x39     
0052   345E           00146                 RETLW   0x5E
0053   3479           00147                 RETLW   0x79    
0054   3471           00148                 RETLW   0x71
                      00149 
                      00150 RET:            SUBT2V  .2,.231 ;4166 us
0055   30E7               M             MOVLW       .231
0056   00E1               M             MOVWF       0X61
0057   3002               M             MOVLW       .2
0058   00E2               M             MOVWF       0X62
0059   2???               M             CALL        ST2V
005A   0008           00151                 RETURN
                      00152                 
                      00153 ;********************************************************************** 
005B   0000           00154 ST1V:           NOP
005C   0000           00155                 NOP
005D   0000           00156                 NOP
005E   0000           00157                 NOP
005F   0BE0           00158                 DECFSZ      0X60,F
0060   2???           00159                 GOTO        ST1V
0061   0008           00160                 RETURN
                      00161 ;**********************************************************************                 
0062   0862           00162 ST2V:           MOVF        0X62,W
0063   00E3           00163                 MOVWF       0X63
0064   0000           00164 DECRE2V:        NOP
0065   0000           00165                 NOP
0066   0000           00166                 NOP
0067   0000           00167                 NOP
0068   0BE3           00168                 DECFSZ      0X63,F
0069   2???           00169                 GOTO        DECRE2V
006A   0BE1           00170                 DECFSZ      0X61,F
006B   2???           00171                 GOTO        ST2V
006C   0008           00172                 RETURN
                      00173 ;**********************************************************************         
006D   0866           00174 ST3V:           MOVF        0X66,W
006E   00E7           00175                 MOVWF       0X67
006F   00E8           00176 RECARGA3V:      MOVWF       0X68
0070   0000           00177 DECRE3V:        NOP
0071   0000           00178                 NOP
0072   0000           00179                 NOP
0073   0000           00180                 NOP
0074   0BE8           00181                 DECFSZ      0X68,F
0075   2???           00182                 GOTO        DECRE3V
0076   0BE7           00183                 DECFSZ      0X67,F
0077   2???           00184                 GOTO        RECARGA3V
0078   0BE4           00185                 DECFSZ      0X64,F
0079   2???           00186                 GOTO        ST3V
007A   0008           00187                 RETURN
                      00188            
20D4 3FFF             00189                 END
MPASM  5.51               DISPLAY_ASCIEND.ASM   10-19-2022  11:24:13         PAGE  5


SYMBOL TABLE
  LABEL                             VALUE 

ABDEN                             00000000
ABDOVF                            00000007
ACKDT                             00000005
ACKEN                             00000004
ACKSTAT                           00000006
ADCON0                            0000001F
ADCON1                            0000009F
ADCS0                             00000006
ADCS1                             00000007
ADDEN                             00000003
ADFM                              00000007
ADIE                              00000006
ADIF                              00000006
ADON                              00000000
ADRESH                            0000001E
ADRESL                            0000009E
ANS0                              00000000
ANS1                              00000001
ANS10                             00000002
ANS11                             00000003
ANS12                             00000004
ANS13                             00000005
ANS2                              00000002
ANS3                              00000003
ANS4                              00000004
ANS5                              00000005
ANS6                              00000006
ANS7                              00000007
ANS8                              00000000
ANS9                              00000001
ANSEL                             00000188
ANSELH                            00000189
BAUDCTL                           00000187
BCLIE                             00000003
BCLIF                             00000003
BF                                00000000
BRG0                              00000000
BRG1                              00000001
BRG10                             00000002
BRG11                             00000003
BRG12                             00000004
BRG13                             00000005
BRG14                             00000006
BRG15                             00000007
BRG16                             00000003
BRG2                              00000002
BRG3                              00000003
BRG4                              00000004
BRG5                              00000005
BRG6                              00000006
BRG7                              00000007
BRG8                              00000000
BRG9                              00000001
MPASM  5.51               DISPLAY_ASCIEND.ASM   10-19-2022  11:24:13         PAGE  6


SYMBOL TABLE
  LABEL                             VALUE 

BRGH                              00000002
C                                 00000000
C1CH0                             00000000
C1CH1                             00000001
C1IE                              00000005
C1IF                              00000005
C1OE                              00000005
C1ON                              00000007
C1OUT                             00000006
C1POL                             00000004
C1R                               00000002
C1RSEL                            00000005
C1SEN                             00000005
C2CH0                             00000000
C2CH1                             00000001
C2IE                              00000006
C2IF                              00000006
C2OE                              00000005
C2ON                              00000007
C2OUT                             00000006
C2POL                             00000004
C2R                               00000002
C2REN                             00000004
C2RSEL                            00000004
C2SYNC                            00000000
CCP1CON                           00000017
CCP1IE                            00000002
CCP1IF                            00000002
CCP1M0                            00000000
CCP1M1                            00000001
CCP1M2                            00000002
CCP1M3                            00000003
CCP1X                             00000005
CCP1Y                             00000004
CCP2CON                           0000001D
CCP2IE                            00000000
CCP2IF                            00000000
CCP2M0                            00000000
CCP2M1                            00000001
CCP2M2                            00000002
CCP2M3                            00000003
CCP2X                             00000005
CCP2Y                             00000004
CCPR1                             00000015
CCPR1H                            00000016
CCPR1L                            00000015
CCPR2                             0000001B
CCPR2H                            0000001C
CCPR2L                            0000001B
CENT                              00000022
CENTE_A                           BCF PORTC,2
CENTE_E                           BSF PORTC,2
CHS0                              00000002
MPASM  5.51               DISPLAY_ASCIEND.ASM   10-19-2022  11:24:13         PAGE  7


SYMBOL TABLE
  LABEL                             VALUE 

CHS1                              00000003
CHS2                              00000004
CHS3                              00000005
CKE                               00000006
CKP                               00000004
CM1CON0                           00000107
CM2CON0                           00000108
CM2CON1                           00000109
CONT60                            00000024
CREN                              00000004
CSRC                              00000007
D                                 00000005
DATA_ADDRESS                      00000005
DC                                00000001
DC1B0                             00000004
DC1B1                             00000005
DC2B0                             00000004
DC2B1                             00000005
DECE                              00000021
DECE_A                            BCF PORTC,1
DECE_E                            BSF PORTC,1
DECRE2V                           00000064
DECRE3V                           00000070
DESPLEGADO                        00000015
D_A                               00000005
D_NOT_A                           00000005
ECCPAS                            0000009C
ECCPAS0                           00000004
ECCPAS1                           00000005
ECCPAS2                           00000006
ECCPASE                           00000007
EEADR                             0000010D
EEADRH                            0000010F
EECON1                            0000018C
EECON2                            0000018D
EEDAT                             0000010C
EEDATA                            0000010C
EEDATH                            0000010E
EEIE                              00000004
EEIF                              00000004
EEPGD                             00000007
F                                 00000001
FERR                              00000002
FSR                               00000004
FVREN                             00000000
GCEN                              00000007
GIE                               00000007
GO                                00000001
GO_DONE                           00000001
GO_NOT_DONE                       00000001
HTS                               00000002
I2C_DATA                          00000005
I2C_READ                          00000002
MPASM  5.51               DISPLAY_ASCIEND.ASM   10-19-2022  11:24:13         PAGE  8


SYMBOL TABLE
  LABEL                             VALUE 

I2C_START                         00000003
I2C_STOP                          00000004
INDF                              00000000
INTCON                            0000000B
INTE                              00000004
INTEDG                            00000006
INTF                              00000001
IOCB                              00000096
IOCB0                             00000000
IOCB1                             00000001
IOCB2                             00000002
IOCB3                             00000003
IOCB4                             00000004
IOCB5                             00000005
IOCB6                             00000006
IOCB7                             00000007
IRCF0                             00000004
IRCF1                             00000005
IRCF2                             00000006
IRP                               00000007
LIMPIACEN                         00000010
LIMPIADEC                         00000011
LIMPIAMIL                         0000000F
LIMPIAUNI                         00000012
LTS                               00000001
MC1OUT                            00000007
MC2OUT                            00000006
MILL                              00000023
MILL_A                            BCF PORTC,3
MILL_E                            BSF PORTC,3
MSK                               00000093
MSK0                              00000000
MSK1                              00000001
MSK2                              00000002
MSK3                              00000003
MSK4                              00000004
MSK5                              00000005
MSK6                              00000006
MSK7                              00000007
NOT_A                             00000005
NOT_ADDRESS                       00000005
NOT_BO                            00000000
NOT_BOR                           00000000
NOT_DONE                          00000001
NOT_PD                            00000003
NOT_POR                           00000001
NOT_RBPU                          00000007
NOT_RC8                           00000006
NOT_T1SYNC                        00000002
NOT_TO                            00000004
NOT_TX8                           00000006
NOT_W                             00000002
NOT_WRITE                         00000002
MPASM  5.51               DISPLAY_ASCIEND.ASM   10-19-2022  11:24:13         PAGE  9


SYMBOL TABLE
  LABEL                             VALUE 

OERR                              00000001
OPTION_REG                        00000081
OSCCON                            0000008F
OSCTUNE                           00000090
OSFIE                             00000007
OSFIF                             00000007
OSTS                              00000003
P                                 00000004
P1M0                              00000006
P1M1                              00000007
PCL                               00000002
PCLATH                            0000000A
PCON                              0000008E
PDC0                              00000000
PDC1                              00000001
PDC2                              00000002
PDC3                              00000003
PDC4                              00000004
PDC5                              00000005
PDC6                              00000006
PEIE                              00000006
PEN                               00000002
PIE1                              0000008C
PIE2                              0000008D
PIR1                              0000000C
PIR2                              0000000D
PORTA                             00000005
PORTB                             00000006
PORTC                             00000007
PORTD                             00000008
PORTE                             00000009
PR2                               00000092
PRSEN                             00000007
PS0                               00000000
PS1                               00000001
PS2                               00000002
PSA                               00000003
PSSAC0                            00000002
PSSAC1                            00000003
PSSBD0                            00000000
PSSBD1                            00000001
PSTRCON                           0000009D
PULSR                             00000002
PULSS                             00000003
PWM1CON                           0000009B
R                                 00000002
RA0                               00000000
RA1                               00000001
RA2                               00000002
RA3                               00000003
RA4                               00000004
RA5                               00000005
RA6                               00000006
MPASM  5.51               DISPLAY_ASCIEND.ASM   10-19-2022  11:24:13         PAGE 10


SYMBOL TABLE
  LABEL                             VALUE 

RA7                               00000007
RB0                               00000000
RB1                               00000001
RB2                               00000002
RB3                               00000003
RB4                               00000004
RB5                               00000005
RB6                               00000006
RB7                               00000007
RBIE                              00000003
RBIF                              00000000
RC0                               00000000
RC1                               00000001
RC2                               00000002
RC3                               00000003
RC4                               00000004
RC5                               00000005
RC6                               00000006
RC7                               00000007
RC8_9                             00000006
RC9                               00000006
RCD8                              00000000
RCEN                              00000003
RCIDL                             00000006
RCIE                              00000005
RCIF                              00000005
RCREG                             0000001A
RCSTA                             00000018
RD                                00000000
RD0                               00000000
RD1                               00000001
RD2                               00000002
RD3                               00000003
RD4                               00000004
RD5                               00000005
RD6                               00000006
RD7                               00000007
RE0                               00000000
RE1                               00000001
RE2                               00000002
RE3                               00000003
READ_WRITE                        00000002
REC60                             00000013
RECARGA3V                         0000006F
RET                               00000055
RP0                               00000005
RP1                               00000006
RSEN                              00000001
RX9                               00000006
RX9D                              00000000
R_NOT_W                           00000002
R_W                               00000002
S                                 00000003
MPASM  5.51               DISPLAY_ASCIEND.ASM   10-19-2022  11:24:13         PAGE 11


SYMBOL TABLE
  LABEL                             VALUE 

SBOREN                            00000004
SCKP                              00000004
SCS                               00000000
SEN                               00000000
SENDB                             00000003
SIETESEG                          00000044
SMP                               00000007
SPBRG                             00000099
SPBRGH                            0000009A
SPEN                              00000007
SR0                               00000006
SR1                               00000007
SRCON                             00000185
SREN                              00000005
SSPADD                            00000093
SSPBUF                            00000013
SSPCON                            00000014
SSPCON2                           00000091
SSPEN                             00000005
SSPIE                             00000003
SSPIF                             00000003
SSPM0                             00000000
SSPM1                             00000001
SSPM2                             00000002
SSPM3                             00000003
SSPMSK                            00000093
SSPOV                             00000006
SSPSTAT                           00000094
ST1V                              0000005B
ST2V                              00000062
ST3V                              0000006D
STATUS                            00000003
STRA                              00000000
STRB                              00000001
STRC                              00000002
STRD                              00000003
STRSYNC                           00000004
SUBT1V                            
SUBT2V                            
SUBT3V                            
SWDTEN                            00000000
SYNC                              00000004
T0CS                              00000005
T0IE                              00000005
T0IF                              00000002
T0SE                              00000004
T1CKPS0                           00000004
T1CKPS1                           00000005
T1CON                             00000010
T1GINV                            00000007
T1GIV                             00000007
T1GSS                             00000001
T1INSYNC                          00000002
MPASM  5.51               DISPLAY_ASCIEND.ASM   10-19-2022  11:24:13         PAGE 12


SYMBOL TABLE
  LABEL                             VALUE 

T1OSCEN                           00000003
T1SYNC                            00000002
T2CKPS0                           00000000
T2CKPS1                           00000001
T2CON                             00000012
TMR0                              00000001
TMR0IE                            00000005
TMR0IF                            00000002
TMR1                              0000000E
TMR1CS                            00000001
TMR1GE                            00000006
TMR1H                             0000000F
TMR1IE                            00000000
TMR1IF                            00000000
TMR1L                             0000000E
TMR1ON                            00000000
TMR2                              00000011
TMR2IE                            00000001
TMR2IF                            00000001
TMR2ON                            00000002
TOUTPS0                           00000003
TOUTPS1                           00000004
TOUTPS2                           00000005
TOUTPS3                           00000006
TRISA                             00000085
TRISA0                            00000000
TRISA1                            00000001
TRISA2                            00000002
TRISA3                            00000003
TRISA4                            00000004
TRISA5                            00000005
TRISA6                            00000006
TRISA7                            00000007
TRISB                             00000086
TRISB0                            00000000
TRISB1                            00000001
TRISB2                            00000002
TRISB3                            00000003
TRISB4                            00000004
TRISB5                            00000005
TRISB6                            00000006
TRISB7                            00000007
TRISC                             00000087
TRISC0                            00000000
TRISC1                            00000001
TRISC2                            00000002
TRISC3                            00000003
TRISC4                            00000004
TRISC5                            00000005
TRISC6                            00000006
TRISC7                            00000007
TRISD                             00000088
TRISD0                            00000000
MPASM  5.51               DISPLAY_ASCIEND.ASM   10-19-2022  11:24:13         PAGE 13


SYMBOL TABLE
  LABEL                             VALUE 

TRISD1                            00000001
TRISD2                            00000002
TRISD3                            00000003
TRISD4                            00000004
TRISD5                            00000005
TRISD6                            00000006
TRISD7                            00000007
TRISE                             00000089
TRISE0                            00000000
TRISE1                            00000001
TRISE2                            00000002
TRISE3                            00000003
TRMT                              00000001
TUN0                              00000000
TUN1                              00000001
TUN2                              00000002
TUN3                              00000003
TUN4                              00000004
TX8_9                             00000006
TX9                               00000006
TX9D                              00000000
TXD8                              00000000
TXEN                              00000005
TXIE                              00000004
TXIF                              00000004
TXREG                             00000019
TXSTA                             00000098
UA                                00000001
ULPWUE                            00000005
ULPWUIE                           00000002
ULPWUIF                           00000002
UNID                              00000020
UNID_A                            BCF PORTC,0
UNID_E                            BSF PORTC,0
VCFG0                             00000004
VCFG1                             00000005
VR0                               00000000
VR1                               00000001
VR2                               00000002
VR3                               00000003
VRCON                             00000097
VREN                              00000007
VROE                              00000006
VRR                               00000005
VRSS                              00000004
W                                 00000000
WCOL                              00000007
WDTCON                            00000105
WDTPS0                            00000001
WDTPS1                            00000002
WDTPS2                            00000003
WDTPS3                            00000004
WPUB                              00000095
MPASM  5.51               DISPLAY_ASCIEND.ASM   10-19-2022  11:24:13         PAGE 14


SYMBOL TABLE
  LABEL                             VALUE 

WPUB0                             00000000
WPUB1                             00000001
WPUB2                             00000002
WPUB3                             00000003
WPUB4                             00000004
WPUB5                             00000005
WPUB6                             00000006
WPUB7                             00000007
WR                                00000001
WREN                              00000002
WRERR                             00000003
WUE                               00000001
Z                                 00000002
_BOR21V                           00003EFF
_BOR40V                           00003FFF
_BOR4V_BOR21V                     00003EFF
_BOR4V_BOR40V                     00003FFF
_BOREN_NSLEEP                     00003EFF
_BOREN_OFF                        00003CFF
_BOREN_ON                         00003FFF
_BOREN_SBODEN                     00003DFF
_BOR_NSLEEP                       00003EFF
_BOR_OFF                          00003CFF
_BOR_ON                           00003FFF
_BOR_SBODEN                       00003DFF
_CONFIG1                          00002007
_CONFIG2                          00002008
_CPD_OFF                          00003FFF
_CPD_ON                           00003F7F
_CP_OFF                           00003FFF
_CP_ON                            00003FBF
_DEBUG_OFF                        00003FFF
_DEBUG_ON                         00001FFF
_DEVID1                           00002006
_EC_OSC                           00003FFB
_EXTRC                            00003FFF
_EXTRCIO                          00003FFE
_EXTRC_OSC_CLKOUT                 00003FFF
_EXTRC_OSC_NOCLKOUT               00003FFE
_FCMEN_OFF                        000037FF
_FCMEN_ON                         00003FFF
_FOSC_EC                          00003FFB
_FOSC_EXTRC_CLKOUT                00003FFF
_FOSC_EXTRC_NOCLKOUT              00003FFE
_FOSC_HS                          00003FFA
_FOSC_INTRC_CLKOUT                00003FFD
_FOSC_INTRC_NOCLKOUT              00003FFC
_FOSC_LP                          00003FF8
_FOSC_XT                          00003FF9
_HS_OSC                           00003FFA
_IDLOC0                           00002000
_IDLOC1                           00002001
_IDLOC2                           00002002
MPASM  5.51               DISPLAY_ASCIEND.ASM   10-19-2022  11:24:13         PAGE 15


SYMBOL TABLE
  LABEL                             VALUE 

_IDLOC3                           00002003
_IESO_OFF                         00003BFF
_IESO_ON                          00003FFF
_INTOSC                           00003FFD
_INTOSCIO                         00003FFC
_INTRC_OSC_CLKOUT                 00003FFD
_INTRC_OSC_NOCLKOUT               00003FFC
_LP_OSC                           00003FF8
_LVP_OFF                          00002FFF
_LVP_ON                           00003FFF
_MCLRE_OFF                        00003FDF
_MCLRE_ON                         00003FFF
_PWRTE_OFF                        00003FFF
_PWRTE_ON                         00003FEF
_WDTE_OFF                         00003FF7
_WDTE_ON                          00003FFF
_WDT_OFF                          00003FF7
_WDT_ON                           00003FFF
_WRT_1FOURTH                      00003BFF
_WRT_256                          00003DFF
_WRT_HALF                         000039FF
_WRT_OFF                          00003FFF
_XT_OSC                           00003FF9
__16F887                          00000001
__DEBUG                           1

Errors   :     0
Warnings :     1 reported,     0 suppressed
Messages :     7 reported,     0 suppressed

