MPASM  5.51                 PAUSE_DISPLAY.ASM   10-19-2022  19:17:13         PAGE  1


LOC  OBJECT CODE     LINE SOURCE TEXT
  VALUE

                      00001 ;*******************************************************            
                      00002 SUBT1V      MACRO       VAR1
                      00003             MOVLW       VAR1
                      00004             MOVWF       0X60
                      00005             CALL        ST1V
                      00006             ENDM
                      00007 ;*******************************************************            
                      00008 SUBT2V      MACRO       VAR1,VAR2
                      00009             MOVLW       VAR2
                      00010             MOVWF       0X61
                      00011             MOVLW       VAR1
                      00012             MOVWF       0X62
                      00013             CALL        ST2V
                      00014             ENDM
                      00015 ;*******************************************************            
                      00016 SUBT3V      MACRO       VAR1,VAR2,VAR3
                      00017             MOVLW       VAR1
                      00018             MOVWF       0X64
                      00019             MOVLW       VAR2
                      00020             MOVWF       0X65
                      00021             MOVLW       VAR3
                      00022             MOVWF       0X66
                      00023             CALL        ST3V
                      00024             ENDM
                      00025 ;*******************************************************                
                      00026                 
Warning[215]: Processor superseded by command line.  Verify processor symbol.
                      00027                 PROCESSOR       P16F887
                      00028                 INCLUDE         <P16F887.INC>
                      00001         LIST
                      00002 
                      00003 ;==========================================================================
                      00004 ;  MPASM PIC16F887 processor include
                      00005 ; 
                      00006 ;  (c) Copyright 1999-2013 Microchip Technology, All rights reserved
                      00007 ;==========================================================================
                      00008 
                      00809         LIST
                      00029 
2007   20D4           00030                 __CONFIG _CONFIG1, (_INTRC_OSC_NOCLKOUT & _WDT_OFF & _PWRTE_OFF & _MCLRE_OFF & _CP_OFF &
                             _CPD_OFF & _BOR_OFF & _IESO_OFF & _FCMEN_OFF & _LVP_OFF & _DEBUG_OFF)
2008   3FFF           00031                 __CONFIG _CONFIG2, (_WRT_OFF & _BOR40V)
                      00032                 
                      00033                 ORG     0x00
                      00034                 
                      00035 #DEFINE         UNID_E  BSF PORTC,0
                      00036 #DEFINE         UNID_A  BCF PORTC,0
                      00037 #DEFINE         DECE_E  BSF PORTC,1
                      00038 #DEFINE         DECE_A  BCF PORTC,1
                      00039 #DEFINE         CENTE_E BSF PORTC,2
                      00040 #DEFINE         CENTE_A BCF PORTC,2
                      00041 #DEFINE         MILL_E  BSF PORTC,3
                      00042 #DEFINE         MILL_A  BCF PORTC,3
MPASM  5.51                 PAUSE_DISPLAY.ASM   10-19-2022  19:17:13         PAGE  2


LOC  OBJECT CODE     LINE SOURCE TEXT
  VALUE

  00000020            00043 UNID            EQU     0x20
  00000021            00044 DECE            EQU     0x21
  00000022            00045 CENT            EQU     0x22
  00000023            00046 MILL            EQU     0x23
  00000024            00047 CONT60          EQU     0x24
  00000029            00048 XU              EQU     0x29
  00000030            00049 XD              EQU     0x30
  00000031            00050 XC              EQU     0x31
  00000032            00051 XM              EQU     0x32
                      00052                 
                      00053 
0000   1683 1703      00054                 BANKSEL ANSEL   ;CAMBIO BANCO 3
Message[302]: Register in operand not in bank 0.  Ensure that bank bits are correct.
0002   0188           00055                 CLRF    ANSEL
Message[302]: Register in operand not in bank 0.  Ensure that bank bits are correct.
0003   0189           00056                 CLRF    ANSELH
                      00057         
0004   1683 1303      00058                 BANKSEL TRISA   ;CAMBIO BANCO 1
Message[302]: Register in operand not in bank 0.  Ensure that bank bits are correct.
0006   0186           00059                 CLRF    TRISB
Message[302]: Register in operand not in bank 0.  Ensure that bank bits are correct.
0007   0185           00060                 CLRF    TRISA
Message[302]: Register in operand not in bank 0.  Ensure that bank bits are correct.
0008   0187           00061                 CLRF    TRISC
Message[302]: Register in operand not in bank 0.  Ensure that bank bits are correct.
0009   0188           00062                 CLRF    TRISD
Message[302]: Register in operand not in bank 0.  Ensure that bank bits are correct.
000A   0189           00063                 CLRF    TRISE
                      00064                 
                      00065 
000B   1283 1303      00066                 BANKSEL PORTA   ;CAMBIO BANCO 0 
                      00067                 
000D   0185           00068                 CLRF    PORTA
000E   0186           00069                 CLRF    PORTB
                      00070                 
                      00071                 
000F   3009           00072                 MOVLW   0x09
0010   00A9           00073                 MOVWF   XU
0011   3006           00074                 MOVLW   0x06
0012   00B0           00075                 MOVWF   XD
0013   3009           00076                 MOVLW   0x09
0014   00B1           00077                 MOVWF   XC
0015   3006           00078                 MOVLW   0x06
0016   00B2           00079                 MOVWF   XM
                      00080                 
                      00081         
                      00082         
0017                  00083 LIMPIAMIL:      
0017   01A3           00084                 CLRF    MILL
0018                  00085 LIMPIACEN:      
0018   01A2           00086                 CLRF    CENT
0019                  00087 LIMPIADEC:
0019   01A1           00088                 CLRF    DECE
MPASM  5.51                 PAUSE_DISPLAY.ASM   10-19-2022  19:17:13         PAGE  3


LOC  OBJECT CODE     LINE SOURCE TEXT
  VALUE

001A                  00089 LIMPIAUNI:
001A   01A0           00090                 CLRF    UNID
                      00091 
001B   300F           00092 REC60:  MOVLW   .15
001C   00A4           00093                 MOVWF   CONT60
                      00094                 
001D                  00095 DESPLEGADO:     
001D   0820           00096                 MOVF    UNID,W
001E   2???           00097                 CALL    SIETESEG
001F   0085           00098                 MOVWF   PORTA
0020   1407           00099                 UNID_E
0021   2???           00100                 CALL    RET
0022   1007           00101                 UNID_A
                      00102                 
0023   0821           00103                 MOVF    DECE,W
0024   2???           00104                 CALL    SIETESEG
0025   0085           00105                 MOVWF   PORTA
0026   1487           00106                 DECE_E
0027   2???           00107                 CALL    RET
0028   1087           00108                 DECE_A
                      00109                 
0029   0822           00110                 MOVF    CENT,W
002A   2???           00111                 CALL    SIETESEG
002B   0085           00112                 MOVWF   PORTA
002C   1507           00113                 CENTE_E
002D   2???           00114                 CALL    RET
002E   1107           00115                 CENTE_A
                      00116 
002F   0823           00117                 MOVF    MILL,W
0030   2???           00118                 CALL    SIETESEG
0031   0085           00119                 MOVWF   PORTA
0032   1587           00120                 MILL_E
0033   2???           00121                 CALL    RET
0034   1187           00122                 MILL_A  
0035   0BA4           00123                 DECFSZ  CONT60,F
0036   2???           00124                 GOTO    DESPLEGADO
                      00125                 
0037   0AA0           00126                 INCF    UNID,F
0038   0829           00127                 MOVF    XU,W
0039   0620           00128                 XORWF   UNID,W
003A   1903           00129                 BTFSC   STATUS,Z
003B   2???           00130                 GOTO    UWU
003C   300A           00131 CONTU:  MOVLW   0x0A
003D   0620           00132                 XORWF   UNID,W
003E   1D03           00133                 BTFSS   STATUS,Z
003F   2???           00134                 GOTO    REC60
                      00135                 
0040   0AA1           00136                 INCF    DECE,F  
0041   0830           00137                 MOVF    XD,W
0042   0621           00138                 XORWF   DECE,W
0043   1903           00139                 BTFSC   STATUS,Z
0044   2???           00140                 GOTO    UWUD
0045   300A           00141 CONTD:  MOVLW   0x0A
MPASM  5.51                 PAUSE_DISPLAY.ASM   10-19-2022  19:17:13         PAGE  4


LOC  OBJECT CODE     LINE SOURCE TEXT
  VALUE

0046   0621           00142                 XORWF   DECE,W
0047   1D03           00143                 BTFSS   STATUS,Z
0048   2???           00144                 GOTO    LIMPIAUNI
                      00145                 
0049   0AA2           00146                 INCF    CENT,F
004A   0831           00147                 MOVF    XC,W
004B   0622           00148                 XORWF   CENT,W
004C   1903           00149                 BTFSC   STATUS,Z
004D   2???           00150                 GOTO    UWUC
004E   300A           00151 CONTC:  MOVLW   0x0A
004F   0622           00152                 XORWF   CENT,W
0050   1D03           00153                 BTFSS   STATUS,Z
0051   2???           00154                 GOTO    LIMPIADEC
                      00155                 
0052   0AA3           00156                 INCF    MILL,F
0053   0832           00157                 MOVF    XM,W
0054   0623           00158                 XORWF   MILL,W
0055   1903           00159                 BTFSC   STATUS,Z
0056   2???           00160                 GOTO    UWUM
0057   300A           00161 CONTM:  MOVLW   0x0A
0058   0623           00162                 XORWF   MILL,W
0059   1D03           00163                 BTFSS   STATUS,Z
005A   2???           00164                 GOTO    LIMPIACEN
005B   2???           00165                 GOTO    LIMPIAMIL
                      00166                 
005C   0829           00167 UWU:    MOVF    XU,W
005D   0620           00168                 XORWF   UNID,W
005E   1D03           00169                 BTFSS   STATUS,Z
005F   2???           00170                 GOTO    CONTU
0060   0830           00171                 MOVF    XD,W
0061   0621           00172                 XORWF   DECE,W
0062   1D03           00173                 BTFSS   STATUS,Z
0063   2???           00174                 GOTO    CONTU
0064   0831           00175                 MOVF    XC,W
0065   0622           00176                 XORWF   CENT,W
0066   1D03           00177                 BTFSS   STATUS,Z
0067   2???           00178                 GOTO    CONTU
0068   0832           00179                 MOVF    XM,W
0069   0623           00180                 XORWF   MILL,W
006A   1D03           00181                 BTFSS   STATUS,Z
006B   2???           00182                 GOTO    CONTU
006C   2???           00183                 GOTO    ESTATICO
                      00184                 
006D   0829           00185 UWUD:   MOVF    XU,W
006E   0620           00186                 XORWF   UNID,W
006F   1D03           00187                 BTFSS   STATUS,Z
0070   2???           00188                 GOTO    CONTD
0071   0830           00189                 MOVF    XD,W
0072   0621           00190                 XORWF   DECE,W
0073   1D03           00191                 BTFSS   STATUS,Z
0074   2???           00192                 GOTO    CONTD
0075   0831           00193                 MOVF    XC,W
0076   0622           00194                 XORWF   CENT,W
MPASM  5.51                 PAUSE_DISPLAY.ASM   10-19-2022  19:17:13         PAGE  5


LOC  OBJECT CODE     LINE SOURCE TEXT
  VALUE

0077   1D03           00195                 BTFSS   STATUS,Z
0078   2???           00196                 GOTO    CONTD
0079   0832           00197                 MOVF    XM,W
007A   0623           00198                 XORWF   MILL,W
007B   1D03           00199                 BTFSS   STATUS,Z
007C   2???           00200                 GOTO    CONTD
007D   2???           00201                 GOTO    ESTATICO
                      00202 
007E   0829           00203 UWUC:   MOVF    XU,W
007F   0620           00204                 XORWF   UNID,W
0080   1D03           00205                 BTFSS   STATUS,Z
0081   2???           00206                 GOTO    CONTC
0082   0830           00207                 MOVF    XD,W
0083   0621           00208                 XORWF   DECE,W
0084   1D03           00209                 BTFSS   STATUS,Z
0085   2???           00210                 GOTO    CONTC
0086   0831           00211                 MOVF    XC,W
0087   0622           00212                 XORWF   CENT,W
0088   1D03           00213                 BTFSS   STATUS,Z
0089   2???           00214                 GOTO    CONTC
008A   0832           00215                 MOVF    XM,W
008B   0623           00216                 XORWF   MILL,W
008C   1D03           00217                 BTFSS   STATUS,Z
008D   2???           00218                 GOTO    CONTC
008E   2???           00219                 GOTO    ESTATICO
                      00220                 
008F                  00221 UWUM:           
008F   0829           00222                 MOVF    XU,W
0090   0620           00223                 XORWF   UNID,W
0091   1D03           00224                 BTFSS   STATUS,Z
0092   2???           00225                 GOTO    CONTM
0093   0830           00226                 MOVF    XD,W
0094   0621           00227                 XORWF   DECE,W
0095   1D03           00228                 BTFSS   STATUS,Z
0096   2???           00229                 GOTO    CONTM
0097   0831           00230                 MOVF    XC,W
0098   0622           00231                 XORWF   CENT,W
0099   1D03           00232                 BTFSS   STATUS,Z
009A   2???           00233                 GOTO    CONTM
009B   0832           00234                 MOVF    XM,W
009C   0623           00235                 XORWF   MILL,W
009D   1D03           00236                 BTFSS   STATUS,Z
009E   2???           00237                 GOTO    CONTM
009F   2???           00238                 GOTO    ESTATICO
                      00239                 
00A0                  00240 ESTATICO:       
00A0   0820           00241                 MOVF    UNID,W
00A1   2???           00242                 CALL    SIETESEG
00A2   0085           00243                 MOVWF   PORTA
00A3   1407           00244                 UNID_E
00A4   2???           00245                 CALL    RET
00A5   1007           00246                 UNID_A
                      00247                 
MPASM  5.51                 PAUSE_DISPLAY.ASM   10-19-2022  19:17:13         PAGE  6


LOC  OBJECT CODE     LINE SOURCE TEXT
  VALUE

00A6   0821           00248                 MOVF    DECE,W
00A7   2???           00249                 CALL    SIETESEG
00A8   0085           00250                 MOVWF   PORTA
00A9   1487           00251                 DECE_E
00AA   2???           00252                 CALL    RET
00AB   1087           00253                 DECE_A
                      00254                 
00AC   0822           00255                 MOVF    CENT,W
00AD   2???           00256                 CALL    SIETESEG
00AE   0085           00257                 MOVWF   PORTA
00AF   1507           00258                 CENTE_E
00B0   2???           00259                 CALL    RET
00B1   1107           00260                 CENTE_A
                      00261 
00B2   0823           00262                 MOVF    MILL,W
00B3   2???           00263                 CALL    SIETESEG
00B4   0085           00264                 MOVWF   PORTA
00B5   1587           00265                 MILL_E  
00B6   2???           00266                 CALL    RET
00B7   1187           00267                 MILL_A
00B8   2???           00268                 GOTO    ESTATICO
                      00269                 
00B9                  00270 SIETESEG:       
00B9   0782           00271                 ADDWF   PCL,F
00BA   343F           00272                 RETLW   0x3F 
00BB   3406           00273                 RETLW   0x06
00BC   345B           00274                 RETLW   0x5B
00BD   344F           00275                 RETLW   0x4F
00BE   3466           00276                 RETLW   0x66    
00BF   346D           00277                 RETLW   0x6D
00C0   347D           00278                 RETLW   0x7D    
00C1   3407           00279                 RETLW   0x07
00C2   347F           00280                 RETLW   0x7F    
00C3   346F           00281                 RETLW   0x6F
00C4   3477           00282                 RETLW   0x77    
00C5   347C           00283                 RETLW   0x7C
00C6   3439           00284                 RETLW   0x39     
00C7   345E           00285                 RETLW   0x5E
00C8   3479           00286                 RETLW   0x79    
00C9   3471           00287                 RETLW   0x71
                      00288 
                      00289 RET:    SUBT2V  .2,.231 ;4166 us
00CA   30E7               M             MOVLW       .231
00CB   00E1               M             MOVWF       0X61
00CC   3002               M             MOVLW       .2
00CD   00E2               M             MOVWF       0X62
00CE   2???               M             CALL        ST2V
00CF   0008           00290                 RETURN
                      00291                 
                      00292 ;********************************************************************** 
00D0   0000           00293 ST1V:   NOP
00D1   0000           00294                 NOP
00D2   0000           00295                 NOP
MPASM  5.51                 PAUSE_DISPLAY.ASM   10-19-2022  19:17:13         PAGE  7


LOC  OBJECT CODE     LINE SOURCE TEXT
  VALUE

00D3   0000           00296                 NOP
00D4   0BE0           00297                 DECFSZ      0X60,F
00D5   2???           00298                 GOTO        ST1V
00D6   0008           00299                 RETURN
                      00300 ;**********************************************************************                 
00D7                  00301 ST2V:   
00D7   0862           00302                 MOVF        0X62,W
00D8   00E3           00303                 MOVWF       0X63
00D9                  00304 DECRE2V:                
00D9   0000           00305                 NOP
00DA   0000           00306                 NOP
00DB   0000           00307                 NOP
00DC   0000           00308                 NOP
00DD   0BE3           00309                 DECFSZ      0X63,F
00DE   2???           00310                 GOTO        DECRE2V
00DF   0BE1           00311                 DECFSZ      0X61,F
00E0   2???           00312                 GOTO        ST2V
00E1   0008           00313                 RETURN
                      00314 ;**********************************************************************         
00E2                  00315 ST3V:   
00E2   0866           00316                 MOVF        0X66,W
00E3   00E7           00317                 MOVWF       0X67
00E4                  00318 RECARGA3V:      
00E4   00E8           00319                 MOVWF       0X68
00E5                  00320 DECRE3V:        
00E5   0000           00321                 NOP
00E6   0000           00322                 NOP
00E7   0000           00323                 NOP
00E8   0000           00324                 NOP
00E9   0BE8           00325                 DECFSZ      0X68,F
00EA   2???           00326                 GOTO        DECRE3V
00EB   0BE7           00327                 DECFSZ      0X67,F
00EC   2???           00328                 GOTO        RECARGA3V
00ED   0BE4           00329                 DECFSZ      0X64,F
00EE   2???           00330                 GOTO        ST3V
00EF   0008           00331                 RETURN
                      00332            
20D4 3FFF             00333                 END
MPASM  5.51                 PAUSE_DISPLAY.ASM   10-19-2022  19:17:13         PAGE  8


SYMBOL TABLE
  LABEL                             VALUE 

ABDEN                             00000000
ABDOVF                            00000007
ACKDT                             00000005
ACKEN                             00000004
ACKSTAT                           00000006
ADCON0                            0000001F
ADCON1                            0000009F
ADCS0                             00000006
ADCS1                             00000007
ADDEN                             00000003
ADFM                              00000007
ADIE                              00000006
ADIF                              00000006
ADON                              00000000
ADRESH                            0000001E
ADRESL                            0000009E
ANS0                              00000000
ANS1                              00000001
ANS10                             00000002
ANS11                             00000003
ANS12                             00000004
ANS13                             00000005
ANS2                              00000002
ANS3                              00000003
ANS4                              00000004
ANS5                              00000005
ANS6                              00000006
ANS7                              00000007
ANS8                              00000000
ANS9                              00000001
ANSEL                             00000188
ANSELH                            00000189
BAUDCTL                           00000187
BCLIE                             00000003
BCLIF                             00000003
BF                                00000000
BRG0                              00000000
BRG1                              00000001
BRG10                             00000002
BRG11                             00000003
BRG12                             00000004
BRG13                             00000005
BRG14                             00000006
BRG15                             00000007
BRG16                             00000003
BRG2                              00000002
BRG3                              00000003
BRG4                              00000004
BRG5                              00000005
BRG6                              00000006
BRG7                              00000007
BRG8                              00000000
BRG9                              00000001
MPASM  5.51                 PAUSE_DISPLAY.ASM   10-19-2022  19:17:13         PAGE  9


SYMBOL TABLE
  LABEL                             VALUE 

BRGH                              00000002
C                                 00000000
C1CH0                             00000000
C1CH1                             00000001
C1IE                              00000005
C1IF                              00000005
C1OE                              00000005
C1ON                              00000007
C1OUT                             00000006
C1POL                             00000004
C1R                               00000002
C1RSEL                            00000005
C1SEN                             00000005
C2CH0                             00000000
C2CH1                             00000001
C2IE                              00000006
C2IF                              00000006
C2OE                              00000005
C2ON                              00000007
C2OUT                             00000006
C2POL                             00000004
C2R                               00000002
C2REN                             00000004
C2RSEL                            00000004
C2SYNC                            00000000
CCP1CON                           00000017
CCP1IE                            00000002
CCP1IF                            00000002
CCP1M0                            00000000
CCP1M1                            00000001
CCP1M2                            00000002
CCP1M3                            00000003
CCP1X                             00000005
CCP1Y                             00000004
CCP2CON                           0000001D
CCP2IE                            00000000
CCP2IF                            00000000
CCP2M0                            00000000
CCP2M1                            00000001
CCP2M2                            00000002
CCP2M3                            00000003
CCP2X                             00000005
CCP2Y                             00000004
CCPR1                             00000015
CCPR1H                            00000016
CCPR1L                            00000015
CCPR2                             0000001B
CCPR2H                            0000001C
CCPR2L                            0000001B
CENT                              00000022
CENTE_A                           BCF PORTC,2
CENTE_E                           BSF PORTC,2
CHS0                              00000002
MPASM  5.51                 PAUSE_DISPLAY.ASM   10-19-2022  19:17:13         PAGE 10


SYMBOL TABLE
  LABEL                             VALUE 

CHS1                              00000003
CHS2                              00000004
CHS3                              00000005
CKE                               00000006
CKP                               00000004
CM1CON0                           00000107
CM2CON0                           00000108
CM2CON1                           00000109
CONT60                            00000024
CONTC                             0000004E
CONTD                             00000045
CONTM                             00000057
CONTU                             0000003C
CREN                              00000004
CSRC                              00000007
D                                 00000005
DATA_ADDRESS                      00000005
DC                                00000001
DC1B0                             00000004
DC1B1                             00000005
DC2B0                             00000004
DC2B1                             00000005
DECE                              00000021
DECE_A                            BCF PORTC,1
DECE_E                            BSF PORTC,1
DECRE2V                           000000D9
DECRE3V                           000000E5
DESPLEGADO                        0000001D
D_A                               00000005
D_NOT_A                           00000005
ECCPAS                            0000009C
ECCPAS0                           00000004
ECCPAS1                           00000005
ECCPAS2                           00000006
ECCPASE                           00000007
EEADR                             0000010D
EEADRH                            0000010F
EECON1                            0000018C
EECON2                            0000018D
EEDAT                             0000010C
EEDATA                            0000010C
EEDATH                            0000010E
EEIE                              00000004
EEIF                              00000004
EEPGD                             00000007
ESTATICO                          000000A0
F                                 00000001
FERR                              00000002
FSR                               00000004
FVREN                             00000000
GCEN                              00000007
GIE                               00000007
GO                                00000001
MPASM  5.51                 PAUSE_DISPLAY.ASM   10-19-2022  19:17:13         PAGE 11


SYMBOL TABLE
  LABEL                             VALUE 

GO_DONE                           00000001
GO_NOT_DONE                       00000001
HTS                               00000002
I2C_DATA                          00000005
I2C_READ                          00000002
I2C_START                         00000003
I2C_STOP                          00000004
INDF                              00000000
INTCON                            0000000B
INTE                              00000004
INTEDG                            00000006
INTF                              00000001
IOCB                              00000096
IOCB0                             00000000
IOCB1                             00000001
IOCB2                             00000002
IOCB3                             00000003
IOCB4                             00000004
IOCB5                             00000005
IOCB6                             00000006
IOCB7                             00000007
IRCF0                             00000004
IRCF1                             00000005
IRCF2                             00000006
IRP                               00000007
LIMPIACEN                         00000018
LIMPIADEC                         00000019
LIMPIAMIL                         00000017
LIMPIAUNI                         0000001A
LTS                               00000001
MC1OUT                            00000007
MC2OUT                            00000006
MILL                              00000023
MILL_A                            BCF PORTC,3
MILL_E                            BSF PORTC,3
MSK                               00000093
MSK0                              00000000
MSK1                              00000001
MSK2                              00000002
MSK3                              00000003
MSK4                              00000004
MSK5                              00000005
MSK6                              00000006
MSK7                              00000007
NOT_A                             00000005
NOT_ADDRESS                       00000005
NOT_BO                            00000000
NOT_BOR                           00000000
NOT_DONE                          00000001
NOT_PD                            00000003
NOT_POR                           00000001
NOT_RBPU                          00000007
NOT_RC8                           00000006
MPASM  5.51                 PAUSE_DISPLAY.ASM   10-19-2022  19:17:13         PAGE 12


SYMBOL TABLE
  LABEL                             VALUE 

NOT_T1SYNC                        00000002
NOT_TO                            00000004
NOT_TX8                           00000006
NOT_W                             00000002
NOT_WRITE                         00000002
OERR                              00000001
OPTION_REG                        00000081
OSCCON                            0000008F
OSCTUNE                           00000090
OSFIE                             00000007
OSFIF                             00000007
OSTS                              00000003
P                                 00000004
P1M0                              00000006
P1M1                              00000007
PCL                               00000002
PCLATH                            0000000A
PCON                              0000008E
PDC0                              00000000
PDC1                              00000001
PDC2                              00000002
PDC3                              00000003
PDC4                              00000004
PDC5                              00000005
PDC6                              00000006
PEIE                              00000006
PEN                               00000002
PIE1                              0000008C
PIE2                              0000008D
PIR1                              0000000C
PIR2                              0000000D
PORTA                             00000005
PORTB                             00000006
PORTC                             00000007
PORTD                             00000008
PORTE                             00000009
PR2                               00000092
PRSEN                             00000007
PS0                               00000000
PS1                               00000001
PS2                               00000002
PSA                               00000003
PSSAC0                            00000002
PSSAC1                            00000003
PSSBD0                            00000000
PSSBD1                            00000001
PSTRCON                           0000009D
PULSR                             00000002
PULSS                             00000003
PWM1CON                           0000009B
R                                 00000002
RA0                               00000000
RA1                               00000001
MPASM  5.51                 PAUSE_DISPLAY.ASM   10-19-2022  19:17:13         PAGE 13


SYMBOL TABLE
  LABEL                             VALUE 

RA2                               00000002
RA3                               00000003
RA4                               00000004
RA5                               00000005
RA6                               00000006
RA7                               00000007
RB0                               00000000
RB1                               00000001
RB2                               00000002
RB3                               00000003
RB4                               00000004
RB5                               00000005
RB6                               00000006
RB7                               00000007
RBIE                              00000003
RBIF                              00000000
RC0                               00000000
RC1                               00000001
RC2                               00000002
RC3                               00000003
RC4                               00000004
RC5                               00000005
RC6                               00000006
RC7                               00000007
RC8_9                             00000006
RC9                               00000006
RCD8                              00000000
RCEN                              00000003
RCIDL                             00000006
RCIE                              00000005
RCIF                              00000005
RCREG                             0000001A
RCSTA                             00000018
RD                                00000000
RD0                               00000000
RD1                               00000001
RD2                               00000002
RD3                               00000003
RD4                               00000004
RD5                               00000005
RD6                               00000006
RD7                               00000007
RE0                               00000000
RE1                               00000001
RE2                               00000002
RE3                               00000003
READ_WRITE                        00000002
REC60                             0000001B
RECARGA3V                         000000E4
RET                               000000CA
RP0                               00000005
RP1                               00000006
RSEN                              00000001
MPASM  5.51                 PAUSE_DISPLAY.ASM   10-19-2022  19:17:13         PAGE 14


SYMBOL TABLE
  LABEL                             VALUE 

RX9                               00000006
RX9D                              00000000
R_NOT_W                           00000002
R_W                               00000002
S                                 00000003
SBOREN                            00000004
SCKP                              00000004
SCS                               00000000
SEN                               00000000
SENDB                             00000003
SIETESEG                          000000B9
SMP                               00000007
SPBRG                             00000099
SPBRGH                            0000009A
SPEN                              00000007
SR0                               00000006
SR1                               00000007
SRCON                             00000185
SREN                              00000005
SSPADD                            00000093
SSPBUF                            00000013
SSPCON                            00000014
SSPCON2                           00000091
SSPEN                             00000005
SSPIE                             00000003
SSPIF                             00000003
SSPM0                             00000000
SSPM1                             00000001
SSPM2                             00000002
SSPM3                             00000003
SSPMSK                            00000093
SSPOV                             00000006
SSPSTAT                           00000094
ST1V                              000000D0
ST2V                              000000D7
ST3V                              000000E2
STATUS                            00000003
STRA                              00000000
STRB                              00000001
STRC                              00000002
STRD                              00000003
STRSYNC                           00000004
SUBT1V                            
SUBT2V                            
SUBT3V                            
SWDTEN                            00000000
SYNC                              00000004
T0CS                              00000005
T0IE                              00000005
T0IF                              00000002
T0SE                              00000004
T1CKPS0                           00000004
T1CKPS1                           00000005
MPASM  5.51                 PAUSE_DISPLAY.ASM   10-19-2022  19:17:13         PAGE 15


SYMBOL TABLE
  LABEL                             VALUE 

T1CON                             00000010
T1GINV                            00000007
T1GIV                             00000007
T1GSS                             00000001
T1INSYNC                          00000002
T1OSCEN                           00000003
T1SYNC                            00000002
T2CKPS0                           00000000
T2CKPS1                           00000001
T2CON                             00000012
TMR0                              00000001
TMR0IE                            00000005
TMR0IF                            00000002
TMR1                              0000000E
TMR1CS                            00000001
TMR1GE                            00000006
TMR1H                             0000000F
TMR1IE                            00000000
TMR1IF                            00000000
TMR1L                             0000000E
TMR1ON                            00000000
TMR2                              00000011
TMR2IE                            00000001
TMR2IF                            00000001
TMR2ON                            00000002
TOUTPS0                           00000003
TOUTPS1                           00000004
TOUTPS2                           00000005
TOUTPS3                           00000006
TRISA                             00000085
TRISA0                            00000000
TRISA1                            00000001
TRISA2                            00000002
TRISA3                            00000003
TRISA4                            00000004
TRISA5                            00000005
TRISA6                            00000006
TRISA7                            00000007
TRISB                             00000086
TRISB0                            00000000
TRISB1                            00000001
TRISB2                            00000002
TRISB3                            00000003
TRISB4                            00000004
TRISB5                            00000005
TRISB6                            00000006
TRISB7                            00000007
TRISC                             00000087
TRISC0                            00000000
TRISC1                            00000001
TRISC2                            00000002
TRISC3                            00000003
TRISC4                            00000004
MPASM  5.51                 PAUSE_DISPLAY.ASM   10-19-2022  19:17:13         PAGE 16


SYMBOL TABLE
  LABEL                             VALUE 

TRISC5                            00000005
TRISC6                            00000006
TRISC7                            00000007
TRISD                             00000088
TRISD0                            00000000
TRISD1                            00000001
TRISD2                            00000002
TRISD3                            00000003
TRISD4                            00000004
TRISD5                            00000005
TRISD6                            00000006
TRISD7                            00000007
TRISE                             00000089
TRISE0                            00000000
TRISE1                            00000001
TRISE2                            00000002
TRISE3                            00000003
TRMT                              00000001
TUN0                              00000000
TUN1                              00000001
TUN2                              00000002
TUN3                              00000003
TUN4                              00000004
TX8_9                             00000006
TX9                               00000006
TX9D                              00000000
TXD8                              00000000
TXEN                              00000005
TXIE                              00000004
TXIF                              00000004
TXREG                             00000019
TXSTA                             00000098
UA                                00000001
ULPWUE                            00000005
ULPWUIE                           00000002
ULPWUIF                           00000002
UNID                              00000020
UNID_A                            BCF PORTC,0
UNID_E                            BSF PORTC,0
UWU                               0000005C
UWUC                              0000007E
UWUD                              0000006D
UWUM                              0000008F
VCFG0                             00000004
VCFG1                             00000005
VR0                               00000000
VR1                               00000001
VR2                               00000002
VR3                               00000003
VRCON                             00000097
VREN                              00000007
VROE                              00000006
VRR                               00000005
MPASM  5.51                 PAUSE_DISPLAY.ASM   10-19-2022  19:17:13         PAGE 17


SYMBOL TABLE
  LABEL                             VALUE 

VRSS                              00000004
W                                 00000000
WCOL                              00000007
WDTCON                            00000105
WDTPS0                            00000001
WDTPS1                            00000002
WDTPS2                            00000003
WDTPS3                            00000004
WPUB                              00000095
WPUB0                             00000000
WPUB1                             00000001
WPUB2                             00000002
WPUB3                             00000003
WPUB4                             00000004
WPUB5                             00000005
WPUB6                             00000006
WPUB7                             00000007
WR                                00000001
WREN                              00000002
WRERR                             00000003
WUE                               00000001
XC                                00000031
XD                                00000030
XM                                00000032
XU                                00000029
Z                                 00000002
_BOR21V                           00003EFF
_BOR40V                           00003FFF
_BOR4V_BOR21V                     00003EFF
_BOR4V_BOR40V                     00003FFF
_BOREN_NSLEEP                     00003EFF
_BOREN_OFF                        00003CFF
_BOREN_ON                         00003FFF
_BOREN_SBODEN                     00003DFF
_BOR_NSLEEP                       00003EFF
_BOR_OFF                          00003CFF
_BOR_ON                           00003FFF
_BOR_SBODEN                       00003DFF
_CONFIG1                          00002007
_CONFIG2                          00002008
_CPD_OFF                          00003FFF
_CPD_ON                           00003F7F
_CP_OFF                           00003FFF
_CP_ON                            00003FBF
_DEBUG_OFF                        00003FFF
_DEBUG_ON                         00001FFF
_DEVID1                           00002006
_EC_OSC                           00003FFB
_EXTRC                            00003FFF
_EXTRCIO                          00003FFE
_EXTRC_OSC_CLKOUT                 00003FFF
_EXTRC_OSC_NOCLKOUT               00003FFE
_FCMEN_OFF                        000037FF
MPASM  5.51                 PAUSE_DISPLAY.ASM   10-19-2022  19:17:13         PAGE 18


SYMBOL TABLE
  LABEL                             VALUE 

_FCMEN_ON                         00003FFF
_FOSC_EC                          00003FFB
_FOSC_EXTRC_CLKOUT                00003FFF
_FOSC_EXTRC_NOCLKOUT              00003FFE
_FOSC_HS                          00003FFA
_FOSC_INTRC_CLKOUT                00003FFD
_FOSC_INTRC_NOCLKOUT              00003FFC
_FOSC_LP                          00003FF8
_FOSC_XT                          00003FF9
_HS_OSC                           00003FFA
_IDLOC0                           00002000
_IDLOC1                           00002001
_IDLOC2                           00002002
_IDLOC3                           00002003
_IESO_OFF                         00003BFF
_IESO_ON                          00003FFF
_INTOSC                           00003FFD
_INTOSCIO                         00003FFC
_INTRC_OSC_CLKOUT                 00003FFD
_INTRC_OSC_NOCLKOUT               00003FFC
_LP_OSC                           00003FF8
_LVP_OFF                          00002FFF
_LVP_ON                           00003FFF
_MCLRE_OFF                        00003FDF
_MCLRE_ON                         00003FFF
_PWRTE_OFF                        00003FFF
_PWRTE_ON                         00003FEF
_WDTE_OFF                         00003FF7
_WDTE_ON                          00003FFF
_WDT_OFF                          00003FF7
_WDT_ON                           00003FFF
_WRT_1FOURTH                      00003BFF
_WRT_256                          00003DFF
_WRT_HALF                         000039FF
_WRT_OFF                          00003FFF
_XT_OSC                           00003FF9
__16F887                          00000001
__DEBUG                           1

Errors   :     0
Warnings :     1 reported,     0 suppressed
Messages :     7 reported,     0 suppressed

