MPASM  5.51                    MOTORP_A_P.ASM   10-3-2022  19:36:47         PAGE  1


LOC  OBJECT CODE     LINE SOURCE TEXT
  VALUE

Warning[205]: Found directive in column 1. (PROCESSOR)
Warning[215]: Processor superseded by command line.  Verify processor symbol.
                      00001 PROCESSOR       P16F887
                      00002                 INCLUDE         <P16F887.INC>
                      00001         LIST
                      00002 
                      00003 ;==========================================================================
                      00004 ;  MPASM PIC16F887 processor include
                      00005 ; 
                      00006 ;  (c) Copyright 1999-2013 Microchip Technology, All rights reserved
                      00007 ;==========================================================================
                      00008 
                      00809         LIST
2007   20D4           00003                 __CONFIG _CONFIG1, (_INTRC_OSC_NOCLKOUT & _WDT_OFF & _PWRTE_OFF & _MCLRE_OFF & _CP_OFF &
                             _CPD_OFF & _BOR_OFF & _IESO_OFF & _FCMEN_OFF & _LVP_OFF & _DEBUG_OFF)
2008   3FFF           00004                 __CONFIG _CONFIG2, (_WRT_OFF & _BOR40V)
                      00005 
  00000020            00006 VA              EQU     0x20    ;ETIQUETAR RPG
  00000021            00007 NB              EQU     0x21
  00000022            00008 NA              EQU     0x22
  00000023            00009 RX              EQU     0x23
  00000024            00010 CX              EQU     0x24
  00000025            00011 XA              EQU     0x25
  00000026            00012 XB              EQU     0x26
  00000027            00013 VB              EQU     0x27
  00000028            00014 VC              EQU     0x28
  00000029            00015 XV              EQU     0x29
  00000030            00016 XC              EQU     0x30
                      00017      
                      00018                 ORG     0x00    ;VECTOR RESTAURACION
                      00019         
0000   1683 1703      00020         BANKSEL ANSEL   ;CAMBIO BANCO 3
0002                  00021 .
Message[302]: Register in operand not in bank 0.  Ensure that bank bits are correct.
0002   0188           00022                 CLRF    ANSEL
Message[302]: Register in operand not in bank 0.  Ensure that bank bits are correct.
0003   0189           00023                 CLRF    ANSELH
                      00024         
0004   1683 1303      00025                 BANKSEL TRISA   ;CAMBIO BANCO 1
0006   30FF           00026                 MOVLW   0xFF
Message[302]: Register in operand not in bank 0.  Ensure that bank bits are correct.
0007   0086           00027                 MOVWF   TRISB
Message[302]: Register in operand not in bank 0.  Ensure that bank bits are correct.
0008   0187           00028                 CLRF    TRISC
Message[302]: Register in operand not in bank 0.  Ensure that bank bits are correct.
0009   0185           00029                 CLRF    TRISA
Message[302]: Register in operand not in bank 0.  Ensure that bank bits are correct.
000A   0188           00030                 CLRF    TRISD
Message[302]: Register in operand not in bank 0.  Ensure that bank bits are correct.
000B   0189           00031                 CLRF    TRISE
                      00032         
000C   1283 1303      00033                 BANKSEL PORTA   ;CAMBIO BANCO 0
                      00034 
MPASM  5.51                    MOTORP_A_P.ASM   10-3-2022  19:36:47         PAGE  2


LOC  OBJECT CODE     LINE SOURCE TEXT
  VALUE

000E   0806           00035 C_P:    MOVF    PORTB,W
000F   397F           00036                 ANDLW   0x7F
0010   00A9           00037                 MOVWF   XV
                      00038         
0011   307F           00039                 MOVLW   0x7F
0012   0629           00040                 XORWF   XV,W
0013   1903           00041                 BTFSC   STATUS,Z
0014   2???           00042                 GOTO    V7
                      00043         
0015   303F           00044                 MOVLW   0x3F
0016   0629           00045                 XORWF   XV,W
0017   1903           00046                 BTFSC   STATUS,Z
0018   2???           00047                 GOTO    V6
                      00048         
0019   301F           00049                 MOVLW   0x1F
001A   0629           00050                 XORWF   XV,W
001B   1903           00051                 BTFSC   STATUS,Z
001C   2???           00052                 GOTO    V5
                      00053         
001D   300F           00054                 MOVLW   0x0F
001E   0629           00055                 XORWF   XV,W
001F   1903           00056                 BTFSC   STATUS,Z
0020   2???           00057                 GOTO    V4
                      00058         
0021   3007           00059                 MOVLW   0x07
0022   0629           00060                 XORWF   XV,W
0023   1903           00061                 BTFSC   STATUS,Z
0024   2???           00062                 GOTO    V3
                      00063         
0025   3003           00064                 MOVLW   0x03
0026   0629           00065                 XORWF   XV,W
0027   1903           00066                 BTFSC   STATUS,Z
0028   2???           00067                 GOTO    V2
                      00068 
0029   3001           00069                 MOVLW   0x01
002A   0629           00070                 XORWF   XV,W
002B   1903           00071                 BTFSC   STATUS,Z
002C   2???           00072                 GOTO    V1
                      00073 
002D   30DB           00074 V0:             MOVLW   0xDB
002E   2???           00075                 GOTO    NXC
                      00076                 
002F   30C8           00077 V1:             MOVLW   0xC8
0030   2???           00078                 GOTO    NXC
                      00079         
0031   30B7           00080 V2:             MOVLW   0xB7
0032   2???           00081                 GOTO    NXC
                      00082 
0033   3093           00083 V3:             MOVLW   0x93
0034   2???           00084                 GOTO    NXC
                      00085         
0035   3040           00086 V4:             MOVLW   0x40
0036   2???           00087                 GOTO    NXC
MPASM  5.51                    MOTORP_A_P.ASM   10-3-2022  19:36:47         PAGE  3


LOC  OBJECT CODE     LINE SOURCE TEXT
  VALUE

                      00088         
0037   3020           00089 V5:             MOVLW   0x20
0038   2???           00090                 GOTO    NXC
                      00091         
0039   3010           00092 V6:             MOVLW   0x10
003A   2???           00093                 GOTO    NXC
                      00094         
003B   3008           00095 V7:             MOVLW   0x08
003C   2???           00096                 GOTO    NXC
                      00097 
003D   00B0           00098 NXC:    MOVWF   XC
003E   1F86           00099                 BTFSS   PORTB,RB7
003F   2???           00100                 GOTO    GIX
0040   3001           00101                 MOVLW   0x01
0041   0085           00102                 MOVWF   PORTA
0042   2???           00103                 CALL    RET
0043   3002           00104                 MOVLW   0x02
0044   0085           00105                 MOVWF   PORTA   
0045   2???           00106                 CALL    RET
0046   3004           00107                 MOVLW   0x04
0047   0085           00108                 MOVWF   PORTA
0048   2???           00109                 CALL    RET
0049   3008           00110                 MOVLW   0x08
004A   0085           00111                 MOVWF   PORTA
004B   2???           00112                 CALL    RET
004C   2???           00113                 GOTO    C_P
                      00114 
004D   3008           00115 GIX:    MOVLW   0x08
004E   0085           00116                 MOVWF   PORTA
004F   2???           00117                 CALL    RET
0050   3004           00118                 MOVLW   0x04
0051   0085           00119                 MOVWF   PORTA   
0052   2???           00120                 CALL    RET
0053   3002           00121                 MOVLW   0x02
0054   0085           00122                 MOVWF   PORTA
0055   2???           00123                 CALL    RET
0056   3001           00124                 MOVLW   0x01
0057   0085           00125                 MOVWF   PORTA
0058   2???           00126                 CALL    RET
0059   2???           00127                 GOTO    C_P
                      00128 
005A   0830           00129 RET:    MOVF        XC,W
005B   00A8           00130                 MOVWF       VC
005C   3008           00131 C_C:    MOVLW       0x08
005D   00A7           00132                 MOVWF       VB
005E   3003           00133 C_B:    MOVLW           0x03
005F   00A0           00134                 MOVWF       VA  
0060   0000           00135 C_A:    NOP
0061   0000           00136                 NOP
0062   0BA0           00137                 DECFSZ      VA,F
0063   2???           00138                 GOTO        C_A
0064   0BA7           00139                 DECFSZ      VB,F
0065   2???           00140                 GOTO        C_B
MPASM  5.51                    MOTORP_A_P.ASM   10-3-2022  19:36:47         PAGE  4


LOC  OBJECT CODE     LINE SOURCE TEXT
  VALUE

0066   0BA8           00141                 DECFSZ      VC,F
0067   2???           00142                 GOTO        C_C
0068   0008           00143                 RETURN
20D4 3FFF             00144                 END
MPASM  5.51                    MOTORP_A_P.ASM   10-3-2022  19:36:47         PAGE  5


SYMBOL TABLE
  LABEL                             VALUE 

.                                 00000002
ABDEN                             00000000
ABDOVF                            00000007
ACKDT                             00000005
ACKEN                             00000004
ACKSTAT                           00000006
ADCON0                            0000001F
ADCON1                            0000009F
ADCS0                             00000006
ADCS1                             00000007
ADDEN                             00000003
ADFM                              00000007
ADIE                              00000006
ADIF                              00000006
ADON                              00000000
ADRESH                            0000001E
ADRESL                            0000009E
ANS0                              00000000
ANS1                              00000001
ANS10                             00000002
ANS11                             00000003
ANS12                             00000004
ANS13                             00000005
ANS2                              00000002
ANS3                              00000003
ANS4                              00000004
ANS5                              00000005
ANS6                              00000006
ANS7                              00000007
ANS8                              00000000
ANS9                              00000001
ANSEL                             00000188
ANSELH                            00000189
BAUDCTL                           00000187
BCLIE                             00000003
BCLIF                             00000003
BF                                00000000
BRG0                              00000000
BRG1                              00000001
BRG10                             00000002
BRG11                             00000003
BRG12                             00000004
BRG13                             00000005
BRG14                             00000006
BRG15                             00000007
BRG16                             00000003
BRG2                              00000002
BRG3                              00000003
BRG4                              00000004
BRG5                              00000005
BRG6                              00000006
BRG7                              00000007
BRG8                              00000000
MPASM  5.51                    MOTORP_A_P.ASM   10-3-2022  19:36:47         PAGE  6


SYMBOL TABLE
  LABEL                             VALUE 

BRG9                              00000001
BRGH                              00000002
C                                 00000000
C1CH0                             00000000
C1CH1                             00000001
C1IE                              00000005
C1IF                              00000005
C1OE                              00000005
C1ON                              00000007
C1OUT                             00000006
C1POL                             00000004
C1R                               00000002
C1RSEL                            00000005
C1SEN                             00000005
C2CH0                             00000000
C2CH1                             00000001
C2IE                              00000006
C2IF                              00000006
C2OE                              00000005
C2ON                              00000007
C2OUT                             00000006
C2POL                             00000004
C2R                               00000002
C2REN                             00000004
C2RSEL                            00000004
C2SYNC                            00000000
CCP1CON                           00000017
CCP1IE                            00000002
CCP1IF                            00000002
CCP1M0                            00000000
CCP1M1                            00000001
CCP1M2                            00000002
CCP1M3                            00000003
CCP1X                             00000005
CCP1Y                             00000004
CCP2CON                           0000001D
CCP2IE                            00000000
CCP2IF                            00000000
CCP2M0                            00000000
CCP2M1                            00000001
CCP2M2                            00000002
CCP2M3                            00000003
CCP2X                             00000005
CCP2Y                             00000004
CCPR1                             00000015
CCPR1H                            00000016
CCPR1L                            00000015
CCPR2                             0000001B
CCPR2H                            0000001C
CCPR2L                            0000001B
CHS0                              00000002
CHS1                              00000003
CHS2                              00000004
MPASM  5.51                    MOTORP_A_P.ASM   10-3-2022  19:36:47         PAGE  7


SYMBOL TABLE
  LABEL                             VALUE 

CHS3                              00000005
CKE                               00000006
CKP                               00000004
CM1CON0                           00000107
CM2CON0                           00000108
CM2CON1                           00000109
CREN                              00000004
CSRC                              00000007
CX                                00000024
C_A                               00000060
C_B                               0000005E
C_C                               0000005C
C_P                               0000000E
D                                 00000005
DATA_ADDRESS                      00000005
DC                                00000001
DC1B0                             00000004
DC1B1                             00000005
DC2B0                             00000004
DC2B1                             00000005
D_A                               00000005
D_NOT_A                           00000005
ECCPAS                            0000009C
ECCPAS0                           00000004
ECCPAS1                           00000005
ECCPAS2                           00000006
ECCPASE                           00000007
EEADR                             0000010D
EEADRH                            0000010F
EECON1                            0000018C
EECON2                            0000018D
EEDAT                             0000010C
EEDATA                            0000010C
EEDATH                            0000010E
EEIE                              00000004
EEIF                              00000004
EEPGD                             00000007
F                                 00000001
FERR                              00000002
FSR                               00000004
FVREN                             00000000
GCEN                              00000007
GIE                               00000007
GIX                               0000004D
GO                                00000001
GO_DONE                           00000001
GO_NOT_DONE                       00000001
HTS                               00000002
I2C_DATA                          00000005
I2C_READ                          00000002
I2C_START                         00000003
I2C_STOP                          00000004
INDF                              00000000
MPASM  5.51                    MOTORP_A_P.ASM   10-3-2022  19:36:47         PAGE  8


SYMBOL TABLE
  LABEL                             VALUE 

INTCON                            0000000B
INTE                              00000004
INTEDG                            00000006
INTF                              00000001
IOCB                              00000096
IOCB0                             00000000
IOCB1                             00000001
IOCB2                             00000002
IOCB3                             00000003
IOCB4                             00000004
IOCB5                             00000005
IOCB6                             00000006
IOCB7                             00000007
IRCF0                             00000004
IRCF1                             00000005
IRCF2                             00000006
IRP                               00000007
LTS                               00000001
MC1OUT                            00000007
MC2OUT                            00000006
MSK                               00000093
MSK0                              00000000
MSK1                              00000001
MSK2                              00000002
MSK3                              00000003
MSK4                              00000004
MSK5                              00000005
MSK6                              00000006
MSK7                              00000007
NA                                00000022
NB                                00000021
NOT_A                             00000005
NOT_ADDRESS                       00000005
NOT_BO                            00000000
NOT_BOR                           00000000
NOT_DONE                          00000001
NOT_PD                            00000003
NOT_POR                           00000001
NOT_RBPU                          00000007
NOT_RC8                           00000006
NOT_T1SYNC                        00000002
NOT_TO                            00000004
NOT_TX8                           00000006
NOT_W                             00000002
NOT_WRITE                         00000002
NXC                               0000003D
OERR                              00000001
OPTION_REG                        00000081
OSCCON                            0000008F
OSCTUNE                           00000090
OSFIE                             00000007
OSFIF                             00000007
OSTS                              00000003
MPASM  5.51                    MOTORP_A_P.ASM   10-3-2022  19:36:47         PAGE  9


SYMBOL TABLE
  LABEL                             VALUE 

P                                 00000004
P1M0                              00000006
P1M1                              00000007
PCL                               00000002
PCLATH                            0000000A
PCON                              0000008E
PDC0                              00000000
PDC1                              00000001
PDC2                              00000002
PDC3                              00000003
PDC4                              00000004
PDC5                              00000005
PDC6                              00000006
PEIE                              00000006
PEN                               00000002
PIE1                              0000008C
PIE2                              0000008D
PIR1                              0000000C
PIR2                              0000000D
PORTA                             00000005
PORTB                             00000006
PORTC                             00000007
PORTD                             00000008
PORTE                             00000009
PR2                               00000092
PRSEN                             00000007
PS0                               00000000
PS1                               00000001
PS2                               00000002
PSA                               00000003
PSSAC0                            00000002
PSSAC1                            00000003
PSSBD0                            00000000
PSSBD1                            00000001
PSTRCON                           0000009D
PULSR                             00000002
PULSS                             00000003
PWM1CON                           0000009B
R                                 00000002
RA0                               00000000
RA1                               00000001
RA2                               00000002
RA3                               00000003
RA4                               00000004
RA5                               00000005
RA6                               00000006
RA7                               00000007
RB0                               00000000
RB1                               00000001
RB2                               00000002
RB3                               00000003
RB4                               00000004
RB5                               00000005
MPASM  5.51                    MOTORP_A_P.ASM   10-3-2022  19:36:47         PAGE 10


SYMBOL TABLE
  LABEL                             VALUE 

RB6                               00000006
RB7                               00000007
RBIE                              00000003
RBIF                              00000000
RC0                               00000000
RC1                               00000001
RC2                               00000002
RC3                               00000003
RC4                               00000004
RC5                               00000005
RC6                               00000006
RC7                               00000007
RC8_9                             00000006
RC9                               00000006
RCD8                              00000000
RCEN                              00000003
RCIDL                             00000006
RCIE                              00000005
RCIF                              00000005
RCREG                             0000001A
RCSTA                             00000018
RD                                00000000
RD0                               00000000
RD1                               00000001
RD2                               00000002
RD3                               00000003
RD4                               00000004
RD5                               00000005
RD6                               00000006
RD7                               00000007
RE0                               00000000
RE1                               00000001
RE2                               00000002
RE3                               00000003
READ_WRITE                        00000002
RET                               0000005A
RP0                               00000005
RP1                               00000006
RSEN                              00000001
RX                                00000023
RX9                               00000006
RX9D                              00000000
R_NOT_W                           00000002
R_W                               00000002
S                                 00000003
SBOREN                            00000004
SCKP                              00000004
SCS                               00000000
SEN                               00000000
SENDB                             00000003
SMP                               00000007
SPBRG                             00000099
SPBRGH                            0000009A
MPASM  5.51                    MOTORP_A_P.ASM   10-3-2022  19:36:47         PAGE 11


SYMBOL TABLE
  LABEL                             VALUE 

SPEN                              00000007
SR0                               00000006
SR1                               00000007
SRCON                             00000185
SREN                              00000005
SSPADD                            00000093
SSPBUF                            00000013
SSPCON                            00000014
SSPCON2                           00000091
SSPEN                             00000005
SSPIE                             00000003
SSPIF                             00000003
SSPM0                             00000000
SSPM1                             00000001
SSPM2                             00000002
SSPM3                             00000003
SSPMSK                            00000093
SSPOV                             00000006
SSPSTAT                           00000094
STATUS                            00000003
STRA                              00000000
STRB                              00000001
STRC                              00000002
STRD                              00000003
STRSYNC                           00000004
SWDTEN                            00000000
SYNC                              00000004
T0CS                              00000005
T0IE                              00000005
T0IF                              00000002
T0SE                              00000004
T1CKPS0                           00000004
T1CKPS1                           00000005
T1CON                             00000010
T1GINV                            00000007
T1GIV                             00000007
T1GSS                             00000001
T1INSYNC                          00000002
T1OSCEN                           00000003
T1SYNC                            00000002
T2CKPS0                           00000000
T2CKPS1                           00000001
T2CON                             00000012
TMR0                              00000001
TMR0IE                            00000005
TMR0IF                            00000002
TMR1                              0000000E
TMR1CS                            00000001
TMR1GE                            00000006
TMR1H                             0000000F
TMR1IE                            00000000
TMR1IF                            00000000
TMR1L                             0000000E
MPASM  5.51                    MOTORP_A_P.ASM   10-3-2022  19:36:47         PAGE 12


SYMBOL TABLE
  LABEL                             VALUE 

TMR1ON                            00000000
TMR2                              00000011
TMR2IE                            00000001
TMR2IF                            00000001
TMR2ON                            00000002
TOUTPS0                           00000003
TOUTPS1                           00000004
TOUTPS2                           00000005
TOUTPS3                           00000006
TRISA                             00000085
TRISA0                            00000000
TRISA1                            00000001
TRISA2                            00000002
TRISA3                            00000003
TRISA4                            00000004
TRISA5                            00000005
TRISA6                            00000006
TRISA7                            00000007
TRISB                             00000086
TRISB0                            00000000
TRISB1                            00000001
TRISB2                            00000002
TRISB3                            00000003
TRISB4                            00000004
TRISB5                            00000005
TRISB6                            00000006
TRISB7                            00000007
TRISC                             00000087
TRISC0                            00000000
TRISC1                            00000001
TRISC2                            00000002
TRISC3                            00000003
TRISC4                            00000004
TRISC5                            00000005
TRISC6                            00000006
TRISC7                            00000007
TRISD                             00000088
TRISD0                            00000000
TRISD1                            00000001
TRISD2                            00000002
TRISD3                            00000003
TRISD4                            00000004
TRISD5                            00000005
TRISD6                            00000006
TRISD7                            00000007
TRISE                             00000089
TRISE0                            00000000
TRISE1                            00000001
TRISE2                            00000002
TRISE3                            00000003
TRMT                              00000001
TUN0                              00000000
TUN1                              00000001
MPASM  5.51                    MOTORP_A_P.ASM   10-3-2022  19:36:47         PAGE 13


SYMBOL TABLE
  LABEL                             VALUE 

TUN2                              00000002
TUN3                              00000003
TUN4                              00000004
TX8_9                             00000006
TX9                               00000006
TX9D                              00000000
TXD8                              00000000
TXEN                              00000005
TXIE                              00000004
TXIF                              00000004
TXREG                             00000019
TXSTA                             00000098
UA                                00000001
ULPWUE                            00000005
ULPWUIE                           00000002
ULPWUIF                           00000002
V0                                0000002D
V1                                0000002F
V2                                00000031
V3                                00000033
V4                                00000035
V5                                00000037
V6                                00000039
V7                                0000003B
VA                                00000020
VB                                00000027
VC                                00000028
VCFG0                             00000004
VCFG1                             00000005
VR0                               00000000
VR1                               00000001
VR2                               00000002
VR3                               00000003
VRCON                             00000097
VREN                              00000007
VROE                              00000006
VRR                               00000005
VRSS                              00000004
W                                 00000000
WCOL                              00000007
WDTCON                            00000105
WDTPS0                            00000001
WDTPS1                            00000002
WDTPS2                            00000003
WDTPS3                            00000004
WPUB                              00000095
WPUB0                             00000000
WPUB1                             00000001
WPUB2                             00000002
WPUB3                             00000003
WPUB4                             00000004
WPUB5                             00000005
WPUB6                             00000006
MPASM  5.51                    MOTORP_A_P.ASM   10-3-2022  19:36:47         PAGE 14


SYMBOL TABLE
  LABEL                             VALUE 

WPUB7                             00000007
WR                                00000001
WREN                              00000002
WRERR                             00000003
WUE                               00000001
XA                                00000025
XB                                00000026
XC                                00000030
XV                                00000029
Z                                 00000002
_BOR21V                           00003EFF
_BOR40V                           00003FFF
_BOR4V_BOR21V                     00003EFF
_BOR4V_BOR40V                     00003FFF
_BOREN_NSLEEP                     00003EFF
_BOREN_OFF                        00003CFF
_BOREN_ON                         00003FFF
_BOREN_SBODEN                     00003DFF
_BOR_NSLEEP                       00003EFF
_BOR_OFF                          00003CFF
_BOR_ON                           00003FFF
_BOR_SBODEN                       00003DFF
_CONFIG1                          00002007
_CONFIG2                          00002008
_CPD_OFF                          00003FFF
_CPD_ON                           00003F7F
_CP_OFF                           00003FFF
_CP_ON                            00003FBF
_DEBUG_OFF                        00003FFF
_DEBUG_ON                         00001FFF
_DEVID1                           00002006
_EC_OSC                           00003FFB
_EXTRC                            00003FFF
_EXTRCIO                          00003FFE
_EXTRC_OSC_CLKOUT                 00003FFF
_EXTRC_OSC_NOCLKOUT               00003FFE
_FCMEN_OFF                        000037FF
_FCMEN_ON                         00003FFF
_FOSC_EC                          00003FFB
_FOSC_EXTRC_CLKOUT                00003FFF
_FOSC_EXTRC_NOCLKOUT              00003FFE
_FOSC_HS                          00003FFA
_FOSC_INTRC_CLKOUT                00003FFD
_FOSC_INTRC_NOCLKOUT              00003FFC
_FOSC_LP                          00003FF8
_FOSC_XT                          00003FF9
_HS_OSC                           00003FFA
_IDLOC0                           00002000
_IDLOC1                           00002001
_IDLOC2                           00002002
_IDLOC3                           00002003
_IESO_OFF                         00003BFF
_IESO_ON                          00003FFF
MPASM  5.51                    MOTORP_A_P.ASM   10-3-2022  19:36:47         PAGE 15


SYMBOL TABLE
  LABEL                             VALUE 

_INTOSC                           00003FFD
_INTOSCIO                         00003FFC
_INTRC_OSC_CLKOUT                 00003FFD
_INTRC_OSC_NOCLKOUT               00003FFC
_LP_OSC                           00003FF8
_LVP_OFF                          00002FFF
_LVP_ON                           00003FFF
_MCLRE_OFF                        00003FDF
_MCLRE_ON                         00003FFF
_PWRTE_OFF                        00003FFF
_PWRTE_ON                         00003FEF
_WDTE_OFF                         00003FF7
_WDTE_ON                          00003FFF
_WDT_OFF                          00003FF7
_WDT_ON                           00003FFF
_WRT_1FOURTH                      00003BFF
_WRT_256                          00003DFF
_WRT_HALF                         000039FF
_WRT_OFF                          00003FFF
_XT_OSC                           00003FF9
__16F887                          00000001
__DEBUG                           1

Errors   :     0
Warnings :     2 reported,     0 suppressed
Messages :     7 reported,     0 suppressed

