

HI-TECH Software PIC PRO Macro Assembler V9.82 build 9453 
                                                                                               Sat May 07 21:12:15 2022

HI-TECH Software Omniscient Code Generator (PRO mode) build 9453
     1                           	processor	16F887
     2                           	opt	pw 120
     3                           	opt	pm
     4                           	psect	config,global,class=CONFIG,delta=2
     5                           	psect	maintext,global,class=CODE,delta=2
     6                           	psect	cinit,global,class=CODE,delta=2
     7                           	psect	cstackCOMMON,global,class=COMMON,space=1,delta=1
     8                           	psect	pa_nodes,global,class=CODE,delta=2
     9                           	dabs	1,0x7E,2
    10  000A                     	;#
    11                           
    12                           	psect	config
    13  2007  E0D4               	dw	57556	;#
    14  2008  FFFF               	dw	65535	;#
    15                           
    16                           	psect	maintext
    17  07EE                     __pmaintext:	
    18  0005                     _PORTA	set	5
    19  0001                     _TMR0	set	1
    20  0081                     _OPTION_REG	set	129
    21  0085                     _TRISA	set	133
    22  0086                     _TRISB	set	134
    23  0087                     _TRISC	set	135
    24  0088                     _TRISD	set	136
    25  0089                     _TRISE	set	137
    26  0188                     _ANSEL	set	392
    27  0189                     _ANSELH	set	393
    28                           
    29                           ; 0 bytes @ 0x0
    30 ;;Data sizes: Strings 0, constant 0, data 0, bss 0, persistent 0 stack 0
    31 ;;Auto spaces:   Size  Autos    Used
    32 ;; COMMON          14      0       0
    33 ;; BANK0           80      0       0
    34 ;; BANK1           80      0       0
    35 ;; BANK3           96      0       0
    36 ;; BANK2           96      0       0
    37 ;;
    38 ;; Pointer list with targets:
    39 ;;
    40 ;; Critical Paths under _main in COMMON
    41 ;;
    42 ;;   None.
    43 ;;
    44 ;; Critical Paths under _main in BANK0
    45 ;;
    46 ;;   None.
    47 ;;
    48 ;; Critical Paths under _main in BANK1
    49 ;;
    50 ;;   None.
    51 ;;
    52 ;; Critical Paths under _main in BANK3
    53 ;;
    54 ;;   None.
    55 ;;
    56 ;; Critical Paths under _main in BANK2
    57 ;;
    58 ;;   None.
    59 ;;
    60 ;;Main: autosize = 0, tempsize = 0, incstack = 0, save=0
    61 ;;
    62 ;;
    63 ;;Call Graph Tables:
    64 ;;
    65 ;; ---------------------------------------------------------------------------------
    66 ;; (Depth) Function   	        Calls       Base Space   Used Autos Params    Refs
    67 ;; ---------------------------------------------------------------------------------
    68 ;; (0) _main                                                 0     0      0       0
    69 ;; ---------------------------------------------------------------------------------
    70 ;; Estimated maximum stack depth 0
    71 ;; ---------------------------------------------------------------------------------
    72 ;; Call Graph Graphs:
    73 ;; _main (ROOT)
    74 ;;
    75 ;; Address spaces:
    76 ;;Name               Size   Autos  Total    Cost      Usage
    77 ;;BITCOMMON            E      0       0       0        0.0%
    78 ;;EEDATA             100      0       0       0        0.0%
    79 ;;NULL                 0      0       0       0        0.0%
    80 ;;CODE                 0      0       0       0        0.0%
    81 ;;COMMON               E      0       0       1        0.0%
    82 ;;BITSFR0              0      0       0       1        0.0%
    83 ;;SFR0                 0      0       0       1        0.0%
    84 ;;BITSFR1              0      0       0       2        0.0%
    85 ;;SFR1                 0      0       0       2        0.0%
    86 ;;STACK                0      0       0       2        0.0%
    87 ;;ABS                  0      0       0       3        0.0%
    88 ;;BITBANK0            50      0       0       4        0.0%
    89 ;;BITSFR3              0      0       0       4        0.0%
    90 ;;SFR3                 0      0       0       4        0.0%
    91 ;;BANK0               50      0       0       5        0.0%
    92 ;;BITSFR2              0      0       0       5        0.0%
    93 ;;SFR2                 0      0       0       5        0.0%
    94 ;;BITBANK1            50      0       0       6        0.0%
    95 ;;BANK1               50      0       0       7        0.0%
    96 ;;BITBANK3            60      0       0       8        0.0%
    97 ;;BANK3               60      0       0       9        0.0%
    98 ;;BITBANK2            60      0       0      10        0.0%
    99 ;;BANK2               60      0       0      11        0.0%
   100 ;;DATA                 0      0       0      12        0.0%
   101 ;; *************** function _main *****************
   102 ;; Defined at:
   103 ;;		line 9 in file "C:\Users\Jorge\OneDrive\Escritorio\PROGS C\TIMER1\TIMER1.c"
   104 ;; Parameters:    Size  Location     Type
   105 ;;		None
   106 ;; Auto vars:     Size  Location     Type
   107 ;;		None
   108 ;; Return value:  Size  Location     Type
   109 ;;		None               void
   110 ;; Registers used:
   111 ;;		wreg, status,2
   112 ;; Tracked objects:
   113 ;;		On entry : 17F/0
   114 ;;		On exit  : 17F/0
   115 ;;		Unchanged: FFE80/0
   116 ;; Data sizes:     COMMON   BANK0   BANK1   BANK3   BANK2
   117 ;;      Params:         0       0       0       0       0
   118 ;;      Locals:         0       0       0       0       0
   119 ;;      Temps:          0       0       0       0       0
   120 ;;      Totals:         0       0       0       0       0
   121 ;;Total ram usage:        0 bytes
   122 ;; This function calls:
   123 ;;		Nothing
   124 ;; This function is called by:
   125 ;;		Startup code after reset
   126 ;; This function uses a non-reentrant model
   127 ;;
   128  07EE                     _main:	
   129                           
   130                           ;TIMER1.c: 10: ANSEL = 0x00;
   131                           
   132                           ; Regs used in _main: [wreg+status,2]
   133  07EE  1683               	bsf	3,5	;RP0=1, select bank3
   134  07EF  1703               	bsf	3,6	;RP1=1, select bank3
   135  07F0  0188               	clrf	8	;volatile
   136                           
   137                           ;TIMER1.c: 11: ANSELH = 0x00;
   138  07F1  0189               	clrf	9	;volatile
   139                           
   140                           ;TIMER1.c: 13: TRISA = 0x00;
   141  07F2  1303               	bcf	3,6	;RP1=0, select bank1
   142  07F3  0185               	clrf	5	;volatile
   143                           
   144                           ;TIMER1.c: 14: TRISB = 0x10;
   145  07F4  3010               	movlw	16
   146  07F5  0086               	movwf	6	;volatile
   147                           
   148                           ;TIMER1.c: 15: TRISC = 0x00;
   149  07F6  0187               	clrf	7	;volatile
   150                           
   151                           ;TIMER1.c: 16: TRISD = 0x00;
   152  07F7  0188               	clrf	8	;volatile
   153                           
   154                           ;TIMER1.c: 17: TRISE = 0x00;
   155  07F8  0189               	clrf	9	;volatile
   156                           
   157                           ;TIMER1.c: 19: OPTION_REG = 0b11110000;
   158  07F9  30F0               	movlw	240
   159  07FA  0081               	movwf	1	;volatile
   160  07FB                     l1027:	
   161                           ;TIMER1.c: 21: while (1)
   162                           
   163                           
   164                           ;TIMER1.c: 22: {
   165                           ;TIMER1.c: 24: VPA = TMR0;
   166  07FB  1283               	bcf	3,5	;RP0=0, select bank0
   167  07FC  0801               	movf	1,w	;volatile
   168                           
   169                           ;TIMER1.c: 25: PORTA = TMR0;
   170  07FD  0801               	movf	1,w	;volatile
   171  07FE  0085               	movwf	5	;volatile
   172  07FF  2FFB               	goto	l1027
   173  0800                     __end_of_main:	
   174                           
   175 ;; =============== function _main ends ============
   176  007E                     btemp	set	126	;btemp
   177  007E                     wtemp0	set	126
   178                           
   179                           	psect	cinit
   180  07EA                     start_initialization:	
   181  07EA                     end_of_initialization:	
   182                           ;End of C runtime variable initialization code
   183                           
   184  07EA  0183               	clrf	3
   185  07EB  120A  118A  2FEE   	ljmp	_main	;jump to C main() function
   186                           
   187                           	psect	cstackCOMMON
   188  0000                     __pcstackCOMMON:	
   189  0000                     ?_main:	
   190  0000                     ??_main:	
   191                           ; 0 bytes @ 0x0
   192                           


HI-TECH Software PICC Macro Assembler V9.82 build 9453 
Symbol Table                                                                                   Sat May 07 21:12:15 2022

                l1027 07FB                  l2391 0000                  l2383 0000                  l2385 0000  
                l2387 0000                  l2389 0000                  _TMR0 0001                  _main 07EE  
                btemp 007E                  start 0000                 ?_main 0000                 _ANSEL 0188  
               _PORTA 0005                 _TRISA 0085                 _TRISB 0086                 _TRISC 0087  
               _TRISD 0088                 _TRISE 0089                 status 0003                 wtemp0 007E  
        __end_of_main 0800                ??_main 0000                _ANSELH 0189        __pcstackCOMMON 0000  
          __pmaintext 07EE  end_of_initialization 07EA   start_initialization 07EA         __size_of_main 0012  
          _OPTION_REG 0081  
