MPASM  5.51                        MOTOR1.ASM   3-5-2022  20:45:21         PAGE  1


LOC  OBJECT CODE     LINE SOURCE TEXT
  VALUE

Warning[205]: Found directive in column 1. (PROCESSOR)
Warning[215]: Processor superseded by command line.  Verify processor symbol.
                      00001 PROCESSOR       P16F887
                      00002                 INCLUDE         <P16F887.INC>
                      00001         LIST
                      00002 
                      00003 ;==========================================================================
                      00004 ;  MPASM PIC16F887 processor include
                      00005 ; 
                      00006 ;  (c) Copyright 1999-2013 Microchip Technology, All rights reserved
                      00007 ;==========================================================================
                      00008 
                      00809         LIST
                      00003 
Warning[205]: Found directive in column 1. (__CONFIG)
2007   20D4           00004 __CONFIG _CONFIG1, (_INTRC_OSC_NOCLKOUT & _WDT_OFF & _PWRTE_OFF & _MCLRE_OFF & _CP_OFF & _CPD_OFF & _BOR
                            _OFF & _IESO_OFF & _FCMEN_OFF & _LVP_OFF & _DEBUG_OFF)
Warning[205]: Found directive in column 1. (__CONFIG)
2008   3FFF           00005 __CONFIG _CONFIG2, (_WRT_OFF & _BOR40V)
                      00006 
  00000021            00007 NB          EQU     0x21        
  00000022            00008 WM          EQU     0x22
  00000023            00009 VA              EQU             0x23
  00000024            00010 VB              EQU             0x24
  00000025            00011 VC              EQU             0x25
                      00012 ;VX             EQU             0x20
                      00013       
0000                  00014                 ORG     0x00    
                      00015         
0000   1683 1703      00016         BANKSEL ANSEL   ;CAMBIO BANCO 3
Message[302]: Register in operand not in bank 0.  Ensure that bank bits are correct.
0002   0188           00017                 CLRF    ANSEL
Message[302]: Register in operand not in bank 0.  Ensure that bank bits are correct.
0003   0189           00018                 CLRF    ANSELH
                      00019         
0004   1683 1303      00020                 BANKSEL TRISA   ;CAMBIO BANCO 1
Message[302]: Register in operand not in bank 0.  Ensure that bank bits are correct.
0006   0185           00021                 CLRF    TRISA   
0007   30FF           00022                 MOVLW   0xFF
Message[302]: Register in operand not in bank 0.  Ensure that bank bits are correct.
0008   0086           00023                 MOVWF   TRISB
Message[302]: Register in operand not in bank 0.  Ensure that bank bits are correct.
0009   0187           00024                 CLRF    TRISC
Message[302]: Register in operand not in bank 0.  Ensure that bank bits are correct.
000A   0188           00025                 CLRF    TRISD
Message[302]: Register in operand not in bank 0.  Ensure that bank bits are correct.
000B   0189           00026                 CLRF    TRISE
                      00027         
000C   1283 1303      00028                 BANKSEL PORTA   ;CAMBIO BANCO 0
                      00029 
000E   0806           00030 NINGUNO MOVF    PORTB,W
000F   390F           00031                 ANDLW   0X0F
0010   00A1           00032                 MOVWF   NB
MPASM  5.51                        MOTOR1.ASM   3-5-2022  20:45:21         PAGE  2


LOC  OBJECT CODE     LINE SOURCE TEXT
  VALUE

0011   300F           00033                 MOVLW   0X0F
0012   0621           00034                 XORWF   NB,W
0013   1903           00035                 BTFSC   STATUS,Z
0014   203A           00036                 CALL    W_4
0015   3007           00037                 MOVLW   0X07
0016   0621           00038                 XORWF   NB,W
0017   1903           00039                 BTFSC   STATUS,Z
0018   2032           00040                 CALL    W_16
0019   3003           00041                 MOVLW   0X03
001A   0621           00042                 XORWF   NB,W
001B   1903           00043                 BTFSC   STATUS,Z
001C   202A           00044                 CALL    W_32
001D   3001           00045                 MOVLW   0X01
001E   0621           00046                 XORWF   NB,W
001F   1903           00047                 BTFSC   STATUS,Z
0020   2022           00048                 CALL    W_64
0021   280E           00049                 GOTO    NINGUNO
                      00050 
                      00051 ;SUBRUTINA PARA VELOCIDAD 2s POR CADA RETARDO
0022   3008           00052 W_64    MOVLW   0X08
0023   00A2           00053                 MOVWF   WM
0024   1B86           00054                 BTFSC   PORTB,7
0025   204F           00055                 CALL    GIRO_D
0026   1B86           00056                 BTFSC   PORTB,7
0027   2829           00057                 GOTO    RE_1
0028   2042           00058                 CALL    GIRO_I
0029   0008           00059 RE_1    RETURN
                      00060                 
                      00061 ;SUBRUTINA PARA VELOCIDAD 2s POR CADA RETARDO
002A   3004           00062 W_32    MOVLW   0X04
002B   00A2           00063                 MOVWF   WM
002C   1B86           00064                 BTFSC   PORTB,7
002D   204F           00065                 CALL    GIRO_D
002E   1B86           00066                 BTFSC   PORTB,7
002F   2831           00067                 GOTO    RE_2
0030   2042           00068                 CALL    GIRO_I
0031   0008           00069 RE_2    RETURN
                      00070 
                      00071 ;SUBRUTINA PARA VELOCIDAD 2s POR CADA RETARDO
0032   3002           00072 W_16    MOVLW   0X02
0033   00A2           00073                 MOVWF   WM
0034   1B86           00074                 BTFSC   PORTB,7
0035   204F           00075                 CALL    GIRO_D
0036   1B86           00076                 BTFSC   PORTB,7
0037   2839           00077                 GOTO    RE_3
0038   2042           00078                 CALL    GIRO_I
0039   0008           00079 RE_3    RETURN
                      00080 
                      00081 
003A   3001           00082 W_4             MOVLW   0X01
003B   00A2           00083                 MOVWF   WM
003C   1B86           00084                 BTFSC   PORTB,7
003D   204F           00085                 CALL    GIRO_D
MPASM  5.51                        MOTOR1.ASM   3-5-2022  20:45:21         PAGE  3


LOC  OBJECT CODE     LINE SOURCE TEXT
  VALUE

003E   1B86           00086                 BTFSC   PORTB,7
003F   2841           00087                 GOTO    RE_4
0040   2042           00088                 CALL    GIRO_I
0041   0008           00089 RE_4    RETURN
                      00090 
                      00091 
0042   3009           00092 GIRO_I  MOVLW   0X09
0043   0085           00093                 MOVWF   PORTA
0044   205C           00094                 CALL    RET
0045   3003           00095                 MOVLW   0X03
0046   0085           00096                 MOVWF   PORTA
0047   205C           00097                 CALL    RET
0048   3006           00098                 MOVLW   0X06
0049   0085           00099                 MOVWF   PORTA
004A   205C           00100                 CALL    RET
004B   300C           00101                 MOVLW   0X0C
004C   0085           00102                 MOVWF   PORTA
004D   205C           00103                 CALL    RET
004E   0008           00104                 RETURN
                      00105 
                      00106 ;SUBRUTINA GIRO DERECHA
004F   300C           00107 GIRO_D  MOVLW   0X0C
0050   0085           00108                 MOVWF   PORTA
0051   205C           00109                 CALL    RET
0052   3006           00110                 MOVLW   0X06
0053   0085           00111                 MOVWF   PORTA
0054   205C           00112                 CALL    RET
0055   3003           00113                 MOVLW   0X03
0056   0085           00114                 MOVWF   PORTA
0057   205C           00115                 CALL    RET
0058   3009           00116                 MOVLW   0X09
0059   0085           00117                 MOVWF   PORTA
005A   205C           00118                 CALL    RET
005B   0008           00119                 RETURN
                      00120                 
                      00121 
005C   0822           00122 RET             MOVF    WM,W    
005D   00A5           00123                 MOVWF   VC
005E   30FA           00124 C_VC    MOVLW   0xFA
005F   00A4           00125                 MOVWF   VB
0060   30F9           00126 C_VB    MOVLW   0xF9
Message[305]: Using default destination of 1 (file).
0061   08A3           00127                 MOVF    VA
0062   0BA3           00128 C_VA    DECFSZ  VA,F
0063   2862           00129                 GOTO    C_VA
0064   0BA4           00130                 DECFSZ  VB,F    
0065   2860           00131                 GOTO    C_VB
0066   0BA5           00132                 DECFSZ  VC,F
0067   285E           00133                 GOTO    C_VC
0068   0008           00134                 RETURN
                      00135 
                      00136 
                      00137                 END
MPASM  5.51                        MOTOR1.ASM   3-5-2022  20:45:21         PAGE  4


SYMBOL TABLE
  LABEL                             VALUE 

ABDEN                             00000000
ABDOVF                            00000007
ACKDT                             00000005
ACKEN                             00000004
ACKSTAT                           00000006
ADCON0                            0000001F
ADCON1                            0000009F
ADCS0                             00000006
ADCS1                             00000007
ADDEN                             00000003
ADFM                              00000007
ADIE                              00000006
ADIF                              00000006
ADON                              00000000
ADRESH                            0000001E
ADRESL                            0000009E
ANS0                              00000000
ANS1                              00000001
ANS10                             00000002
ANS11                             00000003
ANS12                             00000004
ANS13                             00000005
ANS2                              00000002
ANS3                              00000003
ANS4                              00000004
ANS5                              00000005
ANS6                              00000006
ANS7                              00000007
ANS8                              00000000
ANS9                              00000001
ANSEL                             00000188
ANSELH                            00000189
BAUDCTL                           00000187
BCLIE                             00000003
BCLIF                             00000003
BF                                00000000
BRG0                              00000000
BRG1                              00000001
BRG10                             00000002
BRG11                             00000003
BRG12                             00000004
BRG13                             00000005
BRG14                             00000006
BRG15                             00000007
BRG16                             00000003
BRG2                              00000002
BRG3                              00000003
BRG4                              00000004
BRG5                              00000005
BRG6                              00000006
BRG7                              00000007
BRG8                              00000000
BRG9                              00000001
MPASM  5.51                        MOTOR1.ASM   3-5-2022  20:45:21         PAGE  5


SYMBOL TABLE
  LABEL                             VALUE 

BRGH                              00000002
C                                 00000000
C1CH0                             00000000
C1CH1                             00000001
C1IE                              00000005
C1IF                              00000005
C1OE                              00000005
C1ON                              00000007
C1OUT                             00000006
C1POL                             00000004
C1R                               00000002
C1RSEL                            00000005
C1SEN                             00000005
C2CH0                             00000000
C2CH1                             00000001
C2IE                              00000006
C2IF                              00000006
C2OE                              00000005
C2ON                              00000007
C2OUT                             00000006
C2POL                             00000004
C2R                               00000002
C2REN                             00000004
C2RSEL                            00000004
C2SYNC                            00000000
CCP1CON                           00000017
CCP1IE                            00000002
CCP1IF                            00000002
CCP1M0                            00000000
CCP1M1                            00000001
CCP1M2                            00000002
CCP1M3                            00000003
CCP1X                             00000005
CCP1Y                             00000004
CCP2CON                           0000001D
CCP2IE                            00000000
CCP2IF                            00000000
CCP2M0                            00000000
CCP2M1                            00000001
CCP2M2                            00000002
CCP2M3                            00000003
CCP2X                             00000005
CCP2Y                             00000004
CCPR1                             00000015
CCPR1H                            00000016
CCPR1L                            00000015
CCPR2                             0000001B
CCPR2H                            0000001C
CCPR2L                            0000001B
CHS0                              00000002
CHS1                              00000003
CHS2                              00000004
CHS3                              00000005
MPASM  5.51                        MOTOR1.ASM   3-5-2022  20:45:21         PAGE  6


SYMBOL TABLE
  LABEL                             VALUE 

CKE                               00000006
CKP                               00000004
CM1CON0                           00000107
CM2CON0                           00000108
CM2CON1                           00000109
CREN                              00000004
CSRC                              00000007
C_VA                              00000062
C_VB                              00000060
C_VC                              0000005E
D                                 00000005
DATA_ADDRESS                      00000005
DC                                00000001
DC1B0                             00000004
DC1B1                             00000005
DC2B0                             00000004
DC2B1                             00000005
D_A                               00000005
D_NOT_A                           00000005
ECCPAS                            0000009C
ECCPAS0                           00000004
ECCPAS1                           00000005
ECCPAS2                           00000006
ECCPASE                           00000007
EEADR                             0000010D
EEADRH                            0000010F
EECON1                            0000018C
EECON2                            0000018D
EEDAT                             0000010C
EEDATA                            0000010C
EEDATH                            0000010E
EEIE                              00000004
EEIF                              00000004
EEPGD                             00000007
F                                 00000001
FERR                              00000002
FSR                               00000004
FVREN                             00000000
GCEN                              00000007
GIE                               00000007
GIRO_D                            0000004F
GIRO_I                            00000042
GO                                00000001
GO_DONE                           00000001
GO_NOT_DONE                       00000001
HTS                               00000002
I2C_DATA                          00000005
I2C_READ                          00000002
I2C_START                         00000003
I2C_STOP                          00000004
INDF                              00000000
INTCON                            0000000B
INTE                              00000004
MPASM  5.51                        MOTOR1.ASM   3-5-2022  20:45:21         PAGE  7


SYMBOL TABLE
  LABEL                             VALUE 

INTEDG                            00000006
INTF                              00000001
IOCB                              00000096
IOCB0                             00000000
IOCB1                             00000001
IOCB2                             00000002
IOCB3                             00000003
IOCB4                             00000004
IOCB5                             00000005
IOCB6                             00000006
IOCB7                             00000007
IRCF0                             00000004
IRCF1                             00000005
IRCF2                             00000006
IRP                               00000007
LTS                               00000001
MC1OUT                            00000007
MC2OUT                            00000006
MSK                               00000093
MSK0                              00000000
MSK1                              00000001
MSK2                              00000002
MSK3                              00000003
MSK4                              00000004
MSK5                              00000005
MSK6                              00000006
MSK7                              00000007
NB                                00000021
NINGUNO                           0000000E
NOT_A                             00000005
NOT_ADDRESS                       00000005
NOT_BO                            00000000
NOT_BOR                           00000000
NOT_DONE                          00000001
NOT_PD                            00000003
NOT_POR                           00000001
NOT_RBPU                          00000007
NOT_RC8                           00000006
NOT_T1SYNC                        00000002
NOT_TO                            00000004
NOT_TX8                           00000006
NOT_W                             00000002
NOT_WRITE                         00000002
OERR                              00000001
OPTION_REG                        00000081
OSCCON                            0000008F
OSCTUNE                           00000090
OSFIE                             00000007
OSFIF                             00000007
OSTS                              00000003
P                                 00000004
P1M0                              00000006
P1M1                              00000007
MPASM  5.51                        MOTOR1.ASM   3-5-2022  20:45:21         PAGE  8


SYMBOL TABLE
  LABEL                             VALUE 

PCL                               00000002
PCLATH                            0000000A
PCON                              0000008E
PDC0                              00000000
PDC1                              00000001
PDC2                              00000002
PDC3                              00000003
PDC4                              00000004
PDC5                              00000005
PDC6                              00000006
PEIE                              00000006
PEN                               00000002
PIE1                              0000008C
PIE2                              0000008D
PIR1                              0000000C
PIR2                              0000000D
PORTA                             00000005
PORTB                             00000006
PORTC                             00000007
PORTD                             00000008
PORTE                             00000009
PR2                               00000092
PRSEN                             00000007
PS0                               00000000
PS1                               00000001
PS2                               00000002
PSA                               00000003
PSSAC0                            00000002
PSSAC1                            00000003
PSSBD0                            00000000
PSSBD1                            00000001
PSTRCON                           0000009D
PULSR                             00000002
PULSS                             00000003
PWM1CON                           0000009B
R                                 00000002
RA0                               00000000
RA1                               00000001
RA2                               00000002
RA3                               00000003
RA4                               00000004
RA5                               00000005
RA6                               00000006
RA7                               00000007
RB0                               00000000
RB1                               00000001
RB2                               00000002
RB3                               00000003
RB4                               00000004
RB5                               00000005
RB6                               00000006
RB7                               00000007
RBIE                              00000003
MPASM  5.51                        MOTOR1.ASM   3-5-2022  20:45:21         PAGE  9


SYMBOL TABLE
  LABEL                             VALUE 

RBIF                              00000000
RC0                               00000000
RC1                               00000001
RC2                               00000002
RC3                               00000003
RC4                               00000004
RC5                               00000005
RC6                               00000006
RC7                               00000007
RC8_9                             00000006
RC9                               00000006
RCD8                              00000000
RCEN                              00000003
RCIDL                             00000006
RCIE                              00000005
RCIF                              00000005
RCREG                             0000001A
RCSTA                             00000018
RD                                00000000
RD0                               00000000
RD1                               00000001
RD2                               00000002
RD3                               00000003
RD4                               00000004
RD5                               00000005
RD6                               00000006
RD7                               00000007
RE0                               00000000
RE1                               00000001
RE2                               00000002
RE3                               00000003
READ_WRITE                        00000002
RET                               0000005C
RE_1                              00000029
RE_2                              00000031
RE_3                              00000039
RE_4                              00000041
RP0                               00000005
RP1                               00000006
RSEN                              00000001
RX9                               00000006
RX9D                              00000000
R_NOT_W                           00000002
R_W                               00000002
S                                 00000003
SBOREN                            00000004
SCKP                              00000004
SCS                               00000000
SEN                               00000000
SENDB                             00000003
SMP                               00000007
SPBRG                             00000099
SPBRGH                            0000009A
MPASM  5.51                        MOTOR1.ASM   3-5-2022  20:45:21         PAGE 10


SYMBOL TABLE
  LABEL                             VALUE 

SPEN                              00000007
SR0                               00000006
SR1                               00000007
SRCON                             00000185
SREN                              00000005
SSPADD                            00000093
SSPBUF                            00000013
SSPCON                            00000014
SSPCON2                           00000091
SSPEN                             00000005
SSPIE                             00000003
SSPIF                             00000003
SSPM0                             00000000
SSPM1                             00000001
SSPM2                             00000002
SSPM3                             00000003
SSPMSK                            00000093
SSPOV                             00000006
SSPSTAT                           00000094
STATUS                            00000003
STRA                              00000000
STRB                              00000001
STRC                              00000002
STRD                              00000003
STRSYNC                           00000004
SWDTEN                            00000000
SYNC                              00000004
T0CS                              00000005
T0IE                              00000005
T0IF                              00000002
T0SE                              00000004
T1CKPS0                           00000004
T1CKPS1                           00000005
T1CON                             00000010
T1GINV                            00000007
T1GIV                             00000007
T1GSS                             00000001
T1INSYNC                          00000002
T1OSCEN                           00000003
T1SYNC                            00000002
T2CKPS0                           00000000
T2CKPS1                           00000001
T2CON                             00000012
TMR0                              00000001
TMR0IE                            00000005
TMR0IF                            00000002
TMR1                              0000000E
TMR1CS                            00000001
TMR1GE                            00000006
TMR1H                             0000000F
TMR1IE                            00000000
TMR1IF                            00000000
TMR1L                             0000000E
MPASM  5.51                        MOTOR1.ASM   3-5-2022  20:45:21         PAGE 11


SYMBOL TABLE
  LABEL                             VALUE 

TMR1ON                            00000000
TMR2                              00000011
TMR2IE                            00000001
TMR2IF                            00000001
TMR2ON                            00000002
TOUTPS0                           00000003
TOUTPS1                           00000004
TOUTPS2                           00000005
TOUTPS3                           00000006
TRISA                             00000085
TRISA0                            00000000
TRISA1                            00000001
TRISA2                            00000002
TRISA3                            00000003
TRISA4                            00000004
TRISA5                            00000005
TRISA6                            00000006
TRISA7                            00000007
TRISB                             00000086
TRISB0                            00000000
TRISB1                            00000001
TRISB2                            00000002
TRISB3                            00000003
TRISB4                            00000004
TRISB5                            00000005
TRISB6                            00000006
TRISB7                            00000007
TRISC                             00000087
TRISC0                            00000000
TRISC1                            00000001
TRISC2                            00000002
TRISC3                            00000003
TRISC4                            00000004
TRISC5                            00000005
TRISC6                            00000006
TRISC7                            00000007
TRISD                             00000088
TRISD0                            00000000
TRISD1                            00000001
TRISD2                            00000002
TRISD3                            00000003
TRISD4                            00000004
TRISD5                            00000005
TRISD6                            00000006
TRISD7                            00000007
TRISE                             00000089
TRISE0                            00000000
TRISE1                            00000001
TRISE2                            00000002
TRISE3                            00000003
TRMT                              00000001
TUN0                              00000000
TUN1                              00000001
MPASM  5.51                        MOTOR1.ASM   3-5-2022  20:45:21         PAGE 12


SYMBOL TABLE
  LABEL                             VALUE 

TUN2                              00000002
TUN3                              00000003
TUN4                              00000004
TX8_9                             00000006
TX9                               00000006
TX9D                              00000000
TXD8                              00000000
TXEN                              00000005
TXIE                              00000004
TXIF                              00000004
TXREG                             00000019
TXSTA                             00000098
UA                                00000001
ULPWUE                            00000005
ULPWUIE                           00000002
ULPWUIF                           00000002
VA                                00000023
VB                                00000024
VC                                00000025
VCFG0                             00000004
VCFG1                             00000005
VR0                               00000000
VR1                               00000001
VR2                               00000002
VR3                               00000003
VRCON                             00000097
VREN                              00000007
VROE                              00000006
VRR                               00000005
VRSS                              00000004
W                                 00000000
WCOL                              00000007
WDTCON                            00000105
WDTPS0                            00000001
WDTPS1                            00000002
WDTPS2                            00000003
WDTPS3                            00000004
WM                                00000022
WPUB                              00000095
WPUB0                             00000000
WPUB1                             00000001
WPUB2                             00000002
WPUB3                             00000003
WPUB4                             00000004
WPUB5                             00000005
WPUB6                             00000006
WPUB7                             00000007
WR                                00000001
WREN                              00000002
WRERR                             00000003
WUE                               00000001
W_16                              00000032
W_32                              0000002A
MPASM  5.51                        MOTOR1.ASM   3-5-2022  20:45:21         PAGE 13


SYMBOL TABLE
  LABEL                             VALUE 

W_4                               0000003A
W_64                              00000022
Z                                 00000002
_BOR21V                           00003EFF
_BOR40V                           00003FFF
_BOR4V_BOR21V                     00003EFF
_BOR4V_BOR40V                     00003FFF
_BOREN_NSLEEP                     00003EFF
_BOREN_OFF                        00003CFF
_BOREN_ON                         00003FFF
_BOREN_SBODEN                     00003DFF
_BOR_NSLEEP                       00003EFF
_BOR_OFF                          00003CFF
_BOR_ON                           00003FFF
_BOR_SBODEN                       00003DFF
_CONFIG1                          00002007
_CONFIG2                          00002008
_CPD_OFF                          00003FFF
_CPD_ON                           00003F7F
_CP_OFF                           00003FFF
_CP_ON                            00003FBF
_DEBUG_OFF                        00003FFF
_DEBUG_ON                         00001FFF
_DEVID1                           00002006
_EC_OSC                           00003FFB
_EXTRC                            00003FFF
_EXTRCIO                          00003FFE
_EXTRC_OSC_CLKOUT                 00003FFF
_EXTRC_OSC_NOCLKOUT               00003FFE
_FCMEN_OFF                        000037FF
_FCMEN_ON                         00003FFF
_FOSC_EC                          00003FFB
_FOSC_EXTRC_CLKOUT                00003FFF
_FOSC_EXTRC_NOCLKOUT              00003FFE
_FOSC_HS                          00003FFA
_FOSC_INTRC_CLKOUT                00003FFD
_FOSC_INTRC_NOCLKOUT              00003FFC
_FOSC_LP                          00003FF8
_FOSC_XT                          00003FF9
_HS_OSC                           00003FFA
_IDLOC0                           00002000
_IDLOC1                           00002001
_IDLOC2                           00002002
_IDLOC3                           00002003
_IESO_OFF                         00003BFF
_IESO_ON                          00003FFF
_INTOSC                           00003FFD
_INTOSCIO                         00003FFC
_INTRC_OSC_CLKOUT                 00003FFD
_INTRC_OSC_NOCLKOUT               00003FFC
_LP_OSC                           00003FF8
_LVP_OFF                          00002FFF
_LVP_ON                           00003FFF
MPASM  5.51                        MOTOR1.ASM   3-5-2022  20:45:21         PAGE 14


SYMBOL TABLE
  LABEL                             VALUE 

_MCLRE_OFF                        00003FDF
_MCLRE_ON                         00003FFF
_PWRTE_OFF                        00003FFF
_PWRTE_ON                         00003FEF
_WDTE_OFF                         00003FF7
_WDTE_ON                          00003FFF
_WDT_OFF                          00003FF7
_WDT_ON                           00003FFF
_WRT_1FOURTH                      00003BFF
_WRT_256                          00003DFF
_WRT_HALF                         000039FF
_WRT_OFF                          00003FFF
_XT_OSC                           00003FF9
__16F887                          00000001


MEMORY USAGE MAP ('X' = Used,  '-' = Unused)

0000 : XXXXXXXXXXXXXXXX XXXXXXXXXXXXXXXX XXXXXXXXXXXXXXXX XXXXXXXXXXXXXXXX
0040 : XXXXXXXXXXXXXXXX XXXXXXXXXXXXXXXX XXXXXXXXX------- ----------------
2000 : -------XX------- ---------------- ---------------- ----------------

All other memory blocks unused.

Program Memory Words Used:   105
Program Memory Words Free:  8087


Errors   :     0
Warnings :     4 reported,     0 suppressed
Messages :     8 reported,     0 suppressed

